2021-06-11 20:52:08,769 - INFO - Successfully Loaded URL -->  https://www.morningstar.co.uk/uk/funds/snapshot/snapshot.aspx?id=F00000V7B5&tab=3
2021-06-11 20:52:22,598 - WARNING - Active Share Percent not available for -->  F00000V7B5
2021-06-11 20:52:27,255 - INFO - Detailes Scrapped Successfully for -->  F00000V7B5
2021-06-11 20:52:35,004 - INFO - Successfully Loaded URL -->  https://www.morningstar.co.uk/uk/funds/snapshot/snapshot.aspx?id=F00000XQDE&tab=3
2021-06-11 20:52:50,172 - INFO - Detailes Scrapped Successfully for -->  F00000XQDE
2021-06-11 20:52:57,181 - INFO - Successfully Loaded URL -->  https://www.morningstar.co.uk/uk/funds/snapshot/snapshot.aspx?id=F00000YEFI&tab=3
2021-06-11 20:53:11,740 - INFO - Detailes Scrapped Successfully for -->  F00000YEFI
2021-06-11 20:53:18,951 - INFO - Successfully Loaded URL -->  https://www.morningstar.co.uk/uk/funds/snapshot/snapshot.aspx?id=F00000OOAS&tab=3
2021-06-11 20:53:32,492 - WARNING - Active Share Percent not available for -->  F00000OOAS
2021-06-11 20:53:37,618 - INFO - Detailes Scrapped Successfully for -->  F00000OOAS
2021-06-11 20:53:44,783 - INFO - Successfully Loaded URL -->  https://www.morningstar.co.uk/uk/funds/snapshot/snapshot.aspx?id=F0GBR04CPU&tab=3
2021-06-11 20:53:58,171 - WARNING - Active Share Percent not available for -->  F0GBR04CPU
2021-06-11 20:54:03,433 - INFO - Detailes Scrapped Successfully for -->  F0GBR04CPU
2021-06-11 20:54:10,551 - INFO - Successfully Loaded URL -->  https://www.morningstar.co.uk/uk/funds/snapshot/snapshot.aspx?id=F00000OOAW&tab=3
2021-06-11 20:54:24,133 - WARNING - Active Share Percent not available for -->  F00000OOAW
2021-06-11 20:54:29,237 - INFO - Detailes Scrapped Successfully for -->  F00000OOAW
2021-06-11 20:54:37,090 - INFO - Successfully Loaded URL -->  https://www.morningstar.co.uk/uk/funds/snapshot/snapshot.aspx?id=F0GBR04CPY&tab=3
2021-06-11 20:54:50,641 - WARNING - Active Share Percent not available for -->  F0GBR04CPY
2021-06-11 20:54:55,656 - INFO - Detailes Scrapped Successfully for -->  F0GBR04CPY
2021-06-11 20:55:02,985 - INFO - Successfully Loaded URL -->  https://www.morningstar.co.uk/uk/funds/snapshot/snapshot.aspx?id=F00000OOAU&tab=3
2021-06-11 20:55:17,403 - WARNING - Active Share Percent not available for -->  F00000OOAU
2021-06-11 20:55:22,628 - INFO - Detailes Scrapped Successfully for -->  F00000OOAU
2021-06-11 20:55:29,925 - INFO - Successfully Loaded URL -->  https://www.morningstar.co.uk/uk/funds/snapshot/snapshot.aspx?id=F0GBR04CPQ&tab=3
2021-06-11 20:55:44,345 - WARNING - Active Share Percent not available for -->  F0GBR04CPQ
2021-06-11 20:55:49,493 - INFO - Detailes Scrapped Successfully for -->  F0GBR04CPQ
2021-06-11 20:55:56,612 - INFO - Successfully Loaded URL -->  https://www.morningstar.co.uk/uk/funds/snapshot/snapshot.aspx?id=F00000OWP8&tab=3
2021-06-11 20:56:10,740 - WARNING - Active Share Percent not available for -->  F00000OWP8
2021-06-11 20:56:15,848 - INFO - Detailes Scrapped Successfully for -->  F00000OWP8
2021-06-11 20:56:24,302 - INFO - Successfully Loaded URL -->  https://www.morningstar.co.uk/uk/funds/snapshot/snapshot.aspx?id=F0GBR04CO3&tab=3
2021-06-11 20:56:38,276 - WARNING - Active Share Percent not available for -->  F0GBR04CO3
2021-06-11 20:56:43,407 - INFO - Detailes Scrapped Successfully for -->  F0GBR04CO3
2021-06-11 20:56:50,426 - INFO - Successfully Loaded URL -->  https://www.morningstar.co.uk/uk/funds/snapshot/snapshot.aspx?id=F00000OWPC&tab=3
2021-06-11 20:57:03,900 - WARNING - Active Share Percent not available for -->  F00000OWPC
2021-06-11 20:57:08,973 - INFO - Detailes Scrapped Successfully for -->  F00000OWPC
2021-06-11 20:57:15,783 - INFO - Successfully Loaded URL -->  https://www.morningstar.co.uk/uk/funds/snapshot/snapshot.aspx?id=F0GBR04COB&tab=3
2021-06-11 20:57:29,661 - WARNING - Active Share Percent not available for -->  F0GBR04COB
2021-06-11 20:57:34,915 - INFO - Detailes Scrapped Successfully for -->  F0GBR04COB
2021-06-11 20:57:41,944 - INFO - Successfully Loaded URL -->  https://www.morningstar.co.uk/uk/funds/snapshot/snapshot.aspx?id=F0GBR06SUW&tab=3
2021-06-11 20:57:55,599 - WARNING - Active Share Percent not available for -->  F0GBR06SUW
2021-06-11 20:58:00,592 - INFO - Detailes Scrapped Successfully for -->  F0GBR06SUW
2021-06-11 20:58:08,759 - INFO - Successfully Loaded URL -->  https://www.morningstar.co.uk/uk/funds/snapshot/snapshot.aspx?id=F00000MA8K&tab=3
2021-06-11 20:58:22,161 - WARNING - Active Share Percent not available for -->  F00000MA8K
2021-06-11 20:58:26,897 - INFO - Detailes Scrapped Successfully for -->  F00000MA8K
2021-06-11 20:58:34,369 - INFO - Successfully Loaded URL -->  https://www.morningstar.co.uk/uk/funds/snapshot/snapshot.aspx?id=F00000MA8M&tab=3
2021-06-11 20:58:48,014 - WARNING - Active Share Percent not available for -->  F00000MA8M
2021-06-11 20:58:52,691 - INFO - Detailes Scrapped Successfully for -->  F00000MA8M
2021-06-11 20:59:01,374 - INFO - Successfully Loaded URL -->  https://www.morningstar.co.uk/uk/funds/snapshot/snapshot.aspx?id=F00000PT2X&tab=3
2021-06-11 20:59:15,257 - WARNING - Active Share Percent not available for -->  F00000PT2X
2021-06-11 20:59:19,928 - INFO - Detailes Scrapped Successfully for -->  F00000PT2X
2021-06-11 20:59:27,947 - INFO - Successfully Loaded URL -->  https://www.morningstar.co.uk/uk/funds/snapshot/snapshot.aspx?id=F00000XUJI&tab=3
2021-06-11 20:59:42,730 - WARNING - Active Share Percent not available for -->  F00000XUJI
2021-06-11 20:59:48,591 - INFO - Detailes Scrapped Successfully for -->  F00000XUJI
2021-06-11 20:59:58,166 - INFO - Successfully Loaded URL -->  https://www.morningstar.co.uk/uk/funds/snapshot/snapshot.aspx?id=F000010P2T&tab=3
2021-06-11 21:00:16,184 - INFO - Detailes Scrapped Successfully for -->  F000010P2T
2021-06-11 21:00:25,004 - INFO - Successfully Loaded URL -->  https://www.morningstar.co.uk/uk/funds/snapshot/snapshot.aspx?id=F0GBR04P5V&tab=3
2021-06-11 21:00:43,198 - INFO - Detailes Scrapped Successfully for -->  F0GBR04P5V
2021-06-11 21:00:54,326 - INFO - Successfully Loaded URL -->  https://www.morningstar.co.uk/uk/funds/snapshot/snapshot.aspx?id=F000005F14&tab=3
2021-06-11 21:01:11,452 - INFO - Detailes Scrapped Successfully for -->  F000005F14
2021-06-11 21:01:20,154 - INFO - Successfully Loaded URL -->  https://www.morningstar.co.uk/uk/funds/snapshot/snapshot.aspx?id=F00000SVFV&tab=3
2021-06-11 21:01:37,271 - INFO - Detailes Scrapped Successfully for -->  F00000SVFV
2021-06-11 21:01:45,591 - INFO - Successfully Loaded URL -->  https://www.morningstar.co.uk/uk/funds/snapshot/snapshot.aspx?id=F00000P0VI&tab=3
2021-06-11 21:02:04,298 - INFO - Detailes Scrapped Successfully for -->  F00000P0VI
2021-06-11 21:02:12,373 - INFO - Successfully Loaded URL -->  https://www.morningstar.co.uk/uk/funds/snapshot/snapshot.aspx?id=F0GBR04P5W&tab=3
2021-06-11 21:02:31,162 - INFO - Detailes Scrapped Successfully for -->  F0GBR04P5W
2021-06-11 21:02:39,888 - INFO - Successfully Loaded URL -->  https://www.morningstar.co.uk/uk/funds/snapshot/snapshot.aspx?id=F00000SVD5&tab=3
2021-06-11 21:02:57,210 - INFO - Detailes Scrapped Successfully for -->  F00000SVD5
2021-06-11 21:03:06,431 - INFO - Successfully Loaded URL -->  https://www.morningstar.co.uk/uk/funds/snapshot/snapshot.aspx?id=F00000P0VF&tab=3
2021-06-11 21:03:23,853 - INFO - Detailes Scrapped Successfully for -->  F00000P0VF
2021-06-11 21:03:33,459 - INFO - Successfully Loaded URL -->  https://www.morningstar.co.uk/uk/funds/snapshot/snapshot.aspx?id=F0GBR06IWJ&tab=3
2021-06-11 21:03:50,807 - INFO - Detailes Scrapped Successfully for -->  F0GBR06IWJ
2021-06-11 21:03:59,516 - INFO - Successfully Loaded URL -->  https://www.morningstar.co.uk/uk/funds/snapshot/snapshot.aspx?id=F00000XAQM&tab=3
2021-06-11 21:04:16,433 - INFO - Detailes Scrapped Successfully for -->  F00000XAQM
2021-06-11 21:04:24,284 - INFO - Successfully Loaded URL -->  https://www.morningstar.co.uk/uk/funds/snapshot/snapshot.aspx?id=F00000XAQO&tab=3
2021-06-11 21:04:42,439 - INFO - Detailes Scrapped Successfully for -->  F00000XAQO
2021-06-11 21:04:50,028 - INFO - Successfully Loaded URL -->  https://www.morningstar.co.uk/uk/funds/snapshot/snapshot.aspx?id=F0000020ID&tab=3
2021-06-11 21:05:08,341 - INFO - Detailes Scrapped Successfully for -->  F0000020ID
2021-06-11 21:05:16,955 - INFO - Successfully Loaded URL -->  https://www.morningstar.co.uk/uk/funds/snapshot/snapshot.aspx?id=F0GBR04RX5&tab=3
2021-06-11 21:05:35,472 - INFO - Detailes Scrapped Successfully for -->  F0GBR04RX5
2021-06-11 21:05:43,778 - INFO - Successfully Loaded URL -->  https://www.morningstar.co.uk/uk/funds/snapshot/snapshot.aspx?id=F00000SVE1&tab=3
2021-06-11 21:06:01,406 - INFO - Detailes Scrapped Successfully for -->  F00000SVE1
2021-06-11 21:06:09,543 - INFO - Successfully Loaded URL -->  https://www.morningstar.co.uk/uk/funds/snapshot/snapshot.aspx?id=F00000P0VG&tab=3
2021-06-11 21:06:27,211 - INFO - Detailes Scrapped Successfully for -->  F00000P0VG
2021-06-11 21:06:36,968 - INFO - Successfully Loaded URL -->  https://www.morningstar.co.uk/uk/funds/snapshot/snapshot.aspx?id=F0GBR04RX6&tab=3
2021-06-11 21:06:54,662 - INFO - Detailes Scrapped Successfully for -->  F0GBR04RX6
2021-06-11 21:07:03,579 - INFO - Successfully Loaded URL -->  https://www.morningstar.co.uk/uk/funds/snapshot/snapshot.aspx?id=F0000020IB&tab=3
2021-06-11 21:07:21,283 - INFO - Detailes Scrapped Successfully for -->  F0000020IB
2021-06-11 21:07:29,948 - INFO - Successfully Loaded URL -->  https://www.morningstar.co.uk/uk/funds/snapshot/snapshot.aspx?id=F00000SVFX&tab=3
2021-06-11 21:07:48,203 - INFO - Detailes Scrapped Successfully for -->  F00000SVFX
2021-06-11 21:07:56,570 - INFO - Successfully Loaded URL -->  https://www.morningstar.co.uk/uk/funds/snapshot/snapshot.aspx?id=F00000P0VO&tab=3
2021-06-11 21:08:14,209 - INFO - Detailes Scrapped Successfully for -->  F00000P0VO
2021-06-11 21:08:23,403 - INFO - Successfully Loaded URL -->  https://www.morningstar.co.uk/uk/funds/snapshot/snapshot.aspx?id=F0GBR04DEW&tab=3
2021-06-11 21:08:40,912 - INFO - Detailes Scrapped Successfully for -->  F0GBR04DEW
2021-06-11 21:08:49,216 - INFO - Successfully Loaded URL -->  https://www.morningstar.co.uk/uk/funds/snapshot/snapshot.aspx?id=F0000023ND&tab=3
2021-06-11 21:09:06,563 - INFO - Detailes Scrapped Successfully for -->  F0000023ND
2021-06-11 21:09:15,947 - INFO - Successfully Loaded URL -->  https://www.morningstar.co.uk/uk/funds/snapshot/snapshot.aspx?id=F00000SVGQ&tab=3
2021-06-11 21:09:34,351 - INFO - Detailes Scrapped Successfully for -->  F00000SVGQ
2021-06-11 21:09:43,247 - INFO - Successfully Loaded URL -->  https://www.morningstar.co.uk/uk/funds/snapshot/snapshot.aspx?id=F00000P0VM&tab=3
2021-06-11 21:10:00,968 - INFO - Detailes Scrapped Successfully for -->  F00000P0VM
2021-06-11 21:10:09,386 - INFO - Successfully Loaded URL -->  https://www.morningstar.co.uk/uk/funds/snapshot/snapshot.aspx?id=F0GBR04DEY&tab=3
2021-06-11 21:10:24,433 - WARNING - Active Share Percent not available for -->  F0GBR04DEY
2021-06-11 21:10:31,293 - INFO - Detailes Scrapped Successfully for -->  F0GBR04DEY
2021-06-11 21:10:39,103 - INFO - Successfully Loaded URL -->  https://www.morningstar.co.uk/uk/funds/snapshot/snapshot.aspx?id=F000005F1I&tab=3
2021-06-11 21:10:54,665 - WARNING - Active Share Percent not available for -->  F000005F1I
2021-06-11 21:11:01,462 - INFO - Detailes Scrapped Successfully for -->  F000005F1I
2021-06-11 21:11:10,410 - INFO - Successfully Loaded URL -->  https://www.morningstar.co.uk/uk/funds/snapshot/snapshot.aspx?id=F00000SVGS&tab=3
2021-06-11 21:11:25,595 - WARNING - Active Share Percent not available for -->  F00000SVGS
2021-06-11 21:11:32,278 - INFO - Detailes Scrapped Successfully for -->  F00000SVGS
2021-06-11 21:11:41,326 - INFO - Successfully Loaded URL -->  https://www.morningstar.co.uk/uk/funds/snapshot/snapshot.aspx?id=F00000P0VD&tab=3
2021-06-11 21:11:56,320 - WARNING - Active Share Percent not available for -->  F00000P0VD
2021-06-11 21:12:03,127 - INFO - Detailes Scrapped Successfully for -->  F00000P0VD
2021-06-11 21:12:15,949 - INFO - Successfully Loaded URL -->  https://www.morningstar.co.uk/uk/funds/snapshot/snapshot.aspx?id=F00000OJM3&tab=3
2021-06-11 21:12:31,397 - WARNING - Active Share Percent not available for -->  F00000OJM3
2021-06-11 21:12:38,235 - INFO - Detailes Scrapped Successfully for -->  F00000OJM3
2021-06-11 21:12:47,000 - INFO - Successfully Loaded URL -->  https://www.morningstar.co.uk/uk/funds/snapshot/snapshot.aspx?id=F00000OJM4&tab=3
2021-06-11 21:13:03,610 - WARNING - Active Share Percent not available for -->  F00000OJM4
2021-06-11 21:13:10,193 - INFO - Detailes Scrapped Successfully for -->  F00000OJM4
2021-06-11 21:13:19,175 - INFO - Successfully Loaded URL -->  https://www.morningstar.co.uk/uk/funds/snapshot/snapshot.aspx?id=F00000P25J&tab=3
2021-06-11 21:13:34,860 - WARNING - Active Share Percent not available for -->  F00000P25J
2021-06-11 21:13:41,523 - INFO - Detailes Scrapped Successfully for -->  F00000P25J
2021-06-11 21:13:49,335 - INFO - Successfully Loaded URL -->  https://www.morningstar.co.uk/uk/funds/snapshot/snapshot.aspx?id=F00000OJM5&tab=3
2021-06-11 21:14:03,153 - WARNING - Active Share Percent not available for -->  F00000OJM5
2021-06-11 21:14:08,680 - INFO - Detailes Scrapped Successfully for -->  F00000OJM5
2021-06-11 21:14:16,472 - INFO - Successfully Loaded URL -->  https://www.morningstar.co.uk/uk/funds/snapshot/snapshot.aspx?id=F00000QJ55&tab=3
2021-06-11 21:14:30,131 - WARNING - Active Share Percent not available for -->  F00000QJ55
2021-06-11 21:14:36,873 - INFO - Detailes Scrapped Successfully for -->  F00000QJ55
2021-06-11 21:14:45,128 - INFO - Successfully Loaded URL -->  https://www.morningstar.co.uk/uk/funds/snapshot/snapshot.aspx?id=F00000QJ56&tab=3
2021-06-11 21:15:00,089 - WARNING - Active Share Percent not available for -->  F00000QJ56
2021-06-11 21:15:06,540 - INFO - Detailes Scrapped Successfully for -->  F00000QJ56
2021-06-11 21:15:14,753 - INFO - Successfully Loaded URL -->  https://www.morningstar.co.uk/uk/funds/snapshot/snapshot.aspx?id=F00000QJ57&tab=3
2021-06-11 21:15:30,061 - WARNING - Active Share Percent not available for -->  F00000QJ57
2021-06-11 21:15:36,154 - INFO - Detailes Scrapped Successfully for -->  F00000QJ57
2021-06-11 21:15:45,343 - INFO - Successfully Loaded URL -->  https://www.morningstar.co.uk/uk/funds/snapshot/snapshot.aspx?id=F00000QJ59&tab=3
2021-06-11 21:16:00,234 - WARNING - Active Share Percent not available for -->  F00000QJ59
2021-06-11 21:16:06,395 - INFO - Detailes Scrapped Successfully for -->  F00000QJ59
2021-06-11 21:16:14,193 - INFO - Successfully Loaded URL -->  https://www.morningstar.co.uk/uk/funds/snapshot/snapshot.aspx?id=F00000OJM6&tab=3
2021-06-11 21:16:28,955 - WARNING - Active Share Percent not available for -->  F00000OJM6
2021-06-11 21:16:35,323 - INFO - Detailes Scrapped Successfully for -->  F00000OJM6
2021-06-11 21:16:43,166 - INFO - Successfully Loaded URL -->  https://www.morningstar.co.uk/uk/funds/snapshot/snapshot.aspx?id=F00000OJM7&tab=3
2021-06-11 21:16:58,307 - WARNING - Active Share Percent not available for -->  F00000OJM7
2021-06-11 21:17:04,798 - INFO - Detailes Scrapped Successfully for -->  F00000OJM7
2021-06-11 21:17:13,660 - INFO - Successfully Loaded URL -->  https://www.morningstar.co.uk/uk/funds/snapshot/snapshot.aspx?id=F00000P25K&tab=3
2021-06-11 21:17:28,614 - WARNING - Active Share Percent not available for -->  F00000P25K
2021-06-11 21:17:35,157 - INFO - Detailes Scrapped Successfully for -->  F00000P25K
2021-06-11 21:17:43,262 - INFO - Successfully Loaded URL -->  https://www.morningstar.co.uk/uk/funds/snapshot/snapshot.aspx?id=F00000OJM8&tab=3
2021-06-11 21:17:58,425 - WARNING - Active Share Percent not available for -->  F00000OJM8
2021-06-11 21:18:05,160 - INFO - Detailes Scrapped Successfully for -->  F00000OJM8
2021-06-11 21:18:13,079 - INFO - Successfully Loaded URL -->  https://www.morningstar.co.uk/uk/funds/snapshot/snapshot.aspx?id=F00000JWFU&tab=3
2021-06-11 21:18:28,232 - WARNING - Active Share Percent not available for -->  F00000JWFU
2021-06-11 21:18:35,049 - INFO - Detailes Scrapped Successfully for -->  F00000JWFU
2021-06-11 21:18:43,438 - INFO - Successfully Loaded URL -->  https://www.morningstar.co.uk/uk/funds/snapshot/snapshot.aspx?id=F00000OJS3&tab=3
2021-06-11 21:18:58,581 - WARNING - Active Share Percent not available for -->  F00000OJS3
2021-06-11 21:19:05,402 - INFO - Detailes Scrapped Successfully for -->  F00000OJS3
2021-06-11 21:19:14,924 - INFO - Successfully Loaded URL -->  https://www.morningstar.co.uk/uk/funds/snapshot/snapshot.aspx?id=F00000UEXJ&tab=3
2021-06-11 21:19:30,493 - WARNING - Active Share Percent not available for -->  F00000UEXJ
2021-06-11 21:19:36,385 - INFO - Detailes Scrapped Successfully for -->  F00000UEXJ
2021-06-11 21:19:45,708 - INFO - Successfully Loaded URL -->  https://www.morningstar.co.uk/uk/funds/snapshot/snapshot.aspx?id=F0GBR06K5N&tab=3
2021-06-11 21:20:01,212 - WARNING - Active Share Percent not available for -->  F0GBR06K5N
2021-06-11 21:20:08,421 - INFO - Detailes Scrapped Successfully for -->  F0GBR06K5N
2021-06-11 21:20:16,659 - INFO - Successfully Loaded URL -->  https://www.morningstar.co.uk/uk/funds/snapshot/snapshot.aspx?id=F00000NOT6&tab=3
2021-06-11 21:20:32,147 - WARNING - Active Share Percent not available for -->  F00000NOT6
2021-06-11 21:20:38,897 - INFO - Detailes Scrapped Successfully for -->  F00000NOT6
2021-06-11 21:20:47,814 - INFO - Successfully Loaded URL -->  https://www.morningstar.co.uk/uk/funds/snapshot/snapshot.aspx?id=F00000YXWR&tab=3
2021-06-11 21:21:02,932 - WARNING - Active Share Percent not available for -->  F00000YXWR
2021-06-11 21:21:09,670 - INFO - Detailes Scrapped Successfully for -->  F00000YXWR
2021-06-11 21:21:18,070 - INFO - Successfully Loaded URL -->  https://www.morningstar.co.uk/uk/funds/snapshot/snapshot.aspx?id=F0GBR05KL3&tab=3
2021-06-11 21:21:31,753 - WARNING - Active Share Percent not available for -->  F0GBR05KL3
2021-06-11 21:21:37,029 - INFO - Detailes Scrapped Successfully for -->  F0GBR05KL3
2021-06-11 21:21:44,987 - INFO - Successfully Loaded URL -->  https://www.morningstar.co.uk/uk/funds/snapshot/snapshot.aspx?id=F00000NU98&tab=3
2021-06-11 21:21:58,785 - WARNING - Active Share Percent not available for -->  F00000NU98
2021-06-11 21:22:04,078 - INFO - Detailes Scrapped Successfully for -->  F00000NU98
2021-06-11 21:22:12,448 - INFO - Successfully Loaded URL -->  https://www.morningstar.co.uk/uk/funds/snapshot/snapshot.aspx?id=F0GBR057W2&tab=3
2021-06-11 21:22:26,125 - WARNING - Active Share Percent not available for -->  F0GBR057W2
2021-06-11 21:22:31,446 - INFO - Detailes Scrapped Successfully for -->  F0GBR057W2
2021-06-11 21:22:38,800 - INFO - Successfully Loaded URL -->  https://www.morningstar.co.uk/uk/funds/snapshot/snapshot.aspx?id=F00000461J&tab=3
2021-06-11 21:22:53,251 - INFO - Detailes Scrapped Successfully for -->  F00000461J
2021-06-11 21:23:00,341 - INFO - Successfully Loaded URL -->  https://www.morningstar.co.uk/uk/funds/snapshot/snapshot.aspx?id=F00000461H&tab=3
2021-06-11 21:23:15,146 - INFO - Detailes Scrapped Successfully for -->  F00000461H
2021-06-11 21:23:22,306 - INFO - Successfully Loaded URL -->  https://www.morningstar.co.uk/uk/funds/snapshot/snapshot.aspx?id=F00000QK4R&tab=3
2021-06-11 21:23:37,041 - INFO - Detailes Scrapped Successfully for -->  F00000QK4R
2021-06-11 21:23:44,115 - INFO - Successfully Loaded URL -->  https://www.morningstar.co.uk/uk/funds/snapshot/snapshot.aspx?id=F0GBR06KRP&tab=3
2021-06-11 21:23:58,974 - INFO - Detailes Scrapped Successfully for -->  F0GBR06KRP
2021-06-11 21:24:06,044 - INFO - Successfully Loaded URL -->  https://www.morningstar.co.uk/uk/funds/snapshot/snapshot.aspx?id=F0GBR05RDR&tab=3
2021-06-11 21:24:22,566 - INFO - Detailes Scrapped Successfully for -->  F0GBR05RDR
2021-06-11 21:24:29,465 - INFO - Successfully Loaded URL -->  https://www.morningstar.co.uk/uk/funds/snapshot/snapshot.aspx?id=F00000QK4W&tab=3
2021-06-11 21:24:44,765 - INFO - Detailes Scrapped Successfully for -->  F00000QK4W
2021-06-11 21:24:52,980 - INFO - Successfully Loaded URL -->  https://www.morningstar.co.uk/uk/funds/snapshot/snapshot.aspx?id=F0GBR064N7&tab=3
2021-06-11 21:25:07,952 - INFO - Detailes Scrapped Successfully for -->  F0GBR064N7
2021-06-11 21:25:15,185 - INFO - Successfully Loaded URL -->  https://www.morningstar.co.uk/uk/funds/snapshot/snapshot.aspx?id=F0GBR064N8&tab=3
2021-06-11 21:25:29,771 - INFO - Detailes Scrapped Successfully for -->  F0GBR064N8
2021-06-11 21:25:36,701 - INFO - Successfully Loaded URL -->  https://www.morningstar.co.uk/uk/funds/snapshot/snapshot.aspx?id=F000014OUS&tab=3
2021-06-11 21:25:51,314 - INFO - Detailes Scrapped Successfully for -->  F000014OUS
2021-06-11 21:25:58,471 - INFO - Successfully Loaded URL -->  https://www.morningstar.co.uk/uk/funds/snapshot/snapshot.aspx?id=F00000QK4Q&tab=3
2021-06-11 21:26:13,282 - INFO - Detailes Scrapped Successfully for -->  F00000QK4Q
2021-06-11 21:26:22,494 - INFO - Successfully Loaded URL -->  https://www.morningstar.co.uk/uk/funds/snapshot/snapshot.aspx?id=F000002XXL&tab=3
2021-06-11 21:26:38,403 - INFO - Detailes Scrapped Successfully for -->  F000002XXL
2021-06-11 21:26:46,464 - INFO - Successfully Loaded URL -->  https://www.morningstar.co.uk/uk/funds/snapshot/snapshot.aspx?id=F0GBR06LR6&tab=3
2021-06-11 21:27:01,272 - INFO - Detailes Scrapped Successfully for -->  F0GBR06LR6
2021-06-11 21:27:08,583 - INFO - Successfully Loaded URL -->  https://www.morningstar.co.uk/uk/funds/snapshot/snapshot.aspx?id=F0000008R6&tab=3
2021-06-11 21:27:23,279 - INFO - Detailes Scrapped Successfully for -->  F0000008R6
2021-06-11 21:27:30,697 - INFO - Successfully Loaded URL -->  https://www.morningstar.co.uk/uk/funds/snapshot/snapshot.aspx?id=F0GBR06IV3&tab=3
2021-06-11 21:27:45,452 - INFO - Detailes Scrapped Successfully for -->  F0GBR06IV3
2021-06-11 21:27:53,761 - INFO - Successfully Loaded URL -->  https://www.morningstar.co.uk/uk/funds/snapshot/snapshot.aspx?id=F0000008UQ&tab=3
2021-06-11 21:28:08,546 - INFO - Detailes Scrapped Successfully for -->  F0000008UQ
2021-06-11 21:28:17,209 - INFO - Successfully Loaded URL -->  https://www.morningstar.co.uk/uk/funds/snapshot/snapshot.aspx?id=F0GBR06IV2&tab=3
2021-06-11 21:28:35,190 - INFO - Detailes Scrapped Successfully for -->  F0GBR06IV2
2021-06-11 21:28:43,831 - INFO - Successfully Loaded URL -->  https://www.morningstar.co.uk/uk/funds/snapshot/snapshot.aspx?id=F0GBR04NA1&tab=3
2021-06-11 21:28:59,870 - INFO - Detailes Scrapped Successfully for -->  F0GBR04NA1
2021-06-11 21:29:07,811 - INFO - Successfully Loaded URL -->  https://www.morningstar.co.uk/uk/funds/snapshot/snapshot.aspx?id=F00000MPUP&tab=3
2021-06-11 21:29:22,544 - INFO - Detailes Scrapped Successfully for -->  F00000MPUP
2021-06-11 21:29:29,742 - INFO - Successfully Loaded URL -->  https://www.morningstar.co.uk/uk/funds/snapshot/snapshot.aspx?id=F000013LAW&tab=3
2021-06-11 21:29:47,237 - INFO - Detailes Scrapped Successfully for -->  F000013LAW
2021-06-11 21:29:55,383 - INFO - Successfully Loaded URL -->  https://www.morningstar.co.uk/uk/funds/snapshot/snapshot.aspx?id=F0GBR06NY5&tab=3
2021-06-11 21:30:10,941 - INFO - Detailes Scrapped Successfully for -->  F0GBR06NY5
2021-06-11 21:30:19,602 - INFO - Successfully Loaded URL -->  https://www.morningstar.co.uk/uk/funds/snapshot/snapshot.aspx?id=F00000THLI&tab=3
2021-06-11 21:30:34,413 - INFO - Detailes Scrapped Successfully for -->  F00000THLI
2021-06-11 21:30:43,857 - INFO - Successfully Loaded URL -->  https://www.morningstar.co.uk/uk/funds/snapshot/snapshot.aspx?id=F000013LAX&tab=3
2021-06-11 21:30:59,003 - INFO - Detailes Scrapped Successfully for -->  F000013LAX
2021-06-11 21:31:06,510 - INFO - Successfully Loaded URL -->  https://www.morningstar.co.uk/uk/funds/snapshot/snapshot.aspx?id=F0GBR04SB6&tab=3
2021-06-11 21:31:22,993 - INFO - Detailes Scrapped Successfully for -->  F0GBR04SB6
2021-06-11 21:31:30,990 - INFO - Successfully Loaded URL -->  https://www.morningstar.co.uk/uk/funds/snapshot/snapshot.aspx?id=F0GBR04DDS&tab=3
2021-06-11 21:31:47,386 - WARNING - Active Share Percent not available for -->  F0GBR04DDS
2021-06-11 21:31:54,086 - INFO - Detailes Scrapped Successfully for -->  F0GBR04DDS
2021-06-11 21:32:02,264 - INFO - Successfully Loaded URL -->  https://www.morningstar.co.uk/uk/funds/snapshot/snapshot.aspx?id=F000013LB4&tab=3
2021-06-11 21:32:16,657 - WARNING - Active Share Percent not available for -->  F000013LB4
2021-06-11 21:32:22,023 - INFO - Detailes Scrapped Successfully for -->  F000013LB4
2021-06-11 21:32:29,017 - INFO - Successfully Loaded URL -->  https://www.morningstar.co.uk/uk/funds/snapshot/snapshot.aspx?id=F0GBR04SA6&tab=3
2021-06-11 21:32:42,564 - WARNING - Active Share Percent not available for -->  F0GBR04SA6
2021-06-11 21:32:47,846 - INFO - Detailes Scrapped Successfully for -->  F0GBR04SA6
2021-06-11 21:32:55,305 - INFO - Successfully Loaded URL -->  https://www.morningstar.co.uk/uk/funds/snapshot/snapshot.aspx?id=F0GBR04S4U&tab=3
2021-06-11 21:33:11,105 - WARNING - Active Share Percent not available for -->  F0GBR04S4U
2021-06-11 21:33:17,706 - INFO - Detailes Scrapped Successfully for -->  F0GBR04S4U
2021-06-11 21:33:26,423 - INFO - Successfully Loaded URL -->  https://www.morningstar.co.uk/uk/funds/snapshot/snapshot.aspx?id=F00000OZX9&tab=3
2021-06-11 21:33:40,598 - WARNING - Active Share Percent not available for -->  F00000OZX9
2021-06-11 21:33:46,129 - INFO - Detailes Scrapped Successfully for -->  F00000OZX9
2021-06-11 21:33:53,313 - INFO - Successfully Loaded URL -->  https://www.morningstar.co.uk/uk/funds/snapshot/snapshot.aspx?id=F00000OYE4&tab=3
2021-06-11 21:34:07,944 - WARNING - Active Share Percent not available for -->  F00000OYE4
2021-06-11 21:34:13,572 - INFO - Detailes Scrapped Successfully for -->  F00000OYE4
