2021-06-12 13:11:28,307 - INFO - Successfully Loaded URL -->  https://www.morningstar.co.uk/uk/funds/snapshot/snapshot.aspx?id=F00000V340&tab=3
2021-06-12 13:11:43,928 - INFO - Detailes Scrapped Successfully for -->  F00000V340
2021-06-12 13:11:51,206 - INFO - Successfully Loaded URL -->  https://www.morningstar.co.uk/uk/funds/snapshot/snapshot.aspx?id=F000010646&tab=3
2021-06-12 13:12:05,817 - INFO - Detailes Scrapped Successfully for -->  F000010646
2021-06-12 13:12:12,893 - INFO - Successfully Loaded URL -->  https://www.morningstar.co.uk/uk/funds/snapshot/snapshot.aspx?id=F000010645&tab=3
2021-06-12 13:12:27,594 - INFO - Detailes Scrapped Successfully for -->  F000010645
2021-06-12 13:12:35,387 - INFO - Successfully Loaded URL -->  https://www.morningstar.co.uk/uk/funds/snapshot/snapshot.aspx?id=F00000ZIAF&tab=3
2021-06-12 13:12:50,497 - INFO - Detailes Scrapped Successfully for -->  F00000ZIAF
2021-06-12 13:12:56,911 - INFO - Successfully Loaded URL -->  https://www.morningstar.co.uk/uk/funds/snapshot/snapshot.aspx?id=F00000ZIAE&tab=3
2021-06-12 13:13:11,817 - INFO - Detailes Scrapped Successfully for -->  F00000ZIAE
2021-06-12 13:13:19,204 - INFO - Successfully Loaded URL -->  https://www.morningstar.co.uk/uk/funds/snapshot/snapshot.aspx?id=F00000ZIAH&tab=3
2021-06-12 13:13:33,126 - WARNING - Active Share Percent not available for -->  F00000ZIAH
2021-06-12 13:13:38,690 - INFO - Detailes Scrapped Successfully for -->  F00000ZIAH
2021-06-12 13:13:44,923 - INFO - Successfully Loaded URL -->  https://www.morningstar.co.uk/uk/funds/snapshot/snapshot.aspx?id=F00000ZIAG&tab=3
2021-06-12 13:13:58,007 - WARNING - Active Share Percent not available for -->  F00000ZIAG
2021-06-12 13:14:03,228 - INFO - Detailes Scrapped Successfully for -->  F00000ZIAG
2021-06-12 13:14:09,482 - INFO - Successfully Loaded URL -->  https://www.morningstar.co.uk/uk/funds/snapshot/snapshot.aspx?id=F00000IRPR&tab=3
2021-06-12 13:14:24,138 - INFO - Detailes Scrapped Successfully for -->  F00000IRPR
2021-06-12 13:14:30,977 - INFO - Successfully Loaded URL -->  https://www.morningstar.co.uk/uk/funds/snapshot/snapshot.aspx?id=F0000003BI&tab=3
2021-06-12 13:14:45,527 - INFO - Detailes Scrapped Successfully for -->  F0000003BI
2021-06-12 13:14:52,833 - INFO - Successfully Loaded URL -->  https://www.morningstar.co.uk/uk/funds/snapshot/snapshot.aspx?id=F00000P9GM&tab=3
2021-06-12 13:15:06,902 - INFO - Detailes Scrapped Successfully for -->  F00000P9GM
2021-06-12 13:15:14,207 - INFO - Successfully Loaded URL -->  https://www.morningstar.co.uk/uk/funds/snapshot/snapshot.aspx?id=F000002DGO&tab=3
2021-06-12 13:15:27,761 - INFO - Detailes Scrapped Successfully for -->  F000002DGO
2021-06-12 13:15:34,787 - INFO - Successfully Loaded URL -->  https://www.morningstar.co.uk/uk/funds/snapshot/snapshot.aspx?id=F000003W55&tab=3
2021-06-12 13:15:48,881 - INFO - Detailes Scrapped Successfully for -->  F000003W55
2021-06-12 13:15:55,282 - INFO - Successfully Loaded URL -->  https://www.morningstar.co.uk/uk/funds/snapshot/snapshot.aspx?id=F000003W54&tab=3
2021-06-12 13:16:09,320 - INFO - Detailes Scrapped Successfully for -->  F000003W54
2021-06-12 13:16:16,157 - INFO - Successfully Loaded URL -->  https://www.morningstar.co.uk/uk/funds/snapshot/snapshot.aspx?id=F00001035L&tab=3
2021-06-12 13:16:30,152 - INFO - Detailes Scrapped Successfully for -->  F00001035L
2021-06-12 13:16:37,527 - INFO - Successfully Loaded URL -->  https://www.morningstar.co.uk/uk/funds/snapshot/snapshot.aspx?id=F00000P0JS&tab=3
2021-06-12 13:16:50,499 - WARNING - Active Share Percent not available for -->  F00000P0JS
2021-06-12 13:16:55,543 - INFO - Detailes Scrapped Successfully for -->  F00000P0JS
2021-06-12 13:17:02,879 - INFO - Successfully Loaded URL -->  https://www.morningstar.co.uk/uk/funds/snapshot/snapshot.aspx?id=F00000ZOBC&tab=3
2021-06-12 13:17:16,056 - WARNING - Active Share Percent not available for -->  F00000ZOBC
2021-06-12 13:17:22,003 - INFO - Detailes Scrapped Successfully for -->  F00000ZOBC
2021-06-12 13:17:29,087 - INFO - Successfully Loaded URL -->  https://www.morningstar.co.uk/uk/funds/snapshot/snapshot.aspx?id=F00000P32K&tab=3
2021-06-12 13:17:42,270 - WARNING - Active Share Percent not available for -->  F00000P32K
2021-06-12 13:17:47,491 - INFO - Detailes Scrapped Successfully for -->  F00000P32K
2021-06-12 13:17:54,294 - INFO - Successfully Loaded URL -->  https://www.morningstar.co.uk/uk/funds/snapshot/snapshot.aspx?id=F00000UP39&tab=3
2021-06-12 13:18:09,155 - INFO - Detailes Scrapped Successfully for -->  F00000UP39
2021-06-12 13:18:16,856 - INFO - Successfully Loaded URL -->  https://www.morningstar.co.uk/uk/funds/snapshot/snapshot.aspx?id=F00000Y7LH&tab=3
2021-06-12 13:18:32,513 - INFO - Detailes Scrapped Successfully for -->  F00000Y7LH
2021-06-12 13:18:39,529 - INFO - Successfully Loaded URL -->  https://www.morningstar.co.uk/uk/funds/snapshot/snapshot.aspx?id=F0000102K3&tab=3
2021-06-12 13:18:53,785 - INFO - Detailes Scrapped Successfully for -->  F0000102K3
2021-06-12 13:19:03,560 - INFO - Successfully Loaded URL -->  https://www.morningstar.co.uk/uk/funds/snapshot/snapshot.aspx?id=F000000LLW&tab=3
2021-06-12 13:19:17,597 - WARNING - Active Share Percent not available for -->  F000000LLW
2021-06-12 13:19:23,078 - INFO - Detailes Scrapped Successfully for -->  F000000LLW
2021-06-12 13:19:30,507 - INFO - Successfully Loaded URL -->  https://www.morningstar.co.uk/uk/funds/snapshot/snapshot.aspx?id=F00000VAEP&tab=3
2021-06-12 13:19:43,646 - WARNING - Active Share Percent not available for -->  F00000VAEP
2021-06-12 13:19:48,794 - INFO - Detailes Scrapped Successfully for -->  F00000VAEP
2021-06-12 13:19:55,847 - INFO - Successfully Loaded URL -->  https://www.morningstar.co.uk/uk/funds/snapshot/snapshot.aspx?id=F00000MLW3&tab=3
2021-06-12 13:20:08,992 - WARNING - Active Share Percent not available for -->  F00000MLW3
2021-06-12 13:20:14,199 - INFO - Detailes Scrapped Successfully for -->  F00000MLW3
2021-06-12 13:20:20,541 - INFO - Successfully Loaded URL -->  https://www.morningstar.co.uk/uk/funds/snapshot/snapshot.aspx?id=F0GBR04RP4&tab=3
2021-06-12 13:20:33,573 - WARNING - Active Share Percent not available for -->  F0GBR04RP4
2021-06-12 13:20:38,746 - INFO - Detailes Scrapped Successfully for -->  F0GBR04RP4
2021-06-12 13:20:45,834 - INFO - Successfully Loaded URL -->  https://www.morningstar.co.uk/uk/funds/snapshot/snapshot.aspx?id=F00000OCZS&tab=3
2021-06-12 13:20:59,021 - WARNING - Active Share Percent not available for -->  F00000OCZS
2021-06-12 13:21:04,253 - INFO - Detailes Scrapped Successfully for -->  F00000OCZS
2021-06-12 13:21:10,576 - INFO - Successfully Loaded URL -->  https://www.morningstar.co.uk/uk/funds/snapshot/snapshot.aspx?id=F00000T2LI&tab=3
2021-06-12 13:21:23,888 - WARNING - Active Share Percent not available for -->  F00000T2LI
2021-06-12 13:21:28,951 - INFO - Detailes Scrapped Successfully for -->  F00000T2LI
2021-06-12 13:21:36,358 - INFO - Successfully Loaded URL -->  https://www.morningstar.co.uk/uk/funds/snapshot/snapshot.aspx?id=F00000ZNUH&tab=3
2021-06-12 13:21:49,467 - WARNING - Active Share Percent not available for -->  F00000ZNUH
2021-06-12 13:21:54,707 - INFO - Detailes Scrapped Successfully for -->  F00000ZNUH
2021-06-12 13:22:01,773 - INFO - Successfully Loaded URL -->  https://www.morningstar.co.uk/uk/funds/snapshot/snapshot.aspx?id=F00000PBNN&tab=3
2021-06-12 13:22:15,057 - WARNING - Active Share Percent not available for -->  F00000PBNN
2021-06-12 13:22:20,171 - INFO - Detailes Scrapped Successfully for -->  F00000PBNN
2021-06-12 13:22:29,290 - INFO - Successfully Loaded URL -->  https://www.morningstar.co.uk/uk/funds/snapshot/snapshot.aspx?id=F000000FES&tab=3
2021-06-12 13:22:42,590 - WARNING - Active Share Percent not available for -->  F000000FES
2021-06-12 13:22:47,788 - INFO - Detailes Scrapped Successfully for -->  F000000FES
2021-06-12 13:22:54,959 - INFO - Successfully Loaded URL -->  https://www.morningstar.co.uk/uk/funds/snapshot/snapshot.aspx?id=F00000VEYN&tab=3
2021-06-12 13:23:08,909 - INFO - Detailes Scrapped Successfully for -->  F00000VEYN
2021-06-12 13:23:15,467 - INFO - Successfully Loaded URL -->  https://www.morningstar.co.uk/uk/funds/snapshot/snapshot.aspx?id=F00000VEYO&tab=3
2021-06-12 13:23:29,804 - INFO - Detailes Scrapped Successfully for -->  F00000VEYO
2021-06-12 13:23:36,193 - INFO - Successfully Loaded URL -->  https://www.morningstar.co.uk/uk/funds/snapshot/snapshot.aspx?id=F00000VDTF&tab=3
2021-06-12 13:23:50,754 - INFO - Detailes Scrapped Successfully for -->  F00000VDTF
2021-06-12 13:23:57,142 - INFO - Successfully Loaded URL -->  https://www.morningstar.co.uk/uk/funds/snapshot/snapshot.aspx?id=F000010QFY&tab=3
2021-06-12 13:24:11,676 - INFO - Detailes Scrapped Successfully for -->  F000010QFY
2021-06-12 13:24:15,789 - INFO - Successfully Loaded URL -->  https://www.morningstar.co.uk/uk/funds/snapshot/snapshot.aspx?id=F00000WEPE&tab=3
2021-06-12 13:24:19,854 - INFO - No Dialog to Handle
2021-06-12 13:24:31,005 - INFO - Successfully Loaded URL -->  https://www.morningstar.co.uk/uk/funds/snapshot/snapshot.aspx?id=F00000WEPE&tab=3
2021-06-12 13:24:31,005 - INFO - No Dialog to handle for ---> F00000WEPE
2021-06-12 13:24:38,161 - INFO - Successfully Loaded URL -->  https://www.morningstar.co.uk/uk/funds/snapshot/snapshot.aspx?id=F00000WEPE&tab=3
2021-06-12 13:24:42,225 - INFO - No Dialog to handle for ---> F00000WEPE
2021-06-12 13:24:50,291 - CRITICAL - Issue with URL, Cannot Switch to Iframe Portfolio --> F00000WEPE
2021-06-12 13:24:56,431 - INFO - Successfully Loaded URL -->  https://www.morningstar.co.uk/uk/funds/snapshot/snapshot.aspx?id=F0GBR04RO4&tab=3
2021-06-12 13:25:09,362 - WARNING - Active Share Percent not available for -->  F0GBR04RO4
2021-06-12 13:25:14,606 - INFO - Detailes Scrapped Successfully for -->  F0GBR04RO4
2021-06-12 13:25:21,915 - INFO - Successfully Loaded URL -->  https://www.morningstar.co.uk/uk/funds/snapshot/snapshot.aspx?id=F0GBR066C7&tab=3
2021-06-12 13:25:35,257 - WARNING - Active Share Percent not available for -->  F0GBR066C7
2021-06-12 13:25:40,529 - INFO - Detailes Scrapped Successfully for -->  F0GBR066C7
2021-06-12 13:25:46,881 - INFO - Successfully Loaded URL -->  https://www.morningstar.co.uk/uk/funds/snapshot/snapshot.aspx?id=F00000QJP1&tab=3
2021-06-12 13:26:00,435 - WARNING - Active Share Percent not available for -->  F00000QJP1
2021-06-12 13:26:05,643 - INFO - Detailes Scrapped Successfully for -->  F00000QJP1
2021-06-12 13:26:12,130 - INFO - Successfully Loaded URL -->  https://www.morningstar.co.uk/uk/funds/snapshot/snapshot.aspx?id=F00000PBNQ&tab=3
2021-06-12 13:26:25,508 - WARNING - Active Share Percent not available for -->  F00000PBNQ
2021-06-12 13:26:30,778 - INFO - Detailes Scrapped Successfully for -->  F00000PBNQ
2021-06-12 13:26:37,065 - INFO - Successfully Loaded URL -->  https://www.morningstar.co.uk/uk/funds/snapshot/snapshot.aspx?id=F000000IN6&tab=3
2021-06-12 13:26:50,029 - WARNING - Active Share Percent not available for -->  F000000IN6
2021-06-12 13:26:55,156 - INFO - Detailes Scrapped Successfully for -->  F000000IN6
2021-06-12 13:27:03,016 - INFO - Successfully Loaded URL -->  https://www.morningstar.co.uk/uk/funds/snapshot/snapshot.aspx?id=F000010CFW&tab=3
2021-06-12 13:27:18,170 - INFO - Detailes Scrapped Successfully for -->  F000010CFW
2021-06-12 13:27:24,571 - INFO - Successfully Loaded URL -->  https://www.morningstar.co.uk/uk/funds/snapshot/snapshot.aspx?id=F00000MJSA&tab=3
2021-06-12 13:27:38,974 - INFO - Detailes Scrapped Successfully for -->  F00000MJSA
2021-06-12 13:27:45,251 - INFO - Successfully Loaded URL -->  https://www.morningstar.co.uk/uk/funds/snapshot/snapshot.aspx?id=F00000LWU4&tab=3
2021-06-12 13:27:59,549 - INFO - Detailes Scrapped Successfully for -->  F00000LWU4
2021-06-12 13:28:05,840 - INFO - Successfully Loaded URL -->  https://www.morningstar.co.uk/uk/funds/snapshot/snapshot.aspx?id=F000000LRY&tab=3
2021-06-12 13:28:22,011 - INFO - Detailes Scrapped Successfully for -->  F000000LRY
2021-06-12 13:28:28,167 - INFO - Successfully Loaded URL -->  https://www.morningstar.co.uk/uk/funds/snapshot/snapshot.aspx?id=F000000LRX&tab=3
2021-06-12 13:28:42,639 - INFO - Detailes Scrapped Successfully for -->  F000000LRX
2021-06-12 13:28:48,800 - INFO - Successfully Loaded URL -->  https://www.morningstar.co.uk/uk/funds/snapshot/snapshot.aspx?id=F00000LY20&tab=3
2021-06-12 13:29:03,194 - INFO - Detailes Scrapped Successfully for -->  F00000LY20
2021-06-12 13:29:09,454 - INFO - Successfully Loaded URL -->  https://www.morningstar.co.uk/uk/funds/snapshot/snapshot.aspx?id=F00000Q5I5&tab=3
2021-06-12 13:29:23,329 - INFO - Detailes Scrapped Successfully for -->  F00000Q5I5
2021-06-12 13:29:29,662 - INFO - Successfully Loaded URL -->  https://www.morningstar.co.uk/uk/funds/snapshot/snapshot.aspx?id=F0000003OY&tab=3
2021-06-12 13:29:44,330 - INFO - Detailes Scrapped Successfully for -->  F0000003OY
2021-06-12 13:29:51,407 - INFO - Successfully Loaded URL -->  https://www.morningstar.co.uk/uk/funds/snapshot/snapshot.aspx?id=F0000023DN&tab=3
2021-06-12 13:30:06,274 - INFO - Detailes Scrapped Successfully for -->  F0000023DN
2021-06-12 13:30:13,460 - INFO - Successfully Loaded URL -->  https://www.morningstar.co.uk/uk/funds/snapshot/snapshot.aspx?id=F00000WYQ6&tab=3
2021-06-12 13:30:28,108 - INFO - Detailes Scrapped Successfully for -->  F00000WYQ6
2021-06-12 13:30:34,930 - INFO - Successfully Loaded URL -->  https://www.morningstar.co.uk/uk/funds/snapshot/snapshot.aspx?id=F00000ZSIC&tab=3
2021-06-12 13:30:49,848 - INFO - Detailes Scrapped Successfully for -->  F00000ZSIC
2021-06-12 13:30:56,296 - INFO - Successfully Loaded URL -->  https://www.morningstar.co.uk/uk/funds/snapshot/snapshot.aspx?id=F00000NGBP&tab=3
2021-06-12 13:31:09,418 - WARNING - Active Share Percent not available for -->  F00000NGBP
2021-06-12 13:31:14,732 - INFO - Detailes Scrapped Successfully for -->  F00000NGBP
2021-06-12 13:31:22,767 - INFO - Successfully Loaded URL -->  https://www.morningstar.co.uk/uk/funds/snapshot/snapshot.aspx?id=F0GBR04C33&tab=3
2021-06-12 13:31:35,926 - WARNING - Active Share Percent not available for -->  F0GBR04C33
2021-06-12 13:31:40,932 - INFO - Detailes Scrapped Successfully for -->  F0GBR04C33
2021-06-12 13:31:49,362 - INFO - Successfully Loaded URL -->  https://www.morningstar.co.uk/uk/funds/snapshot/snapshot.aspx?id=F00000NDUO&tab=3
2021-06-12 13:32:02,295 - WARNING - Active Share Percent not available for -->  F00000NDUO
2021-06-12 13:32:07,430 - INFO - Detailes Scrapped Successfully for -->  F00000NDUO
2021-06-12 13:32:13,991 - INFO - Successfully Loaded URL -->  https://www.morningstar.co.uk/uk/funds/snapshot/snapshot.aspx?id=F00000NDUQ&tab=3
2021-06-12 13:32:27,102 - WARNING - Active Share Percent not available for -->  F00000NDUQ
2021-06-12 13:32:32,234 - INFO - Detailes Scrapped Successfully for -->  F00000NDUQ
2021-06-12 13:32:38,989 - INFO - Successfully Loaded URL -->  https://www.morningstar.co.uk/uk/funds/snapshot/snapshot.aspx?id=F00000NDUS&tab=3
2021-06-12 13:32:52,079 - WARNING - Active Share Percent not available for -->  F00000NDUS
2021-06-12 13:32:57,398 - INFO - Detailes Scrapped Successfully for -->  F00000NDUS
2021-06-12 13:33:07,625 - INFO - Successfully Loaded URL -->  https://www.morningstar.co.uk/uk/funds/snapshot/snapshot.aspx?id=F00000OEPS&tab=3
2021-06-12 13:33:20,580 - WARNING - Active Share Percent not available for -->  F00000OEPS
2021-06-12 13:33:26,375 - INFO - Detailes Scrapped Successfully for -->  F00000OEPS
2021-06-12 13:33:33,067 - INFO - Successfully Loaded URL -->  https://www.morningstar.co.uk/uk/funds/snapshot/snapshot.aspx?id=F00000Y64S&tab=3
2021-06-12 13:33:46,419 - WARNING - Active Share Percent not available for -->  F00000Y64S
2021-06-12 13:33:51,598 - INFO - Detailes Scrapped Successfully for -->  F00000Y64S
2021-06-12 13:33:59,020 - INFO - Successfully Loaded URL -->  https://www.morningstar.co.uk/uk/funds/snapshot/snapshot.aspx?id=F00000ZSJQ&tab=3
2021-06-12 13:34:12,035 - WARNING - Active Share Percent not available for -->  F00000ZSJQ
2021-06-12 13:34:17,158 - INFO - Detailes Scrapped Successfully for -->  F00000ZSJQ
2021-06-12 13:34:23,963 - INFO - Successfully Loaded URL -->  https://www.morningstar.co.uk/uk/funds/snapshot/snapshot.aspx?id=F00000Y64U&tab=3
2021-06-12 13:34:37,119 - WARNING - Active Share Percent not available for -->  F00000Y64U
2021-06-12 13:34:42,108 - INFO - Detailes Scrapped Successfully for -->  F00000Y64U
2021-06-12 13:34:49,750 - INFO - Successfully Loaded URL -->  https://www.morningstar.co.uk/uk/funds/snapshot/snapshot.aspx?id=F00000VAJU&tab=3
2021-06-12 13:35:02,806 - WARNING - Active Share Percent not available for -->  F00000VAJU
2021-06-12 13:35:07,983 - INFO - Detailes Scrapped Successfully for -->  F00000VAJU
2021-06-12 13:35:15,315 - INFO - Successfully Loaded URL -->  https://www.morningstar.co.uk/uk/funds/snapshot/snapshot.aspx?id=F000015ID4&tab=3
2021-06-12 13:35:28,438 - WARNING - Active Share Percent not available for -->  F000015ID4
2021-06-12 13:35:33,649 - INFO - Detailes Scrapped Successfully for -->  F000015ID4
2021-06-12 13:35:40,148 - INFO - Successfully Loaded URL -->  https://www.morningstar.co.uk/uk/funds/snapshot/snapshot.aspx?id=F00000VAJV&tab=3
2021-06-12 13:35:53,372 - WARNING - Active Share Percent not available for -->  F00000VAJV
2021-06-12 13:35:58,632 - INFO - Detailes Scrapped Successfully for -->  F00000VAJV
2021-06-12 13:36:05,775 - INFO - Successfully Loaded URL -->  https://www.morningstar.co.uk/uk/funds/snapshot/snapshot.aspx?id=F000002K4L&tab=3
2021-06-12 13:36:19,876 - INFO - Detailes Scrapped Successfully for -->  F000002K4L
2021-06-12 13:36:26,227 - INFO - Successfully Loaded URL -->  https://www.morningstar.co.uk/uk/funds/snapshot/snapshot.aspx?id=F00000PNGB&tab=3
2021-06-12 13:36:39,200 - WARNING - Active Share Percent not available for -->  F00000PNGB
2021-06-12 13:36:44,280 - INFO - Detailes Scrapped Successfully for -->  F00000PNGB
2021-06-12 13:36:51,207 - INFO - Successfully Loaded URL -->  https://www.morningstar.co.uk/uk/funds/snapshot/snapshot.aspx?id=F00000PNGD&tab=3
2021-06-12 13:37:04,061 - WARNING - Active Share Percent not available for -->  F00000PNGD
2021-06-12 13:37:09,146 - INFO - Detailes Scrapped Successfully for -->  F00000PNGD
2021-06-12 13:37:16,677 - INFO - Successfully Loaded URL -->  https://www.morningstar.co.uk/uk/funds/snapshot/snapshot.aspx?id=F0GBR06NJY&tab=3
2021-06-12 13:37:31,104 - INFO - Detailes Scrapped Successfully for -->  F0GBR06NJY
2021-06-12 13:37:38,565 - INFO - Successfully Loaded URL -->  https://www.morningstar.co.uk/uk/funds/snapshot/snapshot.aspx?id=F0GBR054FA&tab=3
2021-06-12 13:37:53,042 - INFO - Detailes Scrapped Successfully for -->  F0GBR054FA
2021-06-12 13:38:00,357 - INFO - Successfully Loaded URL -->  https://www.morningstar.co.uk/uk/funds/snapshot/snapshot.aspx?id=F000010FG9&tab=3
2021-06-12 13:38:14,981 - INFO - Detailes Scrapped Successfully for -->  F000010FG9
2021-06-12 13:38:19,129 - INFO - Successfully Loaded URL -->  https://www.morningstar.co.uk/uk/funds/snapshot/snapshot.aspx?id=F00000PQ7Q&tab=3
2021-06-12 13:38:23,139 - INFO - No Dialog to Handle
2021-06-12 13:38:36,736 - INFO - Successfully Loaded URL -->  https://www.morningstar.co.uk/uk/funds/snapshot/snapshot.aspx?id=F00000PQ7Q&tab=3
2021-06-12 13:38:36,736 - INFO - No Dialog to handle for ---> F00000PQ7Q
2021-06-12 13:38:50,464 - INFO - Detailes Scrapped Successfully for -->  F00000PQ7Q
2021-06-12 13:38:57,816 - INFO - Successfully Loaded URL -->  https://www.morningstar.co.uk/uk/funds/snapshot/snapshot.aspx?id=F00000SJTP&tab=3
2021-06-12 13:39:11,659 - INFO - Detailes Scrapped Successfully for -->  F00000SJTP
2021-06-12 13:39:18,645 - INFO - Successfully Loaded URL -->  https://www.morningstar.co.uk/uk/funds/snapshot/snapshot.aspx?id=F000010FG8&tab=3
2021-06-12 13:39:32,555 - INFO - Detailes Scrapped Successfully for -->  F000010FG8
2021-06-12 13:39:39,952 - INFO - Successfully Loaded URL -->  https://www.morningstar.co.uk/uk/funds/snapshot/snapshot.aspx?id=F0GBR054F9&tab=3
2021-06-12 13:39:55,759 - INFO - Detailes Scrapped Successfully for -->  F0GBR054F9
2021-06-12 13:39:59,862 - INFO - Successfully Loaded URL -->  https://www.morningstar.co.uk/uk/funds/snapshot/snapshot.aspx?id=F00000SK17&tab=3
2021-06-12 13:40:03,911 - INFO - No Dialog to Handle
2021-06-12 13:40:17,878 - INFO - Successfully Loaded URL -->  https://www.morningstar.co.uk/uk/funds/snapshot/snapshot.aspx?id=F00000SK17&tab=3
2021-06-12 13:40:17,878 - INFO - No Dialog to handle for ---> F00000SK17
2021-06-12 13:40:31,196 - CRITICAL - Issue with URL, Cannot Switch to Iframe Portfolio --> F00000SK17
2021-06-12 13:40:36,828 - INFO - Successfully Loaded URL -->  https://www.morningstar.co.uk/uk/funds/snapshot/snapshot.aspx?id=F00000SJTF&tab=3
2021-06-12 13:40:40,854 - INFO - No Dialog to Handle
2021-06-12 13:40:47,123 - INFO - Detailes Scrapped Successfully for -->  F00000SJTF
2021-06-12 13:40:53,404 - INFO - Successfully Loaded URL -->  https://www.morningstar.co.uk/uk/funds/snapshot/snapshot.aspx?id=F00000SJYC&tab=3
2021-06-12 13:41:07,291 - INFO - Detailes Scrapped Successfully for -->  F00000SJYC
2021-06-12 13:41:14,435 - INFO - Successfully Loaded URL -->  https://www.morningstar.co.uk/uk/funds/snapshot/snapshot.aspx?id=F00000PSR4&tab=3
2021-06-12 13:41:28,475 - INFO - Detailes Scrapped Successfully for -->  F00000PSR4
2021-06-12 13:41:35,386 - INFO - Successfully Loaded URL -->  https://www.morningstar.co.uk/uk/funds/snapshot/snapshot.aspx?id=F00000SJTH&tab=3
2021-06-12 13:41:49,140 - INFO - Detailes Scrapped Successfully for -->  F00000SJTH
2021-06-12 13:41:56,425 - INFO - Successfully Loaded URL -->  https://www.morningstar.co.uk/uk/funds/snapshot/snapshot.aspx?id=F00000NQA0&tab=3
2021-06-12 13:42:11,087 - INFO - Detailes Scrapped Successfully for -->  F00000NQA0
2021-06-12 13:42:17,316 - INFO - Successfully Loaded URL -->  https://www.morningstar.co.uk/uk/funds/snapshot/snapshot.aspx?id=F00000SFYK&tab=3
2021-06-12 13:42:31,392 - INFO - Detailes Scrapped Successfully for -->  F00000SFYK
2021-06-12 13:42:38,389 - INFO - Successfully Loaded URL -->  https://www.morningstar.co.uk/uk/funds/snapshot/snapshot.aspx?id=F0GBR05YU2&tab=3
2021-06-12 13:42:52,061 - INFO - Detailes Scrapped Successfully for -->  F0GBR05YU2
2021-06-12 13:42:58,168 - INFO - Successfully Loaded URL -->  https://www.morningstar.co.uk/uk/funds/snapshot/snapshot.aspx?id=F00000NQA2&tab=3
2021-06-12 13:43:12,677 - INFO - Detailes Scrapped Successfully for -->  F00000NQA2
2021-06-12 13:43:22,867 - INFO - Successfully Loaded URL -->  https://www.morningstar.co.uk/uk/funds/snapshot/snapshot.aspx?id=F000005GE0&tab=3
2021-06-12 13:43:36,530 - INFO - Detailes Scrapped Successfully for -->  F000005GE0
2021-06-12 13:43:42,712 - INFO - Successfully Loaded URL -->  https://www.morningstar.co.uk/uk/funds/snapshot/snapshot.aspx?id=F00000GVNO&tab=3
2021-06-12 13:43:56,120 - WARNING - Active Share Percent not available for -->  F00000GVNO
2021-06-12 13:44:01,156 - INFO - Detailes Scrapped Successfully for -->  F00000GVNO
2021-06-12 13:44:09,846 - INFO - Successfully Loaded URL -->  https://www.morningstar.co.uk/uk/funds/snapshot/snapshot.aspx?id=F00000X14V&tab=3
2021-06-12 13:44:22,725 - WARNING - Active Share Percent not available for -->  F00000X14V
2021-06-12 13:44:24,066 - INFO - Seems to be a Fund of Fund -->  F00000X14V
2021-06-12 13:44:27,788 - INFO - Detailes Scrapped Successfully for -->  F00000X14V
2021-06-12 13:44:34,141 - INFO - Successfully Loaded URL -->  https://www.morningstar.co.uk/uk/funds/snapshot/snapshot.aspx?id=F0000108A6&tab=3
2021-06-12 13:44:46,853 - WARNING - Active Share Percent not available for -->  F0000108A6
2021-06-12 13:44:48,160 - INFO - Seems to be a Fund of Fund -->  F0000108A6
2021-06-12 13:44:51,857 - INFO - Detailes Scrapped Successfully for -->  F0000108A6
2021-06-12 13:44:58,182 - INFO - Successfully Loaded URL -->  https://www.morningstar.co.uk/uk/funds/snapshot/snapshot.aspx?id=F000010AB6&tab=3
2021-06-12 13:45:12,240 - INFO - Detailes Scrapped Successfully for -->  F000010AB6
2021-06-12 13:45:19,234 - INFO - Successfully Loaded URL -->  https://www.morningstar.co.uk/uk/funds/snapshot/snapshot.aspx?id=F00000PGEJ&tab=3
2021-06-12 13:45:33,102 - INFO - Detailes Scrapped Successfully for -->  F00000PGEJ
2021-06-12 13:45:39,111 - INFO - Successfully Loaded URL -->  https://www.morningstar.co.uk/uk/funds/snapshot/snapshot.aspx?id=F000010AB8&tab=3
2021-06-12 13:45:53,054 - INFO - Detailes Scrapped Successfully for -->  F000010AB8
2021-06-12 13:45:59,576 - INFO - Successfully Loaded URL -->  https://www.morningstar.co.uk/uk/funds/snapshot/snapshot.aspx?id=F00000GVNQ&tab=3
2021-06-12 13:46:12,672 - WARNING - Active Share Percent not available for -->  F00000GVNQ
2021-06-12 13:46:17,665 - INFO - Detailes Scrapped Successfully for -->  F00000GVNQ
2021-06-12 13:46:23,768 - INFO - Successfully Loaded URL -->  https://www.morningstar.co.uk/uk/funds/snapshot/snapshot.aspx?id=F00000H6L3&tab=3
2021-06-12 13:46:37,624 - INFO - Detailes Scrapped Successfully for -->  F00000H6L3
2021-06-12 13:46:44,042 - INFO - Successfully Loaded URL -->  https://www.morningstar.co.uk/uk/funds/snapshot/snapshot.aspx?id=F00000OTEI&tab=3
2021-06-12 13:46:58,016 - INFO - Detailes Scrapped Successfully for -->  F00000OTEI
2021-06-12 13:47:06,898 - INFO - Successfully Loaded URL -->  https://www.morningstar.co.uk/uk/funds/snapshot/snapshot.aspx?id=F00000LJRH&tab=3
2021-06-12 13:47:20,957 - INFO - Detailes Scrapped Successfully for -->  F00000LJRH
2021-06-12 13:47:27,328 - INFO - Successfully Loaded URL -->  https://www.morningstar.co.uk/uk/funds/snapshot/snapshot.aspx?id=F00000PW2A&tab=3
2021-06-12 13:47:41,377 - INFO - Detailes Scrapped Successfully for -->  F00000PW2A
2021-06-12 13:47:47,907 - INFO - Successfully Loaded URL -->  https://www.morningstar.co.uk/uk/funds/snapshot/snapshot.aspx?id=F0GBR05ZMI&tab=3
2021-06-12 13:48:00,816 - WARNING - Active Share Percent not available for -->  F0GBR05ZMI
2021-06-12 13:48:05,825 - INFO - Detailes Scrapped Successfully for -->  F0GBR05ZMI
2021-06-12 13:48:12,185 - INFO - Successfully Loaded URL -->  https://www.morningstar.co.uk/uk/funds/snapshot/snapshot.aspx?id=F000005OT2&tab=3
2021-06-12 13:48:24,969 - WARNING - Active Share Percent not available for -->  F000005OT2
2021-06-12 13:58:30,579 - INFO - Detailes Scrapped Successfully for -->  F000005OT2
2021-06-12 13:58:38,127 - INFO - Successfully Loaded URL -->  https://www.morningstar.co.uk/uk/funds/snapshot/snapshot.aspx?id=F00000VCVG&tab=3
2021-06-12 13:58:51,209 - WARNING - Active Share Percent not available for -->  F00000VCVG
2021-06-12 13:58:56,479 - INFO - Detailes Scrapped Successfully for -->  F00000VCVG
2021-06-12 13:59:03,702 - INFO - Successfully Loaded URL -->  https://www.morningstar.co.uk/uk/funds/snapshot/snapshot.aspx?id=F00000IR5H&tab=3
2021-06-12 13:59:18,390 - INFO - Detailes Scrapped Successfully for -->  F00000IR5H
2021-06-12 13:59:25,706 - INFO - Successfully Loaded URL -->  https://www.morningstar.co.uk/uk/funds/snapshot/snapshot.aspx?id=F0GBR058S1&tab=3
2021-06-12 13:59:40,773 - INFO - Detailes Scrapped Successfully for -->  F0GBR058S1
2021-06-12 13:59:47,967 - INFO - Successfully Loaded URL -->  https://www.morningstar.co.uk/uk/funds/snapshot/snapshot.aspx?id=F0GBR05XH7&tab=3
2021-06-12 14:00:02,774 - INFO - Detailes Scrapped Successfully for -->  F0GBR05XH7
2021-06-12 14:00:10,858 - INFO - Successfully Loaded URL -->  https://www.morningstar.co.uk/uk/funds/snapshot/snapshot.aspx?id=F0GBR0538S&tab=3
2021-06-12 14:00:26,133 - INFO - Detailes Scrapped Successfully for -->  F0GBR0538S
