2021-06-12 12:18:00,927 - INFO - Successfully Loaded URL -->  https://www.morningstar.co.uk/uk/funds/snapshot/snapshot.aspx?id=F00000OZTY&tab=3
2021-06-12 12:18:14,630 - WARNING - Active Share Percent not available for -->  F00000OZTY
2021-06-12 12:18:19,785 - INFO - Detailes Scrapped Successfully for -->  F00000OZTY
2021-06-12 12:18:26,741 - INFO - Successfully Loaded URL -->  https://www.morningstar.co.uk/uk/funds/snapshot/snapshot.aspx?id=F0000102YI&tab=3
2021-06-12 12:18:39,939 - WARNING - Active Share Percent not available for -->  F0000102YI
2021-06-12 12:18:45,165 - INFO - Detailes Scrapped Successfully for -->  F0000102YI
2021-06-12 12:18:51,650 - INFO - Successfully Loaded URL -->  https://www.morningstar.co.uk/uk/funds/snapshot/snapshot.aspx?id=F0GBR06HX1&tab=3
2021-06-12 12:19:04,923 - WARNING - Active Share Percent not available for -->  F0GBR06HX1
2021-06-12 12:19:10,108 - INFO - Detailes Scrapped Successfully for -->  F0GBR06HX1
2021-06-12 12:19:17,322 - INFO - Successfully Loaded URL -->  https://www.morningstar.co.uk/uk/funds/snapshot/snapshot.aspx?id=F0GBR04C2Y&tab=3
2021-06-12 12:19:30,565 - WARNING - Active Share Percent not available for -->  F0GBR04C2Y
2021-06-12 12:19:35,870 - INFO - Detailes Scrapped Successfully for -->  F0GBR04C2Y
2021-06-12 12:19:42,231 - INFO - Successfully Loaded URL -->  https://www.morningstar.co.uk/uk/funds/snapshot/snapshot.aspx?id=F00000U46L&tab=3
2021-06-12 12:19:56,060 - WARNING - Active Share Percent not available for -->  F00000U46L
2021-06-12 12:20:01,250 - INFO - Detailes Scrapped Successfully for -->  F00000U46L
2021-06-12 12:20:08,352 - INFO - Successfully Loaded URL -->  https://www.morningstar.co.uk/uk/funds/snapshot/snapshot.aspx?id=F00000U46N&tab=3
2021-06-12 12:20:21,903 - WARNING - Active Share Percent not available for -->  F00000U46N
2021-06-12 12:20:26,883 - INFO - Detailes Scrapped Successfully for -->  F00000U46N
2021-06-12 12:20:33,277 - INFO - Successfully Loaded URL -->  https://www.morningstar.co.uk/uk/funds/snapshot/snapshot.aspx?id=F0GBR04DTS&tab=3
2021-06-12 12:20:46,583 - WARNING - Active Share Percent not available for -->  F0GBR04DTS
2021-06-12 12:20:51,922 - INFO - Detailes Scrapped Successfully for -->  F0GBR04DTS
2021-06-12 12:21:00,112 - INFO - Successfully Loaded URL -->  https://www.morningstar.co.uk/uk/funds/snapshot/snapshot.aspx?id=F00000OUU2&tab=3
2021-06-12 12:21:13,441 - WARNING - Active Share Percent not available for -->  F00000OUU2
2021-06-12 12:21:18,681 - INFO - Detailes Scrapped Successfully for -->  F00000OUU2
2021-06-12 12:21:26,584 - INFO - Successfully Loaded URL -->  https://www.morningstar.co.uk/uk/funds/snapshot/snapshot.aspx?id=F000002JUH&tab=3
2021-06-12 12:21:39,894 - WARNING - Active Share Percent not available for -->  F000002JUH
2021-06-12 12:21:45,017 - INFO - Detailes Scrapped Successfully for -->  F000002JUH
2021-06-12 12:21:52,323 - INFO - Successfully Loaded URL -->  https://www.morningstar.co.uk/uk/funds/snapshot/snapshot.aspx?id=F0000102YG&tab=3
2021-06-12 12:22:06,027 - WARNING - Active Share Percent not available for -->  F0000102YG
2021-06-12 12:22:11,099 - INFO - Detailes Scrapped Successfully for -->  F0000102YG
2021-06-12 12:22:18,736 - INFO - Successfully Loaded URL -->  https://www.morningstar.co.uk/uk/funds/snapshot/snapshot.aspx?id=F00000OKH9&tab=3
2021-06-12 12:22:31,910 - WARNING - Active Share Percent not available for -->  F00000OKH9
2021-06-12 12:22:36,912 - INFO - Detailes Scrapped Successfully for -->  F00000OKH9
2021-06-12 12:22:43,869 - INFO - Successfully Loaded URL -->  https://www.morningstar.co.uk/uk/funds/snapshot/snapshot.aspx?id=F00000OKFC&tab=3
2021-06-12 12:22:56,773 - WARNING - Active Share Percent not available for -->  F00000OKFC
2021-06-12 12:23:01,949 - INFO - Detailes Scrapped Successfully for -->  F00000OKFC
2021-06-12 12:23:08,455 - INFO - Successfully Loaded URL -->  https://www.morningstar.co.uk/uk/funds/snapshot/snapshot.aspx?id=F0GBR05PUB&tab=3
2021-06-12 12:23:21,919 - WARNING - Active Share Percent not available for -->  F0GBR05PUB
2021-06-12 12:23:27,481 - INFO - Detailes Scrapped Successfully for -->  F0GBR05PUB
2021-06-12 12:23:36,066 - INFO - Successfully Loaded URL -->  https://www.morningstar.co.uk/uk/funds/snapshot/snapshot.aspx?id=F00000ZO5K&tab=3
2021-06-12 12:23:50,092 - WARNING - Active Share Percent not available for -->  F00000ZO5K
2021-06-12 12:23:55,363 - INFO - Detailes Scrapped Successfully for -->  F00000ZO5K
2021-06-12 12:24:02,553 - INFO - Successfully Loaded URL -->  https://www.morningstar.co.uk/uk/funds/snapshot/snapshot.aspx?id=F00000OKHB&tab=3
2021-06-12 12:24:15,726 - WARNING - Active Share Percent not available for -->  F00000OKHB
2021-06-12 12:24:21,041 - INFO - Detailes Scrapped Successfully for -->  F00000OKHB
2021-06-12 12:24:28,172 - INFO - Successfully Loaded URL -->  https://www.morningstar.co.uk/uk/funds/snapshot/snapshot.aspx?id=F0000027AJ&tab=3
2021-06-12 12:24:42,012 - WARNING - Active Share Percent not available for -->  F0000027AJ
2021-06-12 12:24:47,596 - INFO - Detailes Scrapped Successfully for -->  F0000027AJ
2021-06-12 12:24:53,954 - INFO - Successfully Loaded URL -->  https://www.morningstar.co.uk/uk/funds/snapshot/snapshot.aspx?id=F0000027AE&tab=3
2021-06-12 12:25:06,964 - WARNING - Active Share Percent not available for -->  F0000027AE
2021-06-12 12:25:12,530 - INFO - Detailes Scrapped Successfully for -->  F0000027AE
2021-06-12 12:25:18,841 - INFO - Successfully Loaded URL -->  https://www.morningstar.co.uk/uk/funds/snapshot/snapshot.aspx?id=F00000PLVV&tab=3
2021-06-12 12:31:21,501 - WARNING - Issue with URL, Retrying capturing Style Sheet parameters --> F00000PLVV
2021-06-12 12:31:28,145 - INFO - Successfully Loaded URL -->  https://www.morningstar.co.uk/uk/funds/snapshot/snapshot.aspx?id=F00000PLVV&tab=3
2021-06-12 12:31:38,871 - INFO - Detailes Scrapped Successfully for -->  F00000PLVV
2021-06-12 12:31:46,167 - INFO - Successfully Loaded URL -->  https://www.morningstar.co.uk/uk/funds/snapshot/snapshot.aspx?id=F0GBR04H8N&tab=3
2021-06-12 12:31:59,202 - WARNING - Active Share Percent not available for -->  F0GBR04H8N
2021-06-12 12:32:03,976 - INFO - Detailes Scrapped Successfully for -->  F0GBR04H8N
2021-06-12 12:32:10,836 - INFO - Successfully Loaded URL -->  https://www.morningstar.co.uk/uk/funds/snapshot/snapshot.aspx?id=F00000XHLB&tab=3
2021-06-12 12:32:24,131 - WARNING - Active Share Percent not available for -->  F00000XHLB
2021-06-12 12:32:29,340 - INFO - Detailes Scrapped Successfully for -->  F00000XHLB
2021-06-12 12:32:36,105 - INFO - Successfully Loaded URL -->  https://www.morningstar.co.uk/uk/funds/snapshot/snapshot.aspx?id=F00000XHLL&tab=3
2021-06-12 12:32:49,357 - WARNING - Active Share Percent not available for -->  F00000XHLL
2021-06-12 12:32:54,979 - INFO - Detailes Scrapped Successfully for -->  F00000XHLL
2021-06-12 12:33:01,545 - INFO - Successfully Loaded URL -->  https://www.morningstar.co.uk/uk/funds/snapshot/snapshot.aspx?id=F00000XHLN&tab=3
2021-06-12 12:33:14,576 - WARNING - Active Share Percent not available for -->  F00000XHLN
2021-06-12 12:33:19,692 - INFO - Detailes Scrapped Successfully for -->  F00000XHLN
2021-06-12 12:33:26,143 - INFO - Successfully Loaded URL -->  https://www.morningstar.co.uk/uk/funds/snapshot/snapshot.aspx?id=F00000XHLP&tab=3
2021-06-12 12:33:39,225 - WARNING - Active Share Percent not available for -->  F00000XHLP
2021-06-12 12:33:44,393 - INFO - Detailes Scrapped Successfully for -->  F00000XHLP
2021-06-12 12:33:52,559 - INFO - Successfully Loaded URL -->  https://www.morningstar.co.uk/uk/funds/snapshot/snapshot.aspx?id=F00000QKW2&tab=3
2021-06-12 12:34:06,785 - INFO - Detailes Scrapped Successfully for -->  F00000QKW2
2021-06-12 12:34:13,246 - INFO - Successfully Loaded URL -->  https://www.morningstar.co.uk/uk/funds/snapshot/snapshot.aspx?id=F00000QKW4&tab=3
2021-06-12 12:34:27,502 - INFO - Detailes Scrapped Successfully for -->  F00000QKW4
2021-06-12 12:34:34,747 - INFO - Successfully Loaded URL -->  https://www.morningstar.co.uk/uk/funds/snapshot/snapshot.aspx?id=F00000QKW6&tab=3
2021-06-12 12:34:48,927 - INFO - Detailes Scrapped Successfully for -->  F00000QKW6
2021-06-12 12:34:56,185 - INFO - Successfully Loaded URL -->  https://www.morningstar.co.uk/uk/funds/snapshot/snapshot.aspx?id=F00000OB1F&tab=3
2021-06-12 12:35:11,272 - INFO - Detailes Scrapped Successfully for -->  F00000OB1F
2021-06-12 12:35:19,091 - INFO - Successfully Loaded URL -->  https://www.morningstar.co.uk/uk/funds/snapshot/snapshot.aspx?id=F00000OB1H&tab=3
2021-06-12 12:35:34,293 - INFO - Detailes Scrapped Successfully for -->  F00000OB1H
2021-06-12 12:35:41,568 - INFO - Successfully Loaded URL -->  https://www.morningstar.co.uk/uk/funds/snapshot/snapshot.aspx?id=F00000OB2H&tab=3
2021-06-12 12:35:57,612 - INFO - Detailes Scrapped Successfully for -->  F00000OB2H
2021-06-12 12:36:04,307 - INFO - Successfully Loaded URL -->  https://www.morningstar.co.uk/uk/funds/snapshot/snapshot.aspx?id=F000003W5M&tab=3
2021-06-12 12:36:18,655 - INFO - Detailes Scrapped Successfully for -->  F000003W5M
2021-06-12 12:36:25,946 - INFO - Successfully Loaded URL -->  https://www.morningstar.co.uk/uk/funds/snapshot/snapshot.aspx?id=F00000SS5D&tab=3
2021-06-12 12:36:40,063 - INFO - Detailes Scrapped Successfully for -->  F00000SS5D
2021-06-12 12:36:47,421 - INFO - Successfully Loaded URL -->  https://www.morningstar.co.uk/uk/funds/snapshot/snapshot.aspx?id=F0GBR053Y9&tab=3
2021-06-12 12:37:00,431 - WARNING - Active Share Percent not available for -->  F0GBR053Y9
2021-06-12 12:37:05,784 - INFO - Detailes Scrapped Successfully for -->  F0GBR053Y9
2021-06-12 12:37:12,106 - INFO - Successfully Loaded URL -->  https://www.morningstar.co.uk/uk/funds/snapshot/snapshot.aspx?id=F00000OUPM&tab=3
2021-06-12 12:37:25,155 - WARNING - Active Share Percent not available for -->  F00000OUPM
2021-06-12 12:37:30,526 - INFO - Detailes Scrapped Successfully for -->  F00000OUPM
2021-06-12 12:37:38,139 - INFO - Successfully Loaded URL -->  https://www.morningstar.co.uk/uk/funds/snapshot/snapshot.aspx?id=F0GBR06KKK&tab=3
2021-06-12 12:37:51,774 - WARNING - Active Share Percent not available for -->  F0GBR06KKK
2021-06-12 12:37:57,508 - INFO - Detailes Scrapped Successfully for -->  F0GBR06KKK
2021-06-12 12:38:04,848 - INFO - Successfully Loaded URL -->  https://www.morningstar.co.uk/uk/funds/snapshot/snapshot.aspx?id=F00000OUPO&tab=3
2021-06-12 12:38:18,045 - WARNING - Active Share Percent not available for -->  F00000OUPO
2021-06-12 12:38:23,221 - INFO - Detailes Scrapped Successfully for -->  F00000OUPO
2021-06-12 12:38:29,693 - INFO - Successfully Loaded URL -->  https://www.morningstar.co.uk/uk/funds/snapshot/snapshot.aspx?id=F00000OUPQ&tab=3
2021-06-12 12:38:42,793 - WARNING - Active Share Percent not available for -->  F00000OUPQ
2021-06-12 12:38:48,358 - INFO - Detailes Scrapped Successfully for -->  F00000OUPQ
2021-06-12 12:38:56,089 - INFO - Successfully Loaded URL -->  https://www.morningstar.co.uk/uk/funds/snapshot/snapshot.aspx?id=F00000U3N9&tab=3
2021-06-12 12:39:09,289 - WARNING - Active Share Percent not available for -->  F00000U3N9
2021-06-12 12:39:14,412 - INFO - Detailes Scrapped Successfully for -->  F00000U3N9
2021-06-12 12:39:21,496 - INFO - Successfully Loaded URL -->  https://www.morningstar.co.uk/uk/funds/snapshot/snapshot.aspx?id=F0000100NM&tab=3
2021-06-12 12:39:34,797 - WARNING - Active Share Percent not available for -->  F0000100NM
2021-06-12 12:39:40,067 - INFO - Detailes Scrapped Successfully for -->  F0000100NM
2021-06-12 12:39:47,053 - INFO - Successfully Loaded URL -->  https://www.morningstar.co.uk/uk/funds/snapshot/snapshot.aspx?id=F00000YF5K&tab=3
2021-06-12 12:40:00,253 - WARNING - Active Share Percent not available for -->  F00000YF5K
2021-06-12 12:40:05,238 - INFO - Detailes Scrapped Successfully for -->  F00000YF5K
2021-06-12 12:40:12,091 - INFO - Successfully Loaded URL -->  https://www.morningstar.co.uk/uk/funds/snapshot/snapshot.aspx?id=F00000YF5L&tab=3
2021-06-12 12:40:25,568 - WARNING - Active Share Percent not available for -->  F00000YF5L
2021-06-12 12:40:30,644 - INFO - Detailes Scrapped Successfully for -->  F00000YF5L
2021-06-12 12:40:37,183 - INFO - Successfully Loaded URL -->  https://www.morningstar.co.uk/uk/funds/snapshot/snapshot.aspx?id=F00000YF5M&tab=3
2021-06-12 12:40:49,928 - WARNING - Active Share Percent not available for -->  F00000YF5M
2021-06-12 12:40:54,986 - INFO - Detailes Scrapped Successfully for -->  F00000YF5M
2021-06-12 12:41:01,941 - INFO - Successfully Loaded URL -->  https://www.morningstar.co.uk/uk/funds/snapshot/snapshot.aspx?id=F00000P2FS&tab=3
2021-06-12 12:41:17,342 - INFO - Detailes Scrapped Successfully for -->  F00000P2FS
2021-06-12 12:41:24,745 - INFO - Successfully Loaded URL -->  https://www.morningstar.co.uk/uk/funds/snapshot/snapshot.aspx?id=F00000P2FT&tab=3
2021-06-12 12:41:40,074 - INFO - Detailes Scrapped Successfully for -->  F00000P2FT
2021-06-12 12:41:46,639 - INFO - Successfully Loaded URL -->  https://www.morningstar.co.uk/uk/funds/snapshot/snapshot.aspx?id=F00000P2FU&tab=3
2021-06-12 12:42:01,278 - INFO - Detailes Scrapped Successfully for -->  F00000P2FU
2021-06-12 12:42:07,658 - INFO - Successfully Loaded URL -->  https://www.morningstar.co.uk/uk/funds/snapshot/snapshot.aspx?id=F00000V321&tab=3
2021-06-12 12:42:22,322 - INFO - Detailes Scrapped Successfully for -->  F00000V321
2021-06-12 12:42:29,600 - INFO - Successfully Loaded URL -->  https://www.morningstar.co.uk/uk/funds/snapshot/snapshot.aspx?id=F00000U3Y2&tab=3
2021-06-12 12:42:44,030 - INFO - Detailes Scrapped Successfully for -->  F00000U3Y2
2021-06-12 12:42:50,648 - INFO - Successfully Loaded URL -->  https://www.morningstar.co.uk/uk/funds/snapshot/snapshot.aspx?id=F0GBR04GTH&tab=3
2021-06-12 12:43:05,184 - INFO - Detailes Scrapped Successfully for -->  F0GBR04GTH
2021-06-12 12:43:11,402 - INFO - Successfully Loaded URL -->  https://www.morningstar.co.uk/uk/funds/snapshot/snapshot.aspx?id=F00000OWFK&tab=3
2021-06-12 12:43:27,894 - INFO - Successfully Loaded URL -->  https://www.morningstar.co.uk/uk/funds/snapshot/snapshot.aspx?id=F00000OWFK&tab=3
2021-06-12 12:43:27,894 - INFO - No Dialog to handle for ---> F00000OWFK
2021-06-12 12:43:35,051 - INFO - Successfully Loaded URL -->  https://www.morningstar.co.uk/uk/funds/snapshot/snapshot.aspx?id=F00000OWFK&tab=3
2021-06-12 12:43:39,080 - INFO - No Dialog to handle for ---> F00000OWFK
2021-06-12 12:43:47,125 - CRITICAL - Issue with URL, Cannot Switch to Iframe Portfolio --> F00000OWFK
2021-06-12 12:43:54,125 - INFO - Successfully Loaded URL -->  https://www.morningstar.co.uk/uk/funds/snapshot/snapshot.aspx?id=F00000P5TW&tab=3
2021-06-12 12:43:58,188 - INFO - No Dialog to Handle
2021-06-12 12:44:03,658 - WARNING - Active Share Percent not available for -->  F00000P5TW
2021-06-12 12:44:04,995 - INFO - Seems to be a Fund of Fund -->  F00000P5TW
2021-06-12 12:44:08,685 - INFO - Detailes Scrapped Successfully for -->  F00000P5TW
2021-06-12 12:44:14,666 - INFO - Successfully Loaded URL -->  https://www.morningstar.co.uk/uk/funds/snapshot/snapshot.aspx?id=F0GBR04MZL&tab=3
2021-06-12 12:44:27,936 - WARNING - Active Share Percent not available for -->  F0GBR04MZL
2021-06-12 12:44:29,283 - INFO - Seems to be a Fund of Fund -->  F0GBR04MZL
2021-06-12 12:44:33,253 - INFO - Detailes Scrapped Successfully for -->  F0GBR04MZL
2021-06-12 12:44:40,414 - INFO - Successfully Loaded URL -->  https://www.morningstar.co.uk/uk/funds/snapshot/snapshot.aspx?id=F00000SK3U&tab=3
2021-06-12 12:44:53,465 - WARNING - Active Share Percent not available for -->  F00000SK3U
2021-06-12 12:44:54,840 - INFO - Seems to be a Fund of Fund -->  F00000SK3U
2021-06-12 12:44:58,854 - INFO - Detailes Scrapped Successfully for -->  F00000SK3U
2021-06-12 12:45:03,094 - INFO - Successfully Loaded URL -->  https://www.morningstar.co.uk/uk/funds/snapshot/snapshot.aspx?id=F0GBR053N0&tab=3
2021-06-12 12:45:07,125 - INFO - No Dialog to Handle
2021-06-12 12:45:18,220 - INFO - Successfully Loaded URL -->  https://www.morningstar.co.uk/uk/funds/snapshot/snapshot.aspx?id=F0GBR053N0&tab=3
2021-06-12 12:45:18,220 - INFO - No Dialog to handle for ---> F0GBR053N0
2021-06-12 12:45:25,350 - INFO - Successfully Loaded URL -->  https://www.morningstar.co.uk/uk/funds/snapshot/snapshot.aspx?id=F0GBR053N0&tab=3
2021-06-12 12:45:29,395 - INFO - No Dialog to handle for ---> F0GBR053N0
2021-06-12 12:45:37,422 - CRITICAL - Issue with URL, Cannot Switch to Iframe Portfolio --> F0GBR053N0
2021-06-12 12:45:43,090 - INFO - Successfully Loaded URL -->  https://www.morningstar.co.uk/uk/funds/snapshot/snapshot.aspx?id=F0GBR06HWQ&tab=3
2021-06-12 12:45:58,008 - INFO - Detailes Scrapped Successfully for -->  F0GBR06HWQ
2021-06-12 12:46:04,340 - INFO - Successfully Loaded URL -->  https://www.morningstar.co.uk/uk/funds/snapshot/snapshot.aspx?id=F00000P7AC&tab=3
2021-06-12 12:46:24,566 - INFO - Detailes Scrapped Successfully for -->  F00000P7AC
2021-06-12 12:46:31,074 - INFO - Successfully Loaded URL -->  https://www.morningstar.co.uk/uk/funds/snapshot/snapshot.aspx?id=F0GBR04S8U&tab=3
2021-06-12 12:46:45,957 - INFO - Detailes Scrapped Successfully for -->  F0GBR04S8U
2021-06-12 12:46:53,973 - INFO - Successfully Loaded URL -->  https://www.morningstar.co.uk/uk/funds/snapshot/snapshot.aspx?id=F00000OO5L&tab=3
2021-06-12 12:47:09,318 - INFO - Detailes Scrapped Successfully for -->  F00000OO5L
2021-06-12 12:47:17,167 - INFO - Successfully Loaded URL -->  https://www.morningstar.co.uk/uk/funds/snapshot/snapshot.aspx?id=F00000OO5M&tab=3
2021-06-12 12:47:33,262 - INFO - Detailes Scrapped Successfully for -->  F00000OO5M
2021-06-12 12:47:40,467 - INFO - Successfully Loaded URL -->  https://www.morningstar.co.uk/uk/funds/snapshot/snapshot.aspx?id=F0GBR04JJG&tab=3
2021-06-12 12:47:54,646 - INFO - Detailes Scrapped Successfully for -->  F0GBR04JJG
2021-06-12 12:48:01,344 - INFO - Successfully Loaded URL -->  https://www.morningstar.co.uk/uk/funds/snapshot/snapshot.aspx?id=F0GBR04GHM&tab=3
2021-06-12 12:48:16,026 - INFO - Detailes Scrapped Successfully for -->  F0GBR04GHM
2021-06-12 12:48:23,857 - INFO - Successfully Loaded URL -->  https://www.morningstar.co.uk/uk/funds/snapshot/snapshot.aspx?id=F0GBR04S9M&tab=3
2021-06-12 12:48:43,361 - INFO - Successfully Loaded URL -->  https://www.morningstar.co.uk/uk/funds/snapshot/snapshot.aspx?id=F0GBR04S9M&tab=3
2021-06-12 12:48:43,361 - INFO - No Dialog to handle for ---> F0GBR04S9M
2021-06-12 12:48:50,545 - INFO - Successfully Loaded URL -->  https://www.morningstar.co.uk/uk/funds/snapshot/snapshot.aspx?id=F0GBR04S9M&tab=3
2021-06-12 12:48:54,615 - INFO - No Dialog to handle for ---> F0GBR04S9M
2021-06-12 12:49:02,682 - CRITICAL - Issue with URL, Cannot Switch to Iframe Portfolio --> F0GBR04S9M
2021-06-12 12:49:09,216 - INFO - Successfully Loaded URL -->  https://www.morningstar.co.uk/uk/funds/snapshot/snapshot.aspx?id=F0GBR04S95&tab=3
2021-06-12 12:49:23,653 - INFO - Detailes Scrapped Successfully for -->  F0GBR04S95
2021-06-12 12:49:29,765 - INFO - Successfully Loaded URL -->  https://www.morningstar.co.uk/uk/funds/snapshot/snapshot.aspx?id=F000005JRK&tab=3
2021-06-12 12:49:43,756 - INFO - Detailes Scrapped Successfully for -->  F000005JRK
2021-06-12 12:49:50,864 - INFO - Successfully Loaded URL -->  https://www.morningstar.co.uk/uk/funds/snapshot/snapshot.aspx?id=F000013D2J&tab=3
2021-06-12 12:50:04,978 - INFO - Detailes Scrapped Successfully for -->  F000013D2J
2021-06-12 12:50:09,102 - INFO - Successfully Loaded URL -->  https://www.morningstar.co.uk/uk/funds/snapshot/snapshot.aspx?id=F00000OO8B&tab=3
2021-06-12 12:50:13,157 - INFO - No Dialog to Handle
2021-06-12 12:50:26,784 - INFO - Successfully Loaded URL -->  https://www.morningstar.co.uk/uk/funds/snapshot/snapshot.aspx?id=F00000OO8B&tab=3
2021-06-12 12:50:26,784 - INFO - No Dialog to handle for ---> F00000OO8B
2021-06-12 12:50:41,524 - INFO - Detailes Scrapped Successfully for -->  F00000OO8B
2021-06-12 12:50:48,359 - INFO - Successfully Loaded URL -->  https://www.morningstar.co.uk/uk/funds/snapshot/snapshot.aspx?id=F0GBR04JI4&tab=3
2021-06-12 12:51:03,089 - INFO - Detailes Scrapped Successfully for -->  F0GBR04JI4
2021-06-12 12:51:11,037 - INFO - Successfully Loaded URL -->  https://www.morningstar.co.uk/uk/funds/snapshot/snapshot.aspx?id=F0GBR04S97&tab=3
2021-06-12 12:51:24,286 - WARNING - Active Share Percent not available for -->  F0GBR04S97
2021-06-12 12:51:29,451 - INFO - Detailes Scrapped Successfully for -->  F0GBR04S97
2021-06-12 12:51:36,426 - INFO - Successfully Loaded URL -->  https://www.morningstar.co.uk/uk/funds/snapshot/snapshot.aspx?id=F00000OO8D&tab=3
2021-06-12 12:51:52,958 - INFO - Successfully Loaded URL -->  https://www.morningstar.co.uk/uk/funds/snapshot/snapshot.aspx?id=F00000OO8D&tab=3
2021-06-12 12:51:52,958 - INFO - No Dialog to handle for ---> F00000OO8D
2021-06-12 12:52:00,037 - INFO - Successfully Loaded URL -->  https://www.morningstar.co.uk/uk/funds/snapshot/snapshot.aspx?id=F00000OO8D&tab=3
2021-06-12 12:52:04,085 - INFO - No Dialog to handle for ---> F00000OO8D
2021-06-12 12:52:12,173 - CRITICAL - Issue with URL, Cannot Switch to Iframe Portfolio --> F00000OO8D
2021-06-12 12:52:18,256 - INFO - Successfully Loaded URL -->  https://www.morningstar.co.uk/uk/funds/snapshot/snapshot.aspx?id=F00000OO8F&tab=3
2021-06-12 12:52:22,292 - INFO - No Dialog to Handle
2021-06-12 12:52:27,713 - WARNING - Active Share Percent not available for -->  F00000OO8F
2021-06-12 12:52:32,707 - INFO - Detailes Scrapped Successfully for -->  F00000OO8F
2021-06-12 12:52:40,627 - INFO - Successfully Loaded URL -->  https://www.morningstar.co.uk/uk/funds/snapshot/snapshot.aspx?id=F0GBR04JO9&tab=3
2021-06-12 12:52:54,201 - WARNING - Active Share Percent not available for -->  F0GBR04JO9
2021-06-12 12:52:59,581 - INFO - Detailes Scrapped Successfully for -->  F0GBR04JO9
2021-06-12 12:53:06,942 - INFO - Successfully Loaded URL -->  https://www.morningstar.co.uk/uk/funds/snapshot/snapshot.aspx?id=F0GBR04S98&tab=3
2021-06-12 12:53:21,349 - INFO - Detailes Scrapped Successfully for -->  F0GBR04S98
2021-06-12 12:53:28,470 - INFO - Successfully Loaded URL -->  https://www.morningstar.co.uk/uk/funds/snapshot/snapshot.aspx?id=F00000OO8L&tab=3
2021-06-12 12:53:42,948 - INFO - Detailes Scrapped Successfully for -->  F00000OO8L
2021-06-12 12:53:47,032 - INFO - Successfully Loaded URL -->  https://www.morningstar.co.uk/uk/funds/snapshot/snapshot.aspx?id=F00000OO8N&tab=3
2021-06-12 12:53:51,062 - INFO - No Dialog to Handle
2021-06-12 12:54:02,271 - INFO - Successfully Loaded URL -->  https://www.morningstar.co.uk/uk/funds/snapshot/snapshot.aspx?id=F00000OO8N&tab=3
2021-06-12 12:54:02,271 - INFO - No Dialog to handle for ---> F00000OO8N
2021-06-12 12:54:09,371 - INFO - Successfully Loaded URL -->  https://www.morningstar.co.uk/uk/funds/snapshot/snapshot.aspx?id=F00000OO8N&tab=3
2021-06-12 12:54:13,374 - INFO - No Dialog to handle for ---> F00000OO8N
2021-06-12 12:54:21,479 - CRITICAL - Issue with URL, Cannot Switch to Iframe Portfolio --> F00000OO8N
2021-06-12 12:54:28,398 - INFO - Successfully Loaded URL -->  https://www.morningstar.co.uk/uk/funds/snapshot/snapshot.aspx?id=F0GBR04JLW&tab=3
2021-06-12 12:54:43,133 - INFO - Detailes Scrapped Successfully for -->  F0GBR04JLW
2021-06-12 12:54:50,257 - INFO - Successfully Loaded URL -->  https://www.morningstar.co.uk/uk/funds/snapshot/snapshot.aspx?id=F00000VEBL&tab=3
2021-06-12 12:55:03,966 - WARNING - Active Share Percent not available for -->  F00000VEBL
2021-06-12 12:55:11,082 - INFO - Detailes Scrapped Successfully for -->  F00000VEBL
2021-06-12 12:55:19,531 - INFO - Successfully Loaded URL -->  https://www.morningstar.co.uk/uk/funds/snapshot/snapshot.aspx?id=F00000TULL&tab=3
2021-06-12 12:55:32,906 - WARNING - Active Share Percent not available for -->  F00000TULL
2021-06-12 12:55:37,872 - INFO - Detailes Scrapped Successfully for -->  F00000TULL
2021-06-12 12:55:44,998 - INFO - Successfully Loaded URL -->  https://www.morningstar.co.uk/uk/funds/snapshot/snapshot.aspx?id=F00000XY8K&tab=3
2021-06-12 12:55:58,334 - WARNING - Active Share Percent not available for -->  F00000XY8K
2021-06-12 12:56:03,240 - INFO - Detailes Scrapped Successfully for -->  F00000XY8K
2021-06-12 12:56:10,475 - INFO - Successfully Loaded URL -->  https://www.morningstar.co.uk/uk/funds/snapshot/snapshot.aspx?id=F00000VT25&tab=3
2021-06-12 12:56:44,663 - WARNING - Active Share Percent not available for -->  F00000VT25
2021-06-12 12:56:49,973 - INFO - Detailes Scrapped Successfully for -->  F00000VT25
2021-06-12 12:56:56,830 - INFO - Successfully Loaded URL -->  https://www.morningstar.co.uk/uk/funds/snapshot/snapshot.aspx?id=F0GBR06M5A&tab=3
2021-06-12 12:57:16,134 - INFO - Detailes Scrapped Successfully for -->  F0GBR06M5A
2021-06-12 12:57:23,857 - INFO - Successfully Loaded URL -->  https://www.morningstar.co.uk/uk/funds/snapshot/snapshot.aspx?id=F0GBR04S8K&tab=3
2021-06-12 12:57:40,443 - INFO - Detailes Scrapped Successfully for -->  F0GBR04S8K
2021-06-12 12:57:46,684 - INFO - Successfully Loaded URL -->  https://www.morningstar.co.uk/uk/funds/snapshot/snapshot.aspx?id=F00000QU2P&tab=3
2021-06-12 12:58:01,212 - INFO - Detailes Scrapped Successfully for -->  F00000QU2P
2021-06-12 12:58:08,456 - INFO - Successfully Loaded URL -->  https://www.morningstar.co.uk/uk/funds/snapshot/snapshot.aspx?id=F0GBR050JO&tab=3
2021-06-12 12:58:22,521 - WARNING - Active Share Percent not available for -->  F0GBR050JO
2021-06-12 12:58:27,753 - INFO - Detailes Scrapped Successfully for -->  F0GBR050JO
2021-06-12 12:58:34,782 - INFO - Successfully Loaded URL -->  https://www.morningstar.co.uk/uk/funds/snapshot/snapshot.aspx?id=F00000MJ6K&tab=3
2021-06-12 12:58:53,974 - INFO - Successfully Loaded URL -->  https://www.morningstar.co.uk/uk/funds/snapshot/snapshot.aspx?id=F00000MJ6K&tab=3
2021-06-12 12:58:53,974 - INFO - No Dialog to handle for ---> F00000MJ6K
2021-06-12 12:59:06,837 - INFO - Successfully Loaded URL -->  https://www.morningstar.co.uk/uk/funds/snapshot/snapshot.aspx?id=F00000MJ6K&tab=3
2021-06-12 12:59:20,205 - CRITICAL - Issue with URL, Cannot Switch to Iframe Portfolio --> F00000MJ6K
2021-06-12 12:59:25,543 - INFO - Successfully Loaded URL -->  https://www.morningstar.co.uk/uk/funds/snapshot/snapshot.aspx?id=F00000NMF9&tab=3
2021-06-12 12:59:29,551 - INFO - No Dialog to Handle
2021-06-12 12:59:36,938 - INFO - Detailes Scrapped Successfully for -->  F00000NMF9
2021-06-12 12:59:43,355 - INFO - Successfully Loaded URL -->  https://www.morningstar.co.uk/uk/funds/snapshot/snapshot.aspx?id=F00000PBFB&tab=3
2021-06-12 12:59:58,726 - INFO - Detailes Scrapped Successfully for -->  F00000PBFB
2021-06-12 13:00:05,632 - INFO - Successfully Loaded URL -->  https://www.morningstar.co.uk/uk/funds/snapshot/snapshot.aspx?id=F00000O7XO&tab=3
2021-06-12 13:00:20,700 - INFO - Detailes Scrapped Successfully for -->  F00000O7XO
2021-06-12 13:00:28,010 - INFO - Successfully Loaded URL -->  https://www.morningstar.co.uk/uk/funds/snapshot/snapshot.aspx?id=F0GBR04E51&tab=3
2021-06-12 13:00:42,575 - INFO - Detailes Scrapped Successfully for -->  F0GBR04E51
2021-06-12 13:00:50,431 - INFO - Successfully Loaded URL -->  https://www.morningstar.co.uk/uk/funds/snapshot/snapshot.aspx?id=F00000O7XM&tab=3
2021-06-12 13:01:05,461 - INFO - Detailes Scrapped Successfully for -->  F00000O7XM
2021-06-12 13:01:13,136 - INFO - Successfully Loaded URL -->  https://www.morningstar.co.uk/uk/funds/snapshot/snapshot.aspx?id=F00000T1N4&tab=3
2021-06-12 13:01:28,962 - INFO - Detailes Scrapped Successfully for -->  F00000T1N4
2021-06-12 13:01:36,886 - INFO - Successfully Loaded URL -->  https://www.morningstar.co.uk/uk/funds/snapshot/snapshot.aspx?id=F00000SJSU&tab=3
2021-06-12 13:01:52,442 - INFO - Detailes Scrapped Successfully for -->  F00000SJSU
2021-06-12 13:01:59,121 - INFO - Successfully Loaded URL -->  https://www.morningstar.co.uk/uk/funds/snapshot/snapshot.aspx?id=F0GBR04FI9&tab=3
2021-06-12 13:02:12,314 - WARNING - Active Share Percent not available for -->  F0GBR04FI9
2021-06-12 13:02:17,560 - INFO - Detailes Scrapped Successfully for -->  F0GBR04FI9
2021-06-12 13:02:26,140 - INFO - Successfully Loaded URL -->  https://www.morningstar.co.uk/uk/funds/snapshot/snapshot.aspx?id=F0GBR04CHR&tab=3
2021-06-12 13:02:39,538 - WARNING - Active Share Percent not available for -->  F0GBR04CHR
2021-06-12 13:02:44,604 - INFO - Detailes Scrapped Successfully for -->  F0GBR04CHR
2021-06-12 13:02:51,997 - INFO - Successfully Loaded URL -->  https://www.morningstar.co.uk/uk/funds/snapshot/snapshot.aspx?id=F0GBR04CHN&tab=3
2021-06-12 13:03:06,175 - WARNING - Active Share Percent not available for -->  F0GBR04CHN
2021-06-12 13:03:11,328 - INFO - Detailes Scrapped Successfully for -->  F0GBR04CHN
2021-06-12 13:03:18,717 - INFO - Successfully Loaded URL -->  https://www.morningstar.co.uk/uk/funds/snapshot/snapshot.aspx?id=F00000PBF9&tab=3
2021-06-12 13:03:32,638 - WARNING - Active Share Percent not available for -->  F00000PBF9
2021-06-12 13:03:37,889 - INFO - Detailes Scrapped Successfully for -->  F00000PBF9
2021-06-12 13:03:44,222 - INFO - Successfully Loaded URL -->  https://www.morningstar.co.uk/uk/funds/snapshot/snapshot.aspx?id=F0GBR04KO2&tab=3
2021-06-12 13:03:59,587 - INFO - Detailes Scrapped Successfully for -->  F0GBR04KO2
2021-06-12 13:04:07,404 - INFO - Successfully Loaded URL -->  https://www.morningstar.co.uk/uk/funds/snapshot/snapshot.aspx?id=F0GBR05ZTJ&tab=3
2021-06-12 13:04:22,316 - INFO - Detailes Scrapped Successfully for -->  F0GBR05ZTJ
2021-06-12 13:04:30,013 - INFO - Successfully Loaded URL -->  https://www.morningstar.co.uk/uk/funds/snapshot/snapshot.aspx?id=F00000VD65&tab=3
2021-06-12 13:04:44,450 - INFO - Detailes Scrapped Successfully for -->  F00000VD65
2021-06-12 13:04:51,782 - INFO - Successfully Loaded URL -->  https://www.morningstar.co.uk/uk/funds/snapshot/snapshot.aspx?id=F0GBR059QG&tab=3
2021-06-12 13:05:08,361 - INFO - Detailes Scrapped Successfully for -->  F0GBR059QG
2021-06-12 13:05:16,469 - INFO - Successfully Loaded URL -->  https://www.morningstar.co.uk/uk/funds/snapshot/snapshot.aspx?id=F00000QBOD&tab=3
2021-06-12 13:05:32,085 - INFO - Detailes Scrapped Successfully for -->  F00000QBOD
2021-06-12 13:05:39,972 - INFO - Successfully Loaded URL -->  https://www.morningstar.co.uk/uk/funds/snapshot/snapshot.aspx?id=F00000V33Z&tab=3
2021-06-12 13:05:54,476 - INFO - Detailes Scrapped Successfully for -->  F00000V33Z
2021-06-12 13:06:01,031 - INFO - Successfully Loaded URL -->  https://www.morningstar.co.uk/uk/funds/snapshot/snapshot.aspx?id=F00000M0TW&tab=3
2021-06-12 13:06:17,436 - INFO - Detailes Scrapped Successfully for -->  F00000M0TW
