2021-06-12 15:13:26,464 - INFO - Successfully Loaded URL -->  https://www.morningstar.co.uk/uk/funds/snapshot/snapshot.aspx?id=F0GBR06P16&tab=3
2021-06-12 15:13:40,023 - WARNING - Active Share Percent not available for -->  F0GBR06P16
2021-06-12 15:13:45,255 - INFO - Detailes Scrapped Successfully for -->  F0GBR06P16
2021-06-12 15:13:53,714 - INFO - Successfully Loaded URL -->  https://www.morningstar.co.uk/uk/funds/snapshot/snapshot.aspx?id=F00000YQNL&tab=3
2021-06-12 15:14:07,126 - WARNING - Active Share Percent not available for -->  F00000YQNL
2021-06-12 15:14:12,110 - INFO - Detailes Scrapped Successfully for -->  F00000YQNL
2021-06-12 15:14:20,199 - INFO - Successfully Loaded URL -->  https://www.morningstar.co.uk/uk/funds/snapshot/snapshot.aspx?id=F0GBR04S2U&tab=3
2021-06-12 15:14:33,493 - WARNING - Active Share Percent not available for -->  F0GBR04S2U
2021-06-12 15:14:38,678 - INFO - Detailes Scrapped Successfully for -->  F0GBR04S2U
2021-06-12 15:14:46,045 - INFO - Successfully Loaded URL -->  https://www.morningstar.co.uk/uk/funds/snapshot/snapshot.aspx?id=F0GBR06O4X&tab=3
2021-06-12 15:14:59,382 - WARNING - Active Share Percent not available for -->  F0GBR06O4X
2021-06-12 15:15:04,569 - INFO - Detailes Scrapped Successfully for -->  F0GBR06O4X
2021-06-12 15:15:12,339 - INFO - Successfully Loaded URL -->  https://www.morningstar.co.uk/uk/funds/snapshot/snapshot.aspx?id=F00000PZHR&tab=3
2021-06-12 15:15:25,867 - WARNING - Active Share Percent not available for -->  F00000PZHR
2021-06-12 15:15:31,250 - INFO - Detailes Scrapped Successfully for -->  F00000PZHR
2021-06-12 15:15:38,787 - INFO - Successfully Loaded URL -->  https://www.morningstar.co.uk/uk/funds/snapshot/snapshot.aspx?id=F00000YQNM&tab=3
2021-06-12 15:15:52,067 - WARNING - Active Share Percent not available for -->  F00000YQNM
2021-06-12 15:15:57,120 - INFO - Detailes Scrapped Successfully for -->  F00000YQNM
2021-06-12 15:16:04,720 - INFO - Successfully Loaded URL -->  https://www.morningstar.co.uk/uk/funds/snapshot/snapshot.aspx?id=F0GBR06FXV&tab=3
2021-06-12 15:16:19,448 - INFO - Detailes Scrapped Successfully for -->  F0GBR06FXV
2021-06-12 15:16:26,681 - INFO - Successfully Loaded URL -->  https://www.morningstar.co.uk/uk/funds/snapshot/snapshot.aspx?id=F0GBR06FXX&tab=3
2021-06-12 15:16:41,107 - INFO - Detailes Scrapped Successfully for -->  F0GBR06FXX
2021-06-12 15:16:48,948 - INFO - Successfully Loaded URL -->  https://www.morningstar.co.uk/uk/funds/snapshot/snapshot.aspx?id=F0GBR06FY2&tab=3
2021-06-12 15:17:03,335 - INFO - Detailes Scrapped Successfully for -->  F0GBR06FY2
2021-06-12 15:17:10,768 - INFO - Successfully Loaded URL -->  https://www.morningstar.co.uk/uk/funds/snapshot/snapshot.aspx?id=F0GBR06FY0&tab=3
2021-06-12 15:17:25,183 - INFO - Detailes Scrapped Successfully for -->  F0GBR06FY0
2021-06-12 15:17:32,943 - INFO - Successfully Loaded URL -->  https://www.morningstar.co.uk/uk/funds/snapshot/snapshot.aspx?id=F0GBR06FY4&tab=3
2021-06-12 15:17:47,356 - INFO - Detailes Scrapped Successfully for -->  F0GBR06FY4
2021-06-12 15:17:54,422 - INFO - Successfully Loaded URL -->  https://www.morningstar.co.uk/uk/funds/snapshot/snapshot.aspx?id=F0GBR06FY6&tab=3
2021-06-12 15:18:08,638 - INFO - Detailes Scrapped Successfully for -->  F0GBR06FY6
2021-06-12 15:18:15,947 - INFO - Successfully Loaded URL -->  https://www.morningstar.co.uk/uk/funds/snapshot/snapshot.aspx?id=F00000ZTBI&tab=3
2021-06-12 15:18:29,944 - INFO - Detailes Scrapped Successfully for -->  F00000ZTBI
2021-06-12 15:18:37,343 - INFO - Successfully Loaded URL -->  https://www.morningstar.co.uk/uk/funds/snapshot/snapshot.aspx?id=F00000SJ22&tab=3
2021-06-12 15:18:51,352 - INFO - Detailes Scrapped Successfully for -->  F00000SJ22
2021-06-12 15:18:58,701 - INFO - Successfully Loaded URL -->  https://www.morningstar.co.uk/uk/funds/snapshot/snapshot.aspx?id=F00000SD92&tab=3
2021-06-12 15:19:12,731 - INFO - Detailes Scrapped Successfully for -->  F00000SD92
2021-06-12 15:19:20,365 - INFO - Successfully Loaded URL -->  https://www.morningstar.co.uk/uk/funds/snapshot/snapshot.aspx?id=F0GBR06LU1&tab=3
2021-06-12 15:19:36,543 - INFO - Detailes Scrapped Successfully for -->  F0GBR06LU1
2021-06-12 15:19:44,207 - INFO - Successfully Loaded URL -->  https://www.morningstar.co.uk/uk/funds/snapshot/snapshot.aspx?id=F0000003AN&tab=3
2021-06-12 15:19:57,828 - WARNING - Active Share Percent not available for -->  F0000003AN
2021-06-12 15:20:03,315 - INFO - Detailes Scrapped Successfully for -->  F0000003AN
2021-06-12 15:20:12,652 - INFO - Successfully Loaded URL -->  https://www.morningstar.co.uk/uk/funds/snapshot/snapshot.aspx?id=F00000W9ND&tab=3
2021-06-12 15:20:29,080 - WARNING - Active Share Percent not available for -->  F00000W9ND
2021-06-12 15:20:35,330 - INFO - Detailes Scrapped Successfully for -->  F00000W9ND
2021-06-12 15:20:42,835 - INFO - Successfully Loaded URL -->  https://www.morningstar.co.uk/uk/funds/snapshot/snapshot.aspx?id=F000010NXG&tab=3
2021-06-12 15:21:03,245 - INFO - Successfully Loaded URL -->  https://www.morningstar.co.uk/uk/funds/snapshot/snapshot.aspx?id=F000010NXG&tab=3
2021-06-12 15:21:03,245 - INFO - No Dialog to handle for ---> F000010NXG
2021-06-12 15:21:10,510 - INFO - Successfully Loaded URL -->  https://www.morningstar.co.uk/uk/funds/snapshot/snapshot.aspx?id=F000010NXG&tab=3
2021-06-12 15:21:14,545 - INFO - No Dialog to handle for ---> F000010NXG
2021-06-12 15:21:22,638 - CRITICAL - Issue with URL, Cannot Switch to Iframe Portfolio --> F000010NXG
2021-06-12 15:21:25,725 - INFO - Successfully Loaded URL -->  https://www.morningstar.co.uk/uk/funds/snapshot/snapshot.aspx?id=F000010NXJ&tab=3
2021-06-12 15:21:29,780 - INFO - No Dialog to Handle
2021-06-12 15:21:40,976 - INFO - Successfully Loaded URL -->  https://www.morningstar.co.uk/uk/funds/snapshot/snapshot.aspx?id=F000010NXJ&tab=3
2021-06-12 15:21:40,976 - INFO - No Dialog to handle for ---> F000010NXJ
2021-06-12 15:21:48,131 - INFO - Successfully Loaded URL -->  https://www.morningstar.co.uk/uk/funds/snapshot/snapshot.aspx?id=F000010NXJ&tab=3
2021-06-12 15:21:52,149 - INFO - No Dialog to handle for ---> F000010NXJ
2021-06-12 15:22:00,225 - CRITICAL - Issue with URL, Cannot Switch to Iframe Portfolio --> F000010NXJ
2021-06-12 15:22:06,805 - INFO - Successfully Loaded URL -->  https://www.morningstar.co.uk/uk/funds/snapshot/snapshot.aspx?id=F000010NXD&tab=3
2021-06-12 15:22:20,899 - INFO - Detailes Scrapped Successfully for -->  F000010NXD
2021-06-12 15:22:27,671 - INFO - Successfully Loaded URL -->  https://www.morningstar.co.uk/uk/funds/snapshot/snapshot.aspx?id=FOGBR05TW2&tab=3
2021-06-12 15:22:42,320 - INFO - Detailes Scrapped Successfully for -->  FOGBR05TW2
2021-06-12 15:22:48,751 - INFO - Successfully Loaded URL -->  https://www.morningstar.co.uk/uk/funds/snapshot/snapshot.aspx?id=FOGBR05TW3&tab=3
2021-06-12 15:23:12,932 - INFO - Detailes Scrapped Successfully for -->  FOGBR05TW3
2021-06-12 15:23:20,224 - INFO - Successfully Loaded URL -->  https://www.morningstar.co.uk/uk/funds/snapshot/snapshot.aspx?id=F0GBR06HSH&tab=3
2021-06-12 15:23:33,107 - WARNING - Active Share Percent not available for -->  F0GBR06HSH
2021-06-12 15:23:38,080 - INFO - Detailes Scrapped Successfully for -->  F0GBR06HSH
2021-06-12 15:23:45,519 - INFO - Successfully Loaded URL -->  https://www.morningstar.co.uk/uk/funds/snapshot/snapshot.aspx?id=F0GBR04SKO&tab=3
2021-06-12 15:24:00,097 - WARNING - Active Share Percent not available for -->  F0GBR04SKO
2021-06-12 15:24:06,763 - INFO - Detailes Scrapped Successfully for -->  F0GBR04SKO
2021-06-12 15:24:16,044 - INFO - Successfully Loaded URL -->  https://www.morningstar.co.uk/uk/funds/snapshot/snapshot.aspx?id=F0GBR04GK3&tab=3
2021-06-12 15:24:31,544 - WARNING - Active Share Percent not available for -->  F0GBR04GK3
2021-06-12 15:24:37,242 - INFO - Detailes Scrapped Successfully for -->  F0GBR04GK3
2021-06-12 15:24:43,812 - INFO - Successfully Loaded URL -->  https://www.morningstar.co.uk/uk/funds/snapshot/snapshot.aspx?id=F0GBR06FNX&tab=3
2021-06-12 15:24:58,762 - WARNING - Active Share Percent not available for -->  F0GBR06FNX
2021-06-12 15:25:06,640 - INFO - Detailes Scrapped Successfully for -->  F0GBR06FNX
2021-06-12 15:25:14,204 - INFO - Successfully Loaded URL -->  https://www.morningstar.co.uk/uk/funds/snapshot/snapshot.aspx?id=F0GBR06KRI&tab=3
2021-06-12 15:25:28,857 - INFO - Detailes Scrapped Successfully for -->  F0GBR06KRI
2021-06-12 15:25:35,051 - INFO - Successfully Loaded URL -->  https://www.morningstar.co.uk/uk/funds/snapshot/snapshot.aspx?id=F00000OY37&tab=3
2021-06-12 15:25:48,035 - WARNING - Active Share Percent not available for -->  F00000OY37
2021-06-12 15:25:53,064 - INFO - Detailes Scrapped Successfully for -->  F00000OY37
2021-06-12 15:26:00,469 - INFO - Successfully Loaded URL -->  https://www.morningstar.co.uk/uk/funds/snapshot/snapshot.aspx?id=F00000V5H9&tab=3
2021-06-12 15:26:13,701 - WARNING - Active Share Percent not available for -->  F00000V5H9
2021-06-12 15:26:18,726 - INFO - Detailes Scrapped Successfully for -->  F00000V5H9
2021-06-12 15:26:24,914 - INFO - Successfully Loaded URL -->  https://www.morningstar.co.uk/uk/funds/snapshot/snapshot.aspx?id=F00000ZDVB&tab=3
2021-06-12 15:26:38,301 - WARNING - Active Share Percent not available for -->  F00000ZDVB
2021-06-12 15:26:43,528 - INFO - Detailes Scrapped Successfully for -->  F00000ZDVB
2021-06-12 15:26:50,028 - INFO - Successfully Loaded URL -->  https://www.morningstar.co.uk/uk/funds/snapshot/snapshot.aspx?id=F00000ZDVD&tab=3
2021-06-12 15:27:03,188 - WARNING - Active Share Percent not available for -->  F00000ZDVD
2021-06-12 15:27:08,340 - INFO - Detailes Scrapped Successfully for -->  F00000ZDVD
2021-06-12 15:27:15,294 - INFO - Successfully Loaded URL -->  https://www.morningstar.co.uk/uk/funds/snapshot/snapshot.aspx?id=F00000Y4BM&tab=3
2021-06-12 15:27:29,400 - INFO - Detailes Scrapped Successfully for -->  F00000Y4BM
2021-06-12 15:27:35,746 - INFO - Successfully Loaded URL -->  https://www.morningstar.co.uk/uk/funds/snapshot/snapshot.aspx?id=F00000Y4BO&tab=3
2021-06-12 15:27:49,757 - INFO - Detailes Scrapped Successfully for -->  F00000Y4BO
2021-06-12 15:28:00,837 - INFO - Successfully Loaded URL -->  https://www.morningstar.co.uk/uk/funds/snapshot/snapshot.aspx?id=F00000Y4BQ&tab=3
2021-06-12 15:28:14,930 - INFO - Detailes Scrapped Successfully for -->  F00000Y4BQ
2021-06-12 15:28:22,632 - INFO - Successfully Loaded URL -->  https://www.morningstar.co.uk/uk/funds/snapshot/snapshot.aspx?id=F0GBR06J42&tab=3
2021-06-12 15:28:36,107 - WARNING - Active Share Percent not available for -->  F0GBR06J42
2021-06-12 15:28:41,139 - INFO - Detailes Scrapped Successfully for -->  F0GBR06J42
2021-06-12 15:28:48,405 - INFO - Successfully Loaded URL -->  https://www.morningstar.co.uk/uk/funds/snapshot/snapshot.aspx?id=F00000VKHB&tab=3
2021-06-12 15:29:02,360 - INFO - Detailes Scrapped Successfully for -->  F00000VKHB
2021-06-12 15:29:06,470 - INFO - Successfully Loaded URL -->  https://www.morningstar.co.uk/uk/funds/snapshot/snapshot.aspx?id=F0GBR050J6&tab=3
2021-06-12 15:29:10,537 - INFO - No Dialog to Handle
2021-06-12 15:29:21,687 - INFO - Successfully Loaded URL -->  https://www.morningstar.co.uk/uk/funds/snapshot/snapshot.aspx?id=F0GBR050J6&tab=3
2021-06-12 15:29:21,687 - INFO - No Dialog to handle for ---> F0GBR050J6
2021-06-12 15:29:28,798 - INFO - Successfully Loaded URL -->  https://www.morningstar.co.uk/uk/funds/snapshot/snapshot.aspx?id=F0GBR050J6&tab=3
2021-06-12 15:29:32,841 - INFO - No Dialog to handle for ---> F0GBR050J6
2021-06-12 15:29:40,919 - CRITICAL - Issue with URL, Cannot Switch to Iframe Portfolio --> F0GBR050J6
2021-06-12 15:29:48,249 - INFO - Successfully Loaded URL -->  https://www.morningstar.co.uk/uk/funds/snapshot/snapshot.aspx?id=F0GBR06L03&tab=3
2021-06-12 15:30:01,872 - INFO - Detailes Scrapped Successfully for -->  F0GBR06L03
2021-06-12 15:30:08,341 - INFO - Successfully Loaded URL -->  https://www.morningstar.co.uk/uk/funds/snapshot/snapshot.aspx?id=F00000NF4R&tab=3
2021-06-12 15:30:22,283 - INFO - Detailes Scrapped Successfully for -->  F00000NF4R
2021-06-12 15:30:28,995 - INFO - Successfully Loaded URL -->  https://www.morningstar.co.uk/uk/funds/snapshot/snapshot.aspx?id=F00000NF4S&tab=3
2021-06-12 15:30:43,317 - INFO - Detailes Scrapped Successfully for -->  F00000NF4S
2021-06-12 15:30:50,087 - INFO - Successfully Loaded URL -->  https://www.morningstar.co.uk/uk/funds/snapshot/snapshot.aspx?id=F00000OXO9&tab=3
2021-06-12 15:31:06,119 - INFO - Detailes Scrapped Successfully for -->  F00000OXO9
2021-06-12 15:31:12,854 - INFO - Successfully Loaded URL -->  https://www.morningstar.co.uk/uk/funds/snapshot/snapshot.aspx?id=F00000XSAU&tab=3
2021-06-12 15:31:27,333 - INFO - Detailes Scrapped Successfully for -->  F00000XSAU
2021-06-12 15:31:34,800 - INFO - Successfully Loaded URL -->  https://www.morningstar.co.uk/uk/funds/snapshot/snapshot.aspx?id=F00000XSB4&tab=3
2021-06-12 15:31:48,629 - INFO - Detailes Scrapped Successfully for -->  F00000XSB4
2021-06-12 15:31:54,743 - INFO - Successfully Loaded URL -->  https://www.morningstar.co.uk/uk/funds/snapshot/snapshot.aspx?id=F00000XSB2&tab=3
2021-06-12 15:32:08,906 - INFO - Detailes Scrapped Successfully for -->  F00000XSB2
2021-06-12 15:32:15,612 - INFO - Successfully Loaded URL -->  https://www.morningstar.co.uk/uk/funds/snapshot/snapshot.aspx?id=F00000XSB7&tab=3
2021-06-12 15:32:29,899 - INFO - Detailes Scrapped Successfully for -->  F00000XSB7
2021-06-12 15:32:39,161 - INFO - Successfully Loaded URL -->  https://www.morningstar.co.uk/uk/funds/snapshot/snapshot.aspx?id=F00000XSBG&tab=3
2021-06-12 15:32:53,422 - INFO - Detailes Scrapped Successfully for -->  F00000XSBG
2021-06-12 15:33:11,362 - INFO - Successfully Loaded URL -->  https://www.morningstar.co.uk/uk/funds/snapshot/snapshot.aspx?id=F00000XSB3&tab=3
2021-06-12 15:33:26,749 - INFO - Detailes Scrapped Successfully for -->  F00000XSB3
2021-06-12 15:33:33,604 - INFO - Successfully Loaded URL -->  https://www.morningstar.co.uk/uk/funds/snapshot/snapshot.aspx?id=F00000XSBB&tab=3
2021-06-12 15:33:57,064 - INFO - Successfully Loaded URL -->  https://www.morningstar.co.uk/uk/funds/snapshot/snapshot.aspx?id=F00000XSBB&tab=3
2021-06-12 15:33:57,064 - INFO - No Dialog to handle for ---> F00000XSBB
2021-06-12 15:34:08,152 - INFO - Successfully Loaded URL -->  https://www.morningstar.co.uk/uk/funds/snapshot/snapshot.aspx?id=F00000XSBB&tab=3
2021-06-12 15:34:22,198 - INFO - Detailes Scrapped Successfully for -->  F00000XSBB
2021-06-12 15:34:28,596 - INFO - Successfully Loaded URL -->  https://www.morningstar.co.uk/uk/funds/snapshot/snapshot.aspx?id=F00000WHAF&tab=3
2021-06-12 15:34:42,788 - WARNING - Sector Percent details not scrapped for -->  F00000WHAF
2021-06-12 15:34:47,694 - INFO - Detailes Scrapped Successfully for -->  F00000WHAF
2021-06-12 15:34:55,734 - INFO - Successfully Loaded URL -->  https://www.morningstar.co.uk/uk/funds/snapshot/snapshot.aspx?id=F00000X5VF&tab=3
2021-06-12 15:35:09,912 - INFO - Detailes Scrapped Successfully for -->  F00000X5VF
2021-06-12 15:35:14,062 - INFO - Successfully Loaded URL -->  https://www.morningstar.co.uk/uk/funds/snapshot/snapshot.aspx?id=F000003THQ&tab=3
2021-06-12 15:35:18,116 - INFO - No Dialog to Handle
2021-06-12 15:35:33,450 - INFO - Successfully Loaded URL -->  https://www.morningstar.co.uk/uk/funds/snapshot/snapshot.aspx?id=F000003THQ&tab=3
2021-06-12 15:35:33,450 - INFO - No Dialog to handle for ---> F000003THQ
2021-06-12 15:35:47,389 - INFO - Detailes Scrapped Successfully for -->  F000003THQ
2021-06-12 15:35:53,843 - INFO - Successfully Loaded URL -->  https://www.morningstar.co.uk/uk/funds/snapshot/snapshot.aspx?id=F00000OU93&tab=3
2021-06-12 15:36:07,735 - INFO - Detailes Scrapped Successfully for -->  F00000OU93
2021-06-12 15:36:15,165 - INFO - Successfully Loaded URL -->  https://www.morningstar.co.uk/uk/funds/snapshot/snapshot.aspx?id=F00000XWYS&tab=3
2021-06-12 15:36:29,550 - INFO - Detailes Scrapped Successfully for -->  F00000XWYS
2021-06-12 15:36:36,281 - INFO - Successfully Loaded URL -->  https://www.morningstar.co.uk/uk/funds/snapshot/snapshot.aspx?id=F0GBR06XGA&tab=3
2021-06-12 15:36:50,344 - INFO - Detailes Scrapped Successfully for -->  F0GBR06XGA
2021-06-12 15:36:57,223 - INFO - Successfully Loaded URL -->  https://www.morningstar.co.uk/uk/funds/snapshot/snapshot.aspx?id=F0GBR06XG9&tab=3
2021-06-12 15:37:11,260 - INFO - Detailes Scrapped Successfully for -->  F0GBR06XG9
2021-06-12 15:37:17,847 - INFO - Successfully Loaded URL -->  https://www.morningstar.co.uk/uk/funds/snapshot/snapshot.aspx?id=F00000MF1W&tab=3
2021-06-12 15:37:32,021 - INFO - Detailes Scrapped Successfully for -->  F00000MF1W
2021-06-12 15:37:39,278 - INFO - Successfully Loaded URL -->  https://www.morningstar.co.uk/uk/funds/snapshot/snapshot.aspx?id=F00000UF1Z&tab=3
2021-06-12 15:37:54,011 - INFO - Detailes Scrapped Successfully for -->  F00000UF1Z
2021-06-12 15:37:58,115 - INFO - Successfully Loaded URL -->  https://www.morningstar.co.uk/uk/funds/snapshot/snapshot.aspx?id=0P000148YE&tab=3
2021-06-12 15:38:02,137 - INFO - No Dialog to Handle
2021-06-12 15:38:16,578 - INFO - Successfully Loaded URL -->  https://www.morningstar.co.uk/uk/funds/snapshot/snapshot.aspx?id=0P000148YE&tab=3
2021-06-12 15:38:16,578 - INFO - No Dialog to handle for ---> 0P000148YE
2021-06-12 15:38:30,758 - INFO - Detailes Scrapped Successfully for -->  0P000148YE
2021-06-12 15:38:37,448 - INFO - Successfully Loaded URL -->  https://www.morningstar.co.uk/uk/funds/snapshot/snapshot.aspx?id=F00000OU96&tab=3
2021-06-12 15:38:52,589 - INFO - Detailes Scrapped Successfully for -->  F00000OU96
2021-06-12 15:39:00,042 - INFO - Successfully Loaded URL -->  https://www.morningstar.co.uk/uk/funds/snapshot/snapshot.aspx?id=F00000Z1T9&tab=3
2021-06-12 15:39:14,110 - INFO - Detailes Scrapped Successfully for -->  F00000Z1T9
2021-06-12 15:39:20,397 - INFO - Successfully Loaded URL -->  https://www.morningstar.co.uk/uk/funds/snapshot/snapshot.aspx?id=F0GBR059RK&tab=3
2021-06-12 15:39:34,412 - INFO - Detailes Scrapped Successfully for -->  F0GBR059RK
2021-06-12 15:39:41,669 - INFO - Successfully Loaded URL -->  https://www.morningstar.co.uk/uk/funds/snapshot/snapshot.aspx?id=F0GBR04GPJ&tab=3
2021-06-12 15:39:55,618 - INFO - Detailes Scrapped Successfully for -->  F0GBR04GPJ
2021-06-12 15:40:03,227 - INFO - Successfully Loaded URL -->  https://www.morningstar.co.uk/uk/funds/snapshot/snapshot.aspx?id=F0GBR06P0W&tab=3
2021-06-12 15:40:16,085 - WARNING - Active Share Percent not available for -->  F0GBR06P0W
2021-06-12 15:40:21,095 - INFO - Detailes Scrapped Successfully for -->  F0GBR06P0W
2021-06-12 15:40:27,624 - INFO - Successfully Loaded URL -->  https://www.morningstar.co.uk/uk/funds/snapshot/snapshot.aspx?id=F0GBR04HKP&tab=3
2021-06-12 15:40:40,546 - WARNING - Active Share Percent not available for -->  F0GBR04HKP
2021-06-12 15:40:45,522 - INFO - Detailes Scrapped Successfully for -->  F0GBR04HKP
2021-06-12 15:40:52,123 - INFO - Successfully Loaded URL -->  https://www.morningstar.co.uk/uk/funds/snapshot/snapshot.aspx?id=F00000OU9I&tab=3
2021-06-12 15:41:05,019 - WARNING - Active Share Percent not available for -->  F00000OU9I
2021-06-12 15:41:10,001 - INFO - Detailes Scrapped Successfully for -->  F00000OU9I
2021-06-12 15:41:18,005 - INFO - Successfully Loaded URL -->  https://www.morningstar.co.uk/uk/funds/snapshot/snapshot.aspx?id=F000014MAT&tab=3
2021-06-12 15:41:31,993 - INFO - Detailes Scrapped Successfully for -->  F000014MAT
2021-06-12 15:41:38,118 - INFO - Successfully Loaded URL -->  https://www.morningstar.co.uk/uk/funds/snapshot/snapshot.aspx?id=F00000MDB1&tab=3
2021-06-12 15:41:52,216 - INFO - Detailes Scrapped Successfully for -->  F00000MDB1
2021-06-12 15:41:58,825 - INFO - Successfully Loaded URL -->  https://www.morningstar.co.uk/uk/funds/snapshot/snapshot.aspx?id=F00000MDAZ&tab=3
2021-06-12 15:42:12,618 - INFO - Detailes Scrapped Successfully for -->  F00000MDAZ
2021-06-12 15:42:19,665 - INFO - Successfully Loaded URL -->  https://www.morningstar.co.uk/uk/funds/snapshot/snapshot.aspx?id=F00000TQLQ&tab=3
2021-06-12 15:42:32,844 - WARNING - Active Share Percent not available for -->  F00000TQLQ
2021-06-12 15:42:34,141 - INFO - Seems to be a Fund of Fund -->  F00000TQLQ
2021-06-12 15:42:37,809 - INFO - Detailes Scrapped Successfully for -->  F00000TQLQ
2021-06-12 15:42:43,938 - INFO - Successfully Loaded URL -->  https://www.morningstar.co.uk/uk/funds/snapshot/snapshot.aspx?id=F00000TQLS&tab=3
2021-06-12 15:42:56,913 - WARNING - Active Share Percent not available for -->  F00000TQLS
2021-06-12 15:42:58,210 - INFO - Seems to be a Fund of Fund -->  F00000TQLS
2021-06-12 15:43:01,987 - INFO - Detailes Scrapped Successfully for -->  F00000TQLS
2021-06-12 15:43:09,488 - INFO - Successfully Loaded URL -->  https://www.morningstar.co.uk/uk/funds/snapshot/snapshot.aspx?id=F00000TQMF&tab=3
2021-06-12 15:43:23,331 - INFO - Detailes Scrapped Successfully for -->  F00000TQMF
2021-06-12 15:43:30,502 - INFO - Successfully Loaded URL -->  https://www.morningstar.co.uk/uk/funds/snapshot/snapshot.aspx?id=F00000TQMJ&tab=3
2021-06-12 15:43:44,371 - INFO - Detailes Scrapped Successfully for -->  F00000TQMJ
2021-06-12 15:43:51,078 - INFO - Successfully Loaded URL -->  https://www.morningstar.co.uk/uk/funds/snapshot/snapshot.aspx?id=F00000WQ4L&tab=3
2021-06-12 15:44:03,991 - WARNING - Active Share Percent not available for -->  F00000WQ4L
2021-06-12 15:44:09,262 - INFO - Detailes Scrapped Successfully for -->  F00000WQ4L
2021-06-12 15:44:15,649 - INFO - Successfully Loaded URL -->  https://www.morningstar.co.uk/uk/funds/snapshot/snapshot.aspx?id=F00000WQ4H&tab=3
2021-06-12 15:44:28,971 - WARNING - Active Share Percent not available for -->  F00000WQ4H
2021-06-12 15:44:33,977 - INFO - Detailes Scrapped Successfully for -->  F00000WQ4H
2021-06-12 15:44:38,076 - INFO - Successfully Loaded URL -->  https://www.morningstar.co.uk/uk/funds/snapshot/snapshot.aspx?id=F00000WQ4J&tab=3
2021-06-12 15:44:42,137 - INFO - No Dialog to Handle
2021-06-12 15:44:53,387 - INFO - Successfully Loaded URL -->  https://www.morningstar.co.uk/uk/funds/snapshot/snapshot.aspx?id=F00000WQ4J&tab=3
2021-06-12 15:44:53,387 - INFO - No Dialog to handle for ---> F00000WQ4J
2021-06-12 15:45:00,480 - INFO - Successfully Loaded URL -->  https://www.morningstar.co.uk/uk/funds/snapshot/snapshot.aspx?id=F00000WQ4J&tab=3
2021-06-12 15:45:04,502 - INFO - No Dialog to handle for ---> F00000WQ4J
2021-06-12 15:45:12,644 - CRITICAL - Issue with URL, Cannot Switch to Iframe Portfolio --> F00000WQ4J
2021-06-12 15:45:18,880 - INFO - Successfully Loaded URL -->  https://www.morningstar.co.uk/uk/funds/snapshot/snapshot.aspx?id=F00000SJ7Y&tab=3
2021-06-12 15:45:31,937 - WARNING - Active Share Percent not available for -->  F00000SJ7Y
2021-06-12 15:45:37,073 - INFO - Detailes Scrapped Successfully for -->  F00000SJ7Y
2021-06-12 15:45:43,145 - INFO - Successfully Loaded URL -->  https://www.morningstar.co.uk/uk/funds/snapshot/snapshot.aspx?id=F00000ZTV3&tab=3
2021-06-12 15:45:56,440 - WARNING - Active Share Percent not available for -->  F00000ZTV3
2021-06-12 15:46:01,878 - INFO - Detailes Scrapped Successfully for -->  F00000ZTV3
2021-06-12 15:46:08,570 - INFO - Successfully Loaded URL -->  https://www.morningstar.co.uk/uk/funds/snapshot/snapshot.aspx?id=F0GBR06OGV&tab=3
2021-06-12 15:46:21,763 - WARNING - Active Share Percent not available for -->  F0GBR06OGV
2021-06-12 15:46:26,926 - INFO - Detailes Scrapped Successfully for -->  F0GBR06OGV
2021-06-12 15:46:34,122 - INFO - Successfully Loaded URL -->  https://www.morningstar.co.uk/uk/funds/snapshot/snapshot.aspx?id=F0GBR06OGU&tab=3
2021-06-12 15:46:47,813 - WARNING - Active Share Percent not available for -->  F0GBR06OGU
2021-06-12 15:46:52,965 - INFO - Detailes Scrapped Successfully for -->  F0GBR06OGU
2021-06-12 15:46:59,286 - INFO - Successfully Loaded URL -->  https://www.morningstar.co.uk/uk/funds/snapshot/snapshot.aspx?id=F0GBR06OGX&tab=3
2021-06-12 15:47:12,209 - WARNING - Active Share Percent not available for -->  F0GBR06OGX
2021-06-12 15:47:17,327 - INFO - Detailes Scrapped Successfully for -->  F0GBR06OGX
2021-06-12 15:47:23,826 - INFO - Successfully Loaded URL -->  https://www.morningstar.co.uk/uk/funds/snapshot/snapshot.aspx?id=F00000OIGU&tab=3
2021-06-12 15:47:38,229 - INFO - Detailes Scrapped Successfully for -->  F00000OIGU
2021-06-12 15:47:44,580 - INFO - Successfully Loaded URL -->  https://www.morningstar.co.uk/uk/funds/snapshot/snapshot.aspx?id=F000014PU7&tab=3
2021-06-12 15:47:58,897 - INFO - Detailes Scrapped Successfully for -->  F000014PU7
2021-06-12 15:48:05,108 - INFO - Successfully Loaded URL -->  https://www.morningstar.co.uk/uk/funds/snapshot/snapshot.aspx?id=F00000WK2T&tab=3
2021-06-12 15:48:19,374 - INFO - Detailes Scrapped Successfully for -->  F00000WK2T
2021-06-12 15:48:26,328 - INFO - Successfully Loaded URL -->  https://www.morningstar.co.uk/uk/funds/snapshot/snapshot.aspx?id=F00000Q6JT&tab=3
2021-06-12 15:48:40,553 - INFO - Detailes Scrapped Successfully for -->  F00000Q6JT
2021-06-12 15:48:47,251 - INFO - Successfully Loaded URL -->  https://www.morningstar.co.uk/uk/funds/snapshot/snapshot.aspx?id=F00000Q6JU&tab=3
2021-06-12 15:49:01,493 - INFO - Detailes Scrapped Successfully for -->  F00000Q6JU
2021-06-12 15:49:07,965 - INFO - Successfully Loaded URL -->  https://www.morningstar.co.uk/uk/funds/snapshot/snapshot.aspx?id=F00000SZGU&tab=3
2021-06-12 15:49:21,875 - INFO - Detailes Scrapped Successfully for -->  F00000SZGU
2021-06-12 15:49:28,419 - INFO - Successfully Loaded URL -->  https://www.morningstar.co.uk/uk/funds/snapshot/snapshot.aspx?id=F00000XXVT&tab=3
2021-06-12 15:49:41,355 - WARNING - Active Share Percent not available for -->  F00000XXVT
2021-06-12 15:49:46,348 - INFO - Detailes Scrapped Successfully for -->  F00000XXVT
2021-06-12 15:49:53,161 - INFO - Successfully Loaded URL -->  https://www.morningstar.co.uk/uk/funds/snapshot/snapshot.aspx?id=F00000LWVH&tab=3
2021-06-12 15:50:06,776 - WARNING - Active Share Percent not available for -->  F00000LWVH
2021-06-12 15:50:11,743 - INFO - Detailes Scrapped Successfully for -->  F00000LWVH
2021-06-12 15:50:18,539 - INFO - Successfully Loaded URL -->  https://www.morningstar.co.uk/uk/funds/snapshot/snapshot.aspx?id=F00000UDZ7&tab=3
2021-06-12 15:50:31,445 - WARNING - Active Share Percent not available for -->  F00000UDZ7
2021-06-12 15:50:36,428 - INFO - Detailes Scrapped Successfully for -->  F00000UDZ7
2021-06-12 15:50:42,659 - INFO - Successfully Loaded URL -->  https://www.morningstar.co.uk/uk/funds/snapshot/snapshot.aspx?id=F000003YD1&tab=3
2021-06-12 15:50:55,627 - WARNING - Active Share Percent not available for -->  F000003YD1
2021-06-12 15:51:00,655 - INFO - Detailes Scrapped Successfully for -->  F000003YD1
2021-06-12 15:51:06,972 - INFO - Successfully Loaded URL -->  https://www.morningstar.co.uk/uk/funds/snapshot/snapshot.aspx?id=F00000UDZA&tab=3
2021-06-12 15:51:23,475 - INFO - Successfully Loaded URL -->  https://www.morningstar.co.uk/uk/funds/snapshot/snapshot.aspx?id=F00000UDZA&tab=3
2021-06-12 15:51:23,475 - INFO - No Dialog to handle for ---> F00000UDZA
2021-06-12 15:51:30,592 - INFO - Successfully Loaded URL -->  https://www.morningstar.co.uk/uk/funds/snapshot/snapshot.aspx?id=F00000UDZA&tab=3
2021-06-12 15:51:34,641 - INFO - No Dialog to handle for ---> F00000UDZA
2021-06-12 15:51:42,703 - CRITICAL - Issue with URL, Cannot Switch to Iframe Portfolio --> F00000UDZA
2021-06-12 15:51:49,927 - INFO - Successfully Loaded URL -->  https://www.morningstar.co.uk/uk/funds/snapshot/snapshot.aspx?id=F00000XUIV&tab=3
2021-06-12 15:51:53,961 - INFO - No Dialog to Handle
2021-06-12 15:51:59,395 - WARNING - Active Share Percent not available for -->  F00000XUIV
2021-06-12 15:52:04,240 - INFO - Detailes Scrapped Successfully for -->  F00000XUIV
2021-06-12 15:52:10,664 - INFO - Successfully Loaded URL -->  https://www.morningstar.co.uk/uk/funds/snapshot/snapshot.aspx?id=F00000XUIW&tab=3
2021-06-12 15:52:23,543 - WARNING - Active Share Percent not available for -->  F00000XUIW
2021-06-12 15:52:28,446 - INFO - Detailes Scrapped Successfully for -->  F00000XUIW
2021-06-12 15:52:35,514 - INFO - Successfully Loaded URL -->  https://www.morningstar.co.uk/uk/funds/snapshot/snapshot.aspx?id=F00000YLXY&tab=3
2021-06-12 15:52:48,299 - WARNING - Active Share Percent not available for -->  F00000YLXY
2021-06-12 15:52:53,267 - INFO - Detailes Scrapped Successfully for -->  F00000YLXY
2021-06-12 15:53:00,630 - INFO - Successfully Loaded URL -->  https://www.morningstar.co.uk/uk/funds/snapshot/snapshot.aspx?id=F00000YLXW&tab=3
2021-06-12 15:53:13,483 - WARNING - Active Share Percent not available for -->  F00000YLXW
2021-06-12 15:53:18,360 - INFO - Detailes Scrapped Successfully for -->  F00000YLXW
2021-06-12 15:53:26,107 - INFO - Successfully Loaded URL -->  https://www.morningstar.co.uk/uk/funds/snapshot/snapshot.aspx?id=F00000VIF2&tab=3
2021-06-12 15:53:39,896 - INFO - Detailes Scrapped Successfully for -->  F00000VIF2
2021-06-12 15:53:46,993 - INFO - Successfully Loaded URL -->  https://www.morningstar.co.uk/uk/funds/snapshot/snapshot.aspx?id=F00000VIF4&tab=3
2021-06-12 15:54:00,885 - INFO - Detailes Scrapped Successfully for -->  F00000VIF4
2021-06-12 15:54:08,528 - INFO - Successfully Loaded URL -->  https://www.morningstar.co.uk/uk/funds/snapshot/snapshot.aspx?id=F00000VIF6&tab=3
2021-06-12 15:54:23,009 - INFO - Detailes Scrapped Successfully for -->  F00000VIF6
2021-06-12 15:54:29,945 - INFO - Successfully Loaded URL -->  https://www.morningstar.co.uk/uk/funds/snapshot/snapshot.aspx?id=F00000TGIQ&tab=3
2021-06-12 15:54:42,964 - WARNING - Active Share Percent not available for -->  F00000TGIQ
2021-06-12 15:54:48,183 - INFO - Detailes Scrapped Successfully for -->  F00000TGIQ
2021-06-12 15:54:55,680 - INFO - Successfully Loaded URL -->  https://www.morningstar.co.uk/uk/funds/snapshot/snapshot.aspx?id=F00000O5G5&tab=3
2021-06-12 15:55:09,135 - WARNING - Active Share Percent not available for -->  F00000O5G5
2021-06-12 15:55:14,202 - INFO - Detailes Scrapped Successfully for -->  F00000O5G5
2021-06-12 15:55:21,601 - INFO - Successfully Loaded URL -->  https://www.morningstar.co.uk/uk/funds/snapshot/snapshot.aspx?id=F000000KX0&tab=3
2021-06-12 15:55:35,805 - INFO - Detailes Scrapped Successfully for -->  F000000KX0
2021-06-12 15:55:42,871 - INFO - Successfully Loaded URL -->  https://www.morningstar.co.uk/uk/funds/snapshot/snapshot.aspx?id=F000000KX4&tab=3
2021-06-12 15:55:56,883 - INFO - Detailes Scrapped Successfully for -->  F000000KX4
2021-06-12 15:56:02,898 - INFO - Successfully Loaded URL -->  https://www.morningstar.co.uk/uk/funds/snapshot/snapshot.aspx?id=F00000TGGO&tab=3
2021-06-12 15:56:16,840 - INFO - Detailes Scrapped Successfully for -->  F00000TGGO
2021-06-12 15:56:24,226 - INFO - Successfully Loaded URL -->  https://www.morningstar.co.uk/uk/funds/snapshot/snapshot.aspx?id=F00000TGFI&tab=3
2021-06-12 15:56:38,235 - INFO - Detailes Scrapped Successfully for -->  F00000TGFI
