2021-06-15 13:45:01,495 - INFO - Successfully Loaded URL -->  https://www.morningstar.co.uk/uk/funds/snapshot/snapshot.aspx?id=F0GBR063QR&tab=3
2021-06-15 13:45:16,308 - INFO - Detailes Scrapped Successfully for -->  F0GBR063QR
2021-06-15 13:45:22,962 - INFO - Successfully Loaded URL -->  https://www.morningstar.co.uk/uk/funds/snapshot/snapshot.aspx?id=F0GBR064G3&tab=3
2021-06-15 13:45:37,211 - INFO - Detailes Scrapped Successfully for -->  F0GBR064G3
2021-06-15 13:45:43,932 - INFO - Successfully Loaded URL -->  https://www.morningstar.co.uk/uk/funds/snapshot/snapshot.aspx?id=F0GBR04LG0&tab=3
2021-06-15 13:45:57,223 - WARNING - Active Share Percent not available for -->  F0GBR04LG0
2021-06-15 13:46:02,180 - INFO - Detailes Scrapped Successfully for -->  F0GBR04LG0
2021-06-15 13:46:10,106 - INFO - Successfully Loaded URL -->  https://www.morningstar.co.uk/uk/funds/snapshot/snapshot.aspx?id=F0GBR04NOI&tab=3
2021-06-15 13:46:23,285 - WARNING - Active Share Percent not available for -->  F0GBR04NOI
2021-06-15 13:46:28,268 - INFO - Detailes Scrapped Successfully for -->  F0GBR04NOI
2021-06-15 13:46:36,146 - INFO - Successfully Loaded URL -->  https://www.morningstar.co.uk/uk/funds/snapshot/snapshot.aspx?id=F00000LI6I&tab=3
2021-06-15 13:46:49,406 - WARNING - Active Share Percent not available for -->  F00000LI6I
2021-06-15 13:46:54,377 - INFO - Detailes Scrapped Successfully for -->  F00000LI6I
2021-06-15 13:47:01,556 - INFO - Successfully Loaded URL -->  https://www.morningstar.co.uk/uk/funds/snapshot/snapshot.aspx?id=F00000LI6K&tab=3
2021-06-15 13:47:15,030 - WARNING - Active Share Percent not available for -->  F00000LI6K
2021-06-15 13:47:20,021 - INFO - Detailes Scrapped Successfully for -->  F00000LI6K
2021-06-15 13:47:26,779 - INFO - Successfully Loaded URL -->  https://www.morningstar.co.uk/uk/funds/snapshot/snapshot.aspx?id=F00000V95O&tab=3
2021-06-15 13:47:41,408 - INFO - Detailes Scrapped Successfully for -->  F00000V95O
2021-06-15 13:47:48,098 - INFO - Successfully Loaded URL -->  https://www.morningstar.co.uk/uk/funds/snapshot/snapshot.aspx?id=F000001FSF&tab=3
2021-06-15 13:48:02,159 - INFO - Detailes Scrapped Successfully for -->  F000001FSF
2021-06-15 13:48:09,818 - INFO - Successfully Loaded URL -->  https://www.morningstar.co.uk/uk/funds/snapshot/snapshot.aspx?id=F000001FSG&tab=3
2021-06-15 13:48:24,322 - INFO - Detailes Scrapped Successfully for -->  F000001FSG
2021-06-15 13:48:31,575 - INFO - Successfully Loaded URL -->  https://www.morningstar.co.uk/uk/funds/snapshot/snapshot.aspx?id=F000001FSH&tab=3
2021-06-15 13:48:46,079 - INFO - Detailes Scrapped Successfully for -->  F000001FSH
2021-06-15 13:48:53,123 - INFO - Successfully Loaded URL -->  https://www.morningstar.co.uk/uk/funds/snapshot/snapshot.aspx?id=F00000ZSGN&tab=3
2021-06-15 13:49:07,421 - INFO - Detailes Scrapped Successfully for -->  F00000ZSGN
2021-06-15 13:49:15,478 - INFO - Successfully Loaded URL -->  https://www.morningstar.co.uk/uk/funds/snapshot/snapshot.aspx?id=F0GBR04B7V&tab=3
2021-06-15 13:49:29,446 - WARNING - Active Share Percent not available for -->  F0GBR04B7V
2021-06-15 13:49:34,428 - INFO - Detailes Scrapped Successfully for -->  F0GBR04B7V
2021-06-15 13:49:42,080 - INFO - Successfully Loaded URL -->  https://www.morningstar.co.uk/uk/funds/snapshot/snapshot.aspx?id=F0GBR04B84&tab=3
2021-06-15 13:49:56,895 - WARNING - Active Share Percent not available for -->  F0GBR04B84
2021-06-15 13:50:02,156 - INFO - Detailes Scrapped Successfully for -->  F0GBR04B84
2021-06-15 13:50:09,886 - INFO - Successfully Loaded URL -->  https://www.morningstar.co.uk/uk/funds/snapshot/snapshot.aspx?id=F000002JGN&tab=3
2021-06-15 13:50:25,231 - INFO - Detailes Scrapped Successfully for -->  F000002JGN
2021-06-15 13:50:33,378 - INFO - Successfully Loaded URL -->  https://www.morningstar.co.uk/uk/funds/snapshot/snapshot.aspx?id=F000002JGK&tab=3
2021-06-15 13:50:46,736 - WARNING - Active Share Percent not available for -->  F000002JGK
2021-06-15 13:50:51,852 - INFO - Detailes Scrapped Successfully for -->  F000002JGK
2021-06-15 13:50:59,815 - INFO - Successfully Loaded URL -->  https://www.morningstar.co.uk/uk/funds/snapshot/snapshot.aspx?id=F000002JGM&tab=3
2021-06-15 13:51:12,975 - WARNING - Active Share Percent not available for -->  F000002JGM
2021-06-15 13:51:18,098 - INFO - Detailes Scrapped Successfully for -->  F000002JGM
2021-06-15 13:51:25,572 - INFO - Successfully Loaded URL -->  https://www.morningstar.co.uk/uk/funds/snapshot/snapshot.aspx?id=F0GBR04BB5&tab=3
2021-06-15 13:51:39,275 - WARNING - Active Share Percent not available for -->  F0GBR04BB5
2021-06-15 13:51:44,349 - INFO - Detailes Scrapped Successfully for -->  F0GBR04BB5
2021-06-15 13:51:52,055 - INFO - Successfully Loaded URL -->  https://www.morningstar.co.uk/uk/funds/snapshot/snapshot.aspx?id=F0GBR05ZT6&tab=3
2021-06-15 13:52:05,135 - WARNING - Active Share Percent not available for -->  F0GBR05ZT6
2021-06-15 13:52:10,248 - INFO - Detailes Scrapped Successfully for -->  F0GBR05ZT6
2021-06-15 13:52:17,383 - INFO - Successfully Loaded URL -->  https://www.morningstar.co.uk/uk/funds/snapshot/snapshot.aspx?id=F0GBR04BB7&tab=3
2021-06-15 13:52:30,466 - WARNING - Active Share Percent not available for -->  F0GBR04BB7
2021-06-15 13:52:35,513 - INFO - Detailes Scrapped Successfully for -->  F0GBR04BB7
2021-06-15 13:52:43,914 - INFO - Successfully Loaded URL -->  https://www.morningstar.co.uk/uk/funds/snapshot/snapshot.aspx?id=F0GBR04RN2&tab=3
2021-06-15 13:52:58,236 - INFO - Detailes Scrapped Successfully for -->  F0GBR04RN2
2021-06-15 13:53:04,760 - INFO - Successfully Loaded URL -->  https://www.morningstar.co.uk/uk/funds/snapshot/snapshot.aspx?id=F0GBR04RN4&tab=3
2021-06-15 13:53:19,371 - INFO - Detailes Scrapped Successfully for -->  F0GBR04RN4
2021-06-15 13:53:27,442 - INFO - Successfully Loaded URL -->  https://www.morningstar.co.uk/uk/funds/snapshot/snapshot.aspx?id=F00000VKPB&tab=3
2021-06-15 13:53:41,664 - INFO - Detailes Scrapped Successfully for -->  F00000VKPB
2021-06-15 13:53:48,564 - INFO - Successfully Loaded URL -->  https://www.morningstar.co.uk/uk/funds/snapshot/snapshot.aspx?id=F0000104DE&tab=3
2021-06-15 13:54:02,907 - INFO - Detailes Scrapped Successfully for -->  F0000104DE
2021-06-15 13:54:09,511 - INFO - Successfully Loaded URL -->  https://www.morningstar.co.uk/uk/funds/snapshot/snapshot.aspx?id=F00000VKPC&tab=3
2021-06-15 13:54:23,721 - INFO - Detailes Scrapped Successfully for -->  F00000VKPC
2021-06-15 13:54:31,571 - INFO - Successfully Loaded URL -->  https://www.morningstar.co.uk/uk/funds/snapshot/snapshot.aspx?id=F00000YP4W&tab=3
2021-06-15 13:54:45,886 - INFO - Detailes Scrapped Successfully for -->  F00000YP4W
2021-06-15 13:54:53,745 - INFO - Successfully Loaded URL -->  https://www.morningstar.co.uk/uk/funds/snapshot/snapshot.aspx?id=F000005ETU&tab=3
2021-06-15 13:55:06,886 - WARNING - Active Share Percent not available for -->  F000005ETU
2021-06-15 13:55:12,004 - INFO - Detailes Scrapped Successfully for -->  F000005ETU
2021-06-15 13:55:48,646 - INFO - Successfully Loaded URL -->  https://www.morningstar.co.uk/uk/funds/snapshot/snapshot.aspx?id=F00000QHNI&tab=3
2021-06-15 13:56:03,138 - WARNING - Active Share Percent not available for -->  F00000QHNI
2021-06-15 13:56:08,821 - INFO - Detailes Scrapped Successfully for -->  F00000QHNI
2021-06-15 13:56:15,319 - INFO - Successfully Loaded URL -->  https://www.morningstar.co.uk/uk/funds/snapshot/snapshot.aspx?id=F00000VU2Y&tab=3
2021-06-15 13:56:29,467 - WARNING - Active Share Percent not available for -->  F00000VU2Y
2021-06-15 13:56:34,520 - INFO - Detailes Scrapped Successfully for -->  F00000VU2Y
2021-06-15 13:56:42,481 - INFO - Successfully Loaded URL -->  https://www.morningstar.co.uk/uk/funds/snapshot/snapshot.aspx?id=F0GBR04CQI&tab=3
2021-06-15 13:56:55,691 - WARNING - Active Share Percent not available for -->  F0GBR04CQI
2021-06-15 13:57:00,843 - INFO - Detailes Scrapped Successfully for -->  F0GBR04CQI
2021-06-15 13:57:07,763 - INFO - Successfully Loaded URL -->  https://www.morningstar.co.uk/uk/funds/snapshot/snapshot.aspx?id=F0GBR04RVH&tab=3
2021-06-15 13:57:21,160 - WARNING - Active Share Percent not available for -->  F0GBR04RVH
2021-06-15 13:57:26,257 - INFO - Detailes Scrapped Successfully for -->  F0GBR04RVH
2021-06-15 13:57:33,008 - INFO - Successfully Loaded URL -->  https://www.morningstar.co.uk/uk/funds/snapshot/snapshot.aspx?id=F00000QHNK&tab=3
2021-06-15 13:57:46,178 - WARNING - Active Share Percent not available for -->  F00000QHNK
2021-06-15 13:57:51,312 - INFO - Detailes Scrapped Successfully for -->  F00000QHNK
2021-06-15 13:57:59,151 - INFO - Successfully Loaded URL -->  https://www.morningstar.co.uk/uk/funds/snapshot/snapshot.aspx?id=F00000VU2X&tab=3
2021-06-15 13:58:12,853 - WARNING - Active Share Percent not available for -->  F00000VU2X
2021-06-15 13:58:18,176 - INFO - Detailes Scrapped Successfully for -->  F00000VU2X
2021-06-15 13:58:25,864 - INFO - Successfully Loaded URL -->  https://www.morningstar.co.uk/uk/funds/snapshot/snapshot.aspx?id=F00000PPYP&tab=3
2021-06-15 13:58:39,720 - WARNING - Active Share Percent not available for -->  F00000PPYP
2021-06-15 13:58:44,870 - INFO - Detailes Scrapped Successfully for -->  F00000PPYP
2021-06-15 13:58:52,509 - INFO - Successfully Loaded URL -->  https://www.morningstar.co.uk/uk/funds/snapshot/snapshot.aspx?id=F00000WBSY&tab=3
2021-06-15 13:59:05,649 - WARNING - Active Share Percent not available for -->  F00000WBSY
2021-06-15 13:59:10,864 - INFO - Detailes Scrapped Successfully for -->  F00000WBSY
2021-06-15 13:59:17,924 - INFO - Successfully Loaded URL -->  https://www.morningstar.co.uk/uk/funds/snapshot/snapshot.aspx?id=F00000QHNM&tab=3
2021-06-15 13:59:30,996 - WARNING - Active Share Percent not available for -->  F00000QHNM
2021-06-15 13:59:36,053 - INFO - Detailes Scrapped Successfully for -->  F00000QHNM
2021-06-15 13:59:42,571 - INFO - Successfully Loaded URL -->  https://www.morningstar.co.uk/uk/funds/snapshot/snapshot.aspx?id=F00000QHNO&tab=3
2021-06-15 13:59:55,826 - WARNING - Active Share Percent not available for -->  F00000QHNO
2021-06-15 14:00:00,924 - INFO - Detailes Scrapped Successfully for -->  F00000QHNO
2021-06-15 14:00:09,944 - INFO - Successfully Loaded URL -->  https://www.morningstar.co.uk/uk/funds/snapshot/snapshot.aspx?id=F00000QHNQ&tab=3
2021-06-15 14:00:23,495 - WARNING - Active Share Percent not available for -->  F00000QHNQ
2021-06-15 14:00:28,428 - INFO - Detailes Scrapped Successfully for -->  F00000QHNQ
2021-06-15 14:00:36,006 - INFO - Successfully Loaded URL -->  https://www.morningstar.co.uk/uk/funds/snapshot/snapshot.aspx?id=F00000QHNT&tab=3
2021-06-15 14:00:49,278 - WARNING - Active Share Percent not available for -->  F00000QHNT
2021-06-15 14:00:54,252 - INFO - Detailes Scrapped Successfully for -->  F00000QHNT
2021-06-15 14:01:00,876 - INFO - Successfully Loaded URL -->  https://www.morningstar.co.uk/uk/funds/snapshot/snapshot.aspx?id=F00000QHNW&tab=3
2021-06-15 14:01:13,818 - WARNING - Active Share Percent not available for -->  F00000QHNW
2021-06-15 14:01:18,983 - INFO - Detailes Scrapped Successfully for -->  F00000QHNW
2021-06-15 14:01:26,636 - INFO - Successfully Loaded URL -->  https://www.morningstar.co.uk/uk/funds/snapshot/snapshot.aspx?id=F00000XDKD&tab=3
2021-06-15 14:01:40,800 - INFO - Detailes Scrapped Successfully for -->  F00000XDKD
2021-06-15 14:01:48,833 - INFO - Successfully Loaded URL -->  https://www.morningstar.co.uk/uk/funds/snapshot/snapshot.aspx?id=F000002RCJ&tab=3
2021-06-15 14:02:02,951 - INFO - Detailes Scrapped Successfully for -->  F000002RCJ
2021-06-15 14:02:10,472 - INFO - Successfully Loaded URL -->  https://www.morningstar.co.uk/uk/funds/snapshot/snapshot.aspx?id=F000011982&tab=3
2021-06-15 14:02:23,766 - WARNING - Active Share Percent not available for -->  F000011982
2021-06-15 14:02:28,904 - INFO - Detailes Scrapped Successfully for -->  F000011982
2021-06-15 14:02:35,575 - INFO - Successfully Loaded URL -->  https://www.morningstar.co.uk/uk/funds/snapshot/snapshot.aspx?id=F00000WMDY&tab=3
2021-06-15 14:02:48,704 - WARNING - Active Share Percent not available for -->  F00000WMDY
2021-06-15 14:02:53,775 - INFO - Detailes Scrapped Successfully for -->  F00000WMDY
2021-06-15 14:03:01,153 - INFO - Successfully Loaded URL -->  https://www.morningstar.co.uk/uk/funds/snapshot/snapshot.aspx?id=F00000Z4A8&tab=3
2021-06-15 14:03:17,619 - WARNING - Active Share Percent not available for -->  F00000Z4A8
2021-06-15 14:03:22,577 - INFO - Detailes Scrapped Successfully for -->  F00000Z4A8
2021-06-15 14:03:28,944 - INFO - Successfully Loaded URL -->  https://www.morningstar.co.uk/uk/funds/snapshot/snapshot.aspx?id=F00000ZGCY&tab=3
2021-06-15 14:03:43,253 - INFO - Detailes Scrapped Successfully for -->  F00000ZGCY
2021-06-15 14:03:50,741 - INFO - Successfully Loaded URL -->  https://www.morningstar.co.uk/uk/funds/snapshot/snapshot.aspx?id=F00000ZS1K&tab=3
2021-06-15 14:04:03,974 - WARNING - Active Share Percent not available for -->  F00000ZS1K
2021-06-15 14:04:08,979 - INFO - Detailes Scrapped Successfully for -->  F00000ZS1K
2021-06-15 14:04:15,765 - INFO - Successfully Loaded URL -->  https://www.morningstar.co.uk/uk/funds/snapshot/snapshot.aspx?id=F00000ZG9Q&tab=3
2021-06-15 14:04:28,786 - WARNING - Active Share Percent not available for -->  F00000ZG9Q
2021-06-15 14:04:33,860 - INFO - Detailes Scrapped Successfully for -->  F00000ZG9Q
2021-06-15 14:04:41,335 - INFO - Successfully Loaded URL -->  https://www.morningstar.co.uk/uk/funds/snapshot/snapshot.aspx?id=F00000ZGDQ&tab=3
2021-06-15 14:04:54,921 - WARNING - Active Share Percent not available for -->  F00000ZGDQ
2021-06-15 14:04:59,892 - INFO - Detailes Scrapped Successfully for -->  F00000ZGDQ
2021-06-15 14:05:07,831 - INFO - Successfully Loaded URL -->  https://www.morningstar.co.uk/uk/funds/snapshot/snapshot.aspx?id=F000003UW0&tab=3
2021-06-15 14:05:21,878 - INFO - Detailes Scrapped Successfully for -->  F000003UW0
2021-06-15 14:05:29,912 - INFO - Successfully Loaded URL -->  https://www.morningstar.co.uk/uk/funds/snapshot/snapshot.aspx?id=F00000JUGK&tab=3
2021-06-15 14:05:43,898 - INFO - Detailes Scrapped Successfully for -->  F00000JUGK
2021-06-15 14:05:52,102 - INFO - Successfully Loaded URL -->  https://www.morningstar.co.uk/uk/funds/snapshot/snapshot.aspx?id=F0GBR04KNB&tab=3
2021-06-15 14:06:05,252 - WARNING - Active Share Percent not available for -->  F0GBR04KNB
2021-06-15 14:06:10,269 - INFO - Detailes Scrapped Successfully for -->  F0GBR04KNB
2021-06-15 14:06:18,237 - INFO - Successfully Loaded URL -->  https://www.morningstar.co.uk/uk/funds/snapshot/snapshot.aspx?id=F00000YIFK&tab=3
2021-06-15 14:06:31,627 - WARNING - Active Share Percent not available for -->  F00000YIFK
2021-06-15 14:06:36,713 - INFO - Detailes Scrapped Successfully for -->  F00000YIFK
2021-06-15 14:06:48,166 - INFO - Successfully Loaded URL -->  https://www.morningstar.co.uk/uk/funds/snapshot/snapshot.aspx?id=F00000QK99&tab=3
2021-06-15 14:07:01,472 - WARNING - Active Share Percent not available for -->  F00000QK99
2021-06-15 14:07:06,561 - INFO - Detailes Scrapped Successfully for -->  F00000QK99
2021-06-15 14:07:14,299 - INFO - Successfully Loaded URL -->  https://www.morningstar.co.uk/uk/funds/snapshot/snapshot.aspx?id=F00000YFOR&tab=3
2021-06-15 14:07:28,417 - INFO - Detailes Scrapped Successfully for -->  F00000YFOR
2021-06-15 14:07:36,356 - INFO - Successfully Loaded URL -->  https://www.morningstar.co.uk/uk/funds/snapshot/snapshot.aspx?id=F00000YFOV&tab=3
2021-06-15 14:07:50,573 - INFO - Detailes Scrapped Successfully for -->  F00000YFOV
2021-06-15 14:07:58,083 - INFO - Successfully Loaded URL -->  https://www.morningstar.co.uk/uk/funds/snapshot/snapshot.aspx?id=F00000OXUQ&tab=3
2021-06-15 14:08:11,061 - WARNING - Active Share Percent not available for -->  F00000OXUQ
2021-06-15 14:08:16,100 - INFO - Detailes Scrapped Successfully for -->  F00000OXUQ
2021-06-15 14:08:23,558 - INFO - Successfully Loaded URL -->  https://www.morningstar.co.uk/uk/funds/snapshot/snapshot.aspx?id=F00000YIFV&tab=3
2021-06-15 14:08:36,677 - WARNING - Active Share Percent not available for -->  F00000YIFV
2021-06-15 14:08:41,709 - INFO - Detailes Scrapped Successfully for -->  F00000YIFV
2021-06-15 14:08:48,122 - INFO - Successfully Loaded URL -->  https://www.morningstar.co.uk/uk/funds/snapshot/snapshot.aspx?id=F00000XCZ6&tab=3
2021-06-15 14:09:01,090 - WARNING - Active Share Percent not available for -->  F00000XCZ6
2021-06-15 14:09:06,208 - INFO - Detailes Scrapped Successfully for -->  F00000XCZ6
2021-06-15 14:09:12,938 - INFO - Successfully Loaded URL -->  https://www.morningstar.co.uk/uk/funds/snapshot/snapshot.aspx?id=F0GBR04RTP&tab=3
2021-06-15 14:09:27,063 - INFO - Detailes Scrapped Successfully for -->  F0GBR04RTP
2021-06-15 14:09:33,732 - INFO - Successfully Loaded URL -->  https://www.morningstar.co.uk/uk/funds/snapshot/snapshot.aspx?id=F00000MJPO&tab=3
2021-06-15 14:09:48,081 - INFO - Detailes Scrapped Successfully for -->  F00000MJPO
2021-06-15 14:09:54,793 - INFO - Successfully Loaded URL -->  https://www.morningstar.co.uk/uk/funds/snapshot/snapshot.aspx?id=F00000WNYS&tab=3
2021-06-15 14:10:09,027 - INFO - Detailes Scrapped Successfully for -->  F00000WNYS
2021-06-15 14:10:17,757 - INFO - Successfully Loaded URL -->  https://www.morningstar.co.uk/uk/funds/snapshot/snapshot.aspx?id=F00000MEQ8&tab=3
2021-06-15 14:10:31,919 - INFO - Detailes Scrapped Successfully for -->  F00000MEQ8
2021-06-15 14:10:38,777 - INFO - Successfully Loaded URL -->  https://www.morningstar.co.uk/uk/funds/snapshot/snapshot.aspx?id=F00000MEQK&tab=3
2021-06-15 14:10:53,509 - INFO - Detailes Scrapped Successfully for -->  F00000MEQK
2021-06-15 14:11:00,336 - INFO - Successfully Loaded URL -->  https://www.morningstar.co.uk/uk/funds/snapshot/snapshot.aspx?id=F00000WNYT&tab=3
2021-06-15 14:11:14,824 - INFO - Detailes Scrapped Successfully for -->  F00000WNYT
2021-06-15 14:11:21,653 - INFO - Successfully Loaded URL -->  https://www.morningstar.co.uk/uk/funds/snapshot/snapshot.aspx?id=F0GBR04K8B&tab=3
2021-06-15 14:11:36,441 - INFO - Detailes Scrapped Successfully for -->  F0GBR04K8B
2021-06-15 14:11:42,942 - INFO - Successfully Loaded URL -->  https://www.morningstar.co.uk/uk/funds/snapshot/snapshot.aspx?id=F00000GWFO&tab=3
2021-06-15 14:11:57,583 - INFO - Detailes Scrapped Successfully for -->  F00000GWFO
2021-06-15 14:12:04,597 - INFO - Successfully Loaded URL -->  https://www.morningstar.co.uk/uk/funds/snapshot/snapshot.aspx?id=F00000QQRN&tab=3
2021-06-15 14:12:18,997 - INFO - Detailes Scrapped Successfully for -->  F00000QQRN
2021-06-15 14:12:25,746 - INFO - Successfully Loaded URL -->  https://www.morningstar.co.uk/uk/funds/snapshot/snapshot.aspx?id=F00000QQRM&tab=3
2021-06-15 14:12:42,861 - INFO - Detailes Scrapped Successfully for -->  F00000QQRM
2021-06-15 14:12:50,507 - INFO - Successfully Loaded URL -->  https://www.morningstar.co.uk/uk/funds/snapshot/snapshot.aspx?id=F00000VQY5&tab=3
2021-06-15 14:13:04,500 - INFO - Detailes Scrapped Successfully for -->  F00000VQY5
2021-06-15 14:13:10,782 - INFO - Successfully Loaded URL -->  https://www.morningstar.co.uk/uk/funds/snapshot/snapshot.aspx?id=F0GBR05Z1J&tab=3
2021-06-15 14:13:25,728 - INFO - Detailes Scrapped Successfully for -->  F0GBR05Z1J
2021-06-15 14:13:33,185 - INFO - Successfully Loaded URL -->  https://www.morningstar.co.uk/uk/funds/snapshot/snapshot.aspx?id=0P0000VV42&tab=3
2021-06-15 14:13:47,278 - INFO - Detailes Scrapped Successfully for -->  0P0000VV42
2021-06-15 14:13:53,712 - INFO - Successfully Loaded URL -->  https://www.morningstar.co.uk/uk/funds/snapshot/snapshot.aspx?id=F000002K15&tab=3
2021-06-15 14:14:07,849 - INFO - Detailes Scrapped Successfully for -->  F000002K15
2021-06-15 14:14:16,397 - INFO - Successfully Loaded URL -->  https://www.morningstar.co.uk/uk/funds/snapshot/snapshot.aspx?id=0P0001HDB3&tab=3
2021-06-15 14:14:30,485 - INFO - Detailes Scrapped Successfully for -->  0P0001HDB3
2021-06-15 14:14:37,882 - INFO - Successfully Loaded URL -->  https://www.morningstar.co.uk/uk/funds/snapshot/snapshot.aspx?id=F00000PLS1&tab=3
2021-06-15 14:14:51,876 - INFO - Detailes Scrapped Successfully for -->  F00000PLS1
2021-06-15 14:14:58,427 - INFO - Successfully Loaded URL -->  https://www.morningstar.co.uk/uk/funds/snapshot/snapshot.aspx?id=F0GBR04ANX&tab=3
2021-06-15 14:15:12,367 - WARNING - Active Share Percent not available for -->  F0GBR04ANX
2021-06-15 14:15:17,430 - INFO - Detailes Scrapped Successfully for -->  F0GBR04ANX
2021-06-15 14:15:24,352 - INFO - Successfully Loaded URL -->  https://www.morningstar.co.uk/uk/funds/snapshot/snapshot.aspx?id=0P0000VHKG&tab=3
2021-06-15 14:15:37,504 - WARNING - Active Share Percent not available for -->  0P0000VHKG
2021-06-15 14:15:42,570 - INFO - Detailes Scrapped Successfully for -->  0P0000VHKG
2021-06-15 14:15:49,159 - INFO - Successfully Loaded URL -->  https://www.morningstar.co.uk/uk/funds/snapshot/snapshot.aspx?id=F000000ECE&tab=3
2021-06-15 14:16:02,206 - WARNING - Active Share Percent not available for -->  F000000ECE
2021-06-15 14:16:07,172 - INFO - Detailes Scrapped Successfully for -->  F000000ECE
2021-06-15 14:16:15,085 - INFO - Successfully Loaded URL -->  https://www.morningstar.co.uk/uk/funds/snapshot/snapshot.aspx?id=0P0000X6Y2&tab=3
2021-06-15 14:16:28,157 - WARNING - Active Share Percent not available for -->  0P0000X6Y2
2021-06-15 14:16:33,202 - INFO - Detailes Scrapped Successfully for -->  0P0000X6Y2
2021-06-15 14:16:39,839 - INFO - Successfully Loaded URL -->  https://www.morningstar.co.uk/uk/funds/snapshot/snapshot.aspx?id=F0000020RR&tab=3
2021-06-15 14:16:52,903 - WARNING - Active Share Percent not available for -->  F0000020RR
2021-06-15 14:16:57,874 - INFO - Detailes Scrapped Successfully for -->  F0000020RR
2021-06-15 14:17:04,718 - INFO - Successfully Loaded URL -->  https://www.morningstar.co.uk/uk/funds/snapshot/snapshot.aspx?id=F00000LLTT&tab=3
2021-06-15 14:17:17,709 - WARNING - Active Share Percent not available for -->  F00000LLTT
2021-06-15 14:17:22,669 - INFO - Detailes Scrapped Successfully for -->  F00000LLTT
2021-06-15 14:17:30,995 - INFO - Successfully Loaded URL -->  https://www.morningstar.co.uk/uk/funds/snapshot/snapshot.aspx?id=0P0001IY5M&tab=3
2021-06-15 14:17:44,005 - WARNING - Active Share Percent not available for -->  0P0001IY5M
2021-06-15 14:17:49,083 - INFO - Detailes Scrapped Successfully for -->  0P0001IY5M
2021-06-15 14:17:55,868 - INFO - Successfully Loaded URL -->  https://www.morningstar.co.uk/uk/funds/snapshot/snapshot.aspx?id=F00000LX1G&tab=3
2021-06-15 14:18:09,048 - WARNING - Active Share Percent not available for -->  F00000LX1G
2021-06-15 14:18:14,199 - INFO - Detailes Scrapped Successfully for -->  F00000LX1G
2021-06-15 14:18:21,983 - INFO - Successfully Loaded URL -->  https://www.morningstar.co.uk/uk/funds/snapshot/snapshot.aspx?id=0P0001HDB4&tab=3
2021-06-15 14:18:35,278 - WARNING - Active Share Percent not available for -->  0P0001HDB4
2021-06-15 14:18:40,469 - INFO - Detailes Scrapped Successfully for -->  0P0001HDB4
2021-06-15 14:18:47,915 - INFO - Successfully Loaded URL -->  https://www.morningstar.co.uk/uk/funds/snapshot/snapshot.aspx?id=F00000VQ88&tab=3
2021-06-15 14:19:01,078 - WARNING - Active Share Percent not available for -->  F00000VQ88
2021-06-15 14:19:06,426 - INFO - Detailes Scrapped Successfully for -->  F00000VQ88
2021-06-15 14:19:14,090 - INFO - Successfully Loaded URL -->  https://www.morningstar.co.uk/uk/funds/snapshot/snapshot.aspx?id=0P0001IY5K&tab=3
2021-06-15 14:19:27,429 - WARNING - Active Share Percent not available for -->  0P0001IY5K
2021-06-15 14:19:32,566 - INFO - Detailes Scrapped Successfully for -->  0P0001IY5K
2021-06-15 14:19:41,024 - INFO - Successfully Loaded URL -->  https://www.morningstar.co.uk/uk/funds/snapshot/snapshot.aspx?id=F0GBR068QC&tab=3
2021-06-15 14:19:54,406 - WARNING - Active Share Percent not available for -->  F0GBR068QC
2021-06-15 14:19:59,475 - INFO - Detailes Scrapped Successfully for -->  F0GBR068QC
2021-06-15 14:20:08,098 - INFO - Successfully Loaded URL -->  https://www.morningstar.co.uk/uk/funds/snapshot/snapshot.aspx?id=0P0000VHKJ&tab=3
2021-06-15 14:20:21,241 - WARNING - Active Share Percent not available for -->  0P0000VHKJ
2021-06-15 14:20:26,271 - INFO - Detailes Scrapped Successfully for -->  0P0000VHKJ
2021-06-15 14:20:35,090 - INFO - Successfully Loaded URL -->  https://www.morningstar.co.uk/uk/funds/snapshot/snapshot.aspx?id=F0000020UI&tab=3
2021-06-15 14:20:48,153 - WARNING - Active Share Percent not available for -->  F0000020UI
2021-06-15 14:20:53,205 - INFO - Detailes Scrapped Successfully for -->  F0000020UI
2021-06-15 14:21:01,457 - INFO - Successfully Loaded URL -->  https://www.morningstar.co.uk/uk/funds/snapshot/snapshot.aspx?id=0P0000X6Y3&tab=3
2021-06-15 14:21:14,679 - WARNING - Active Share Percent not available for -->  0P0000X6Y3
2021-06-15 14:21:19,725 - INFO - Detailes Scrapped Successfully for -->  0P0000X6Y3
2021-06-15 14:21:27,227 - INFO - Successfully Loaded URL -->  https://www.morningstar.co.uk/uk/funds/snapshot/snapshot.aspx?id=F00000M85C&tab=3
2021-06-15 14:21:40,371 - WARNING - Active Share Percent not available for -->  F00000M85C
2021-06-15 14:21:45,389 - INFO - Detailes Scrapped Successfully for -->  F00000M85C
2021-06-15 14:21:53,385 - INFO - Successfully Loaded URL -->  https://www.morningstar.co.uk/uk/funds/snapshot/snapshot.aspx?id=0P0000VHKL&tab=3
2021-06-15 14:22:06,540 - WARNING - Active Share Percent not available for -->  0P0000VHKL
2021-06-15 14:22:11,587 - INFO - Detailes Scrapped Successfully for -->  0P0000VHKL
2021-06-15 14:22:18,618 - INFO - Successfully Loaded URL -->  https://www.morningstar.co.uk/uk/funds/snapshot/snapshot.aspx?id=F0GBR04APF&tab=3
2021-06-15 14:22:31,705 - WARNING - Active Share Percent not available for -->  F0GBR04APF
2021-06-15 14:22:36,735 - INFO - Detailes Scrapped Successfully for -->  F0GBR04APF
2021-06-15 14:22:44,428 - INFO - Successfully Loaded URL -->  https://www.morningstar.co.uk/uk/funds/snapshot/snapshot.aspx?id=0P0000W7OO&tab=3
2021-06-15 14:22:57,581 - WARNING - Active Share Percent not available for -->  0P0000W7OO
2021-06-15 14:23:02,617 - INFO - Detailes Scrapped Successfully for -->  0P0000W7OO
2021-06-15 14:23:09,093 - INFO - Successfully Loaded URL -->  https://www.morningstar.co.uk/uk/funds/snapshot/snapshot.aspx?id=F000000ECF&tab=3
2021-06-15 14:23:22,249 - WARNING - Active Share Percent not available for -->  F000000ECF
2021-06-15 14:23:27,283 - INFO - Detailes Scrapped Successfully for -->  F000000ECF
2021-06-15 14:23:35,239 - INFO - Successfully Loaded URL -->  https://www.morningstar.co.uk/uk/funds/snapshot/snapshot.aspx?id=0P0000VHKN&tab=3
2021-06-15 14:23:48,487 - WARNING - Active Share Percent not available for -->  0P0000VHKN
2021-06-15 14:23:53,752 - INFO - Detailes Scrapped Successfully for -->  0P0000VHKN
2021-06-15 14:24:01,369 - INFO - Successfully Loaded URL -->  https://www.morningstar.co.uk/uk/funds/snapshot/snapshot.aspx?id=F0000020RZ&tab=3
2021-06-15 14:24:14,456 - WARNING - Active Share Percent not available for -->  F0000020RZ
2021-06-15 14:24:19,466 - INFO - Detailes Scrapped Successfully for -->  F0000020RZ
2021-06-15 14:24:26,328 - INFO - Successfully Loaded URL -->  https://www.morningstar.co.uk/uk/funds/snapshot/snapshot.aspx?id=F0GBR04F7W&tab=3
2021-06-15 14:24:39,626 - WARNING - Active Share Percent not available for -->  F0GBR04F7W
2021-06-15 14:24:44,608 - INFO - Detailes Scrapped Successfully for -->  F0GBR04F7W
2021-06-15 14:24:51,388 - INFO - Successfully Loaded URL -->  https://www.morningstar.co.uk/uk/funds/snapshot/snapshot.aspx?id=0P0000VHKP&tab=3
2021-06-15 14:25:04,637 - WARNING - Active Share Percent not available for -->  0P0000VHKP
2021-06-15 14:25:09,609 - INFO - Detailes Scrapped Successfully for -->  0P0000VHKP
2021-06-15 14:25:17,983 - INFO - Successfully Loaded URL -->  https://www.morningstar.co.uk/uk/funds/snapshot/snapshot.aspx?id=F000000ECJ&tab=3
2021-06-15 14:25:31,132 - WARNING - Active Share Percent not available for -->  F000000ECJ
2021-06-15 14:25:36,582 - INFO - Detailes Scrapped Successfully for -->  F000000ECJ
2021-06-15 14:25:44,393 - INFO - Successfully Loaded URL -->  https://www.morningstar.co.uk/uk/funds/snapshot/snapshot.aspx?id=0P0000X6Y4&tab=3
2021-06-15 14:25:57,644 - WARNING - Active Share Percent not available for -->  0P0000X6Y4
2021-06-15 14:26:03,000 - INFO - Detailes Scrapped Successfully for -->  0P0000X6Y4
