2021-06-11 20:10:42,170 - INFO - Successfully Loaded URL -->  https://www.morningstar.co.uk/uk/funds/snapshot/snapshot.aspx?id=F000003VYC&tab=3
2021-06-11 20:10:56,116 - WARNING - Active Share Percent not available for -->  F000003VYC
2021-06-11 20:11:01,262 - INFO - Detailes Scrapped Successfully for -->  F000003VYC
2021-06-11 20:11:09,237 - INFO - Successfully Loaded URL -->  https://www.morningstar.co.uk/uk/funds/snapshot/snapshot.aspx?id=F00000YQH5&tab=3
2021-06-11 20:11:22,990 - WARNING - Active Share Percent not available for -->  F00000YQH5
2021-06-11 20:11:28,108 - INFO - Detailes Scrapped Successfully for -->  F00000YQH5
2021-06-11 20:11:35,562 - INFO - Successfully Loaded URL -->  https://www.morningstar.co.uk/uk/funds/snapshot/snapshot.aspx?id=F00000YQH6&tab=3
2021-06-11 20:11:49,285 - WARNING - Active Share Percent not available for -->  F00000YQH6
2021-06-11 20:11:54,378 - INFO - Detailes Scrapped Successfully for -->  F00000YQH6
2021-06-11 20:11:58,513 - INFO - Successfully Loaded URL -->  https://www.morningstar.co.uk/uk/funds/snapshot/snapshot.aspx?id=F00000YQH7&tab=3
2021-06-11 20:12:02,572 - INFO - No Dialog to Handle
2021-06-11 20:12:17,708 - INFO - Successfully Loaded URL -->  https://www.morningstar.co.uk/uk/funds/snapshot/snapshot.aspx?id=F00000YQH7&tab=3
2021-06-11 20:12:17,708 - INFO - No Dialog to handle for ---> F00000YQH7
2021-06-11 20:12:31,008 - WARNING - Active Share Percent not available for -->  F00000YQH7
2021-06-11 20:12:36,134 - INFO - Detailes Scrapped Successfully for -->  F00000YQH7
2021-06-11 20:12:44,773 - INFO - Successfully Loaded URL -->  https://www.morningstar.co.uk/uk/funds/snapshot/snapshot.aspx?id=F0GBR04OCB&tab=3
2021-06-11 20:12:59,207 - INFO - Detailes Scrapped Successfully for -->  F0GBR04OCB
2021-06-11 20:13:07,306 - INFO - Successfully Loaded URL -->  https://www.morningstar.co.uk/uk/funds/snapshot/snapshot.aspx?id=F000003VYM&tab=3
2021-06-11 20:13:25,097 - INFO - Detailes Scrapped Successfully for -->  F000003VYM
2021-06-11 20:13:32,663 - INFO - Successfully Loaded URL -->  https://www.morningstar.co.uk/uk/funds/snapshot/snapshot.aspx?id=F00000YQH8&tab=3
2021-06-11 20:13:47,733 - INFO - Detailes Scrapped Successfully for -->  F00000YQH8
2021-06-11 20:13:55,461 - INFO - Successfully Loaded URL -->  https://www.morningstar.co.uk/uk/funds/snapshot/snapshot.aspx?id=F00000YQH9&tab=3
2021-06-11 20:14:12,287 - INFO - Detailes Scrapped Successfully for -->  F00000YQH9
2021-06-11 20:14:21,132 - INFO - Successfully Loaded URL -->  https://www.morningstar.co.uk/uk/funds/snapshot/snapshot.aspx?id=F00000YQHA&tab=3
2021-06-11 20:14:39,424 - INFO - Detailes Scrapped Successfully for -->  F00000YQHA
2021-06-11 20:14:48,149 - INFO - Successfully Loaded URL -->  https://www.morningstar.co.uk/uk/funds/snapshot/snapshot.aspx?id=F0GBR04OC5&tab=3
2021-06-11 20:15:06,291 - INFO - Detailes Scrapped Successfully for -->  F0GBR04OC5
2021-06-11 20:15:14,922 - INFO - Successfully Loaded URL -->  https://www.morningstar.co.uk/uk/funds/snapshot/snapshot.aspx?id=F000003VYU&tab=3
2021-06-11 20:15:31,299 - INFO - Detailes Scrapped Successfully for -->  F000003VYU
2021-06-11 20:15:38,650 - INFO - Successfully Loaded URL -->  https://www.morningstar.co.uk/uk/funds/snapshot/snapshot.aspx?id=F000003VYG&tab=3
2021-06-11 20:15:53,470 - INFO - Detailes Scrapped Successfully for -->  F000003VYG
2021-06-11 20:16:01,329 - INFO - Successfully Loaded URL -->  https://www.morningstar.co.uk/uk/funds/snapshot/snapshot.aspx?id=F00000YQHD&tab=3
2021-06-11 20:16:16,967 - INFO - Detailes Scrapped Successfully for -->  F00000YQHD
2021-06-11 20:16:23,420 - INFO - Successfully Loaded URL -->  https://www.morningstar.co.uk/uk/funds/snapshot/snapshot.aspx?id=F00000YQHE&tab=3
2021-06-11 20:16:40,402 - INFO - Detailes Scrapped Successfully for -->  F00000YQHE
2021-06-11 20:16:48,406 - INFO - Successfully Loaded URL -->  https://www.morningstar.co.uk/uk/funds/snapshot/snapshot.aspx?id=F00000YQHF&tab=3
2021-06-11 20:17:03,433 - INFO - Detailes Scrapped Successfully for -->  F00000YQHF
2021-06-11 20:17:10,823 - INFO - Successfully Loaded URL -->  https://www.morningstar.co.uk/uk/funds/snapshot/snapshot.aspx?id=F0GBR05B96&tab=3
2021-06-11 20:17:26,395 - WARNING - Active Share Percent not available for -->  F0GBR05B96
2021-06-11 20:17:33,303 - INFO - Detailes Scrapped Successfully for -->  F0GBR05B96
2021-06-11 20:17:41,510 - INFO - Successfully Loaded URL -->  https://www.morningstar.co.uk/uk/funds/snapshot/snapshot.aspx?id=F0GBR04UN1&tab=3
2021-06-11 20:17:56,989 - WARNING - Active Share Percent not available for -->  F0GBR04UN1
2021-06-11 20:18:04,240 - INFO - Detailes Scrapped Successfully for -->  F0GBR04UN1
2021-06-11 20:18:13,260 - INFO - Successfully Loaded URL -->  https://www.morningstar.co.uk/uk/funds/snapshot/snapshot.aspx?id=F0GBR06I25&tab=3
2021-06-11 20:18:29,029 - WARNING - Active Share Percent not available for -->  F0GBR06I25
2021-06-11 20:18:35,752 - INFO - Detailes Scrapped Successfully for -->  F0GBR06I25
2021-06-11 20:18:48,170 - WARNING - Unable to Load URL for -->  https://www.morningstar.co.uk/uk/funds/snapshot/snapshot.aspx?id=F00000YQJW&tab=3
2021-06-11 20:18:52,242 - INFO - No Dialog to Handle
2021-06-11 20:19:07,828 - INFO - Successfully Loaded URL -->  https://www.morningstar.co.uk/uk/funds/snapshot/snapshot.aspx?id=F00000YQJW&tab=3
2021-06-11 20:19:07,828 - INFO - No Dialog to handle for ---> F00000YQJW
2021-06-11 20:19:22,952 - WARNING - Active Share Percent not available for -->  F00000YQJW
2021-06-11 20:19:29,636 - INFO - Detailes Scrapped Successfully for -->  F00000YQJW
2021-06-11 20:19:38,531 - INFO - Successfully Loaded URL -->  https://www.morningstar.co.uk/uk/funds/snapshot/snapshot.aspx?id=F0GBR04OC3&tab=3
2021-06-11 20:19:54,761 - WARNING - Active Share Percent not available for -->  F0GBR04OC3
2021-06-11 20:20:00,432 - INFO - Detailes Scrapped Successfully for -->  F0GBR04OC3
2021-06-11 20:20:08,979 - INFO - Successfully Loaded URL -->  https://www.morningstar.co.uk/uk/funds/snapshot/snapshot.aspx?id=F00000YQJX&tab=3
2021-06-11 20:20:24,474 - WARNING - Active Share Percent not available for -->  F00000YQJX
2021-06-11 20:20:31,177 - INFO - Detailes Scrapped Successfully for -->  F00000YQJX
2021-06-11 20:20:40,288 - INFO - Successfully Loaded URL -->  https://www.morningstar.co.uk/uk/funds/snapshot/snapshot.aspx?id=F0GBR05B97&tab=3
2021-06-11 20:20:58,197 - INFO - Detailes Scrapped Successfully for -->  F0GBR05B97
2021-06-11 20:21:07,090 - INFO - Successfully Loaded URL -->  https://www.morningstar.co.uk/uk/funds/snapshot/snapshot.aspx?id=F0GBR04OC9&tab=3
2021-06-11 20:21:24,644 - INFO - Detailes Scrapped Successfully for -->  F0GBR04OC9
2021-06-11 20:21:34,341 - INFO - Successfully Loaded URL -->  https://www.morningstar.co.uk/uk/funds/snapshot/snapshot.aspx?id=F0GBR06HYX&tab=3
2021-06-11 20:21:51,302 - INFO - Detailes Scrapped Successfully for -->  F0GBR06HYX
2021-06-11 20:21:59,393 - INFO - Successfully Loaded URL -->  https://www.morningstar.co.uk/uk/funds/snapshot/snapshot.aspx?id=F000003VYO&tab=3
2021-06-11 20:22:14,650 - INFO - Detailes Scrapped Successfully for -->  F000003VYO
