2021-06-15 12:52:36,221 - INFO - Successfully Loaded URL -->  https://www.morningstar.co.uk/uk/funds/snapshot/snapshot.aspx?id=F00000W7F6&tab=3
2021-06-15 12:52:50,484 - WARNING - Active Share Percent not available for -->  F00000W7F6
2021-06-15 12:52:55,847 - INFO - Detailes Scrapped Successfully for -->  F00000W7F6
2021-06-15 12:53:03,874 - INFO - Successfully Loaded URL -->  https://www.morningstar.co.uk/uk/funds/snapshot/snapshot.aspx?id=F00000VJPH&tab=3
2021-06-15 12:53:17,203 - WARNING - Active Share Percent not available for -->  F00000VJPH
2021-06-15 12:53:23,163 - INFO - Detailes Scrapped Successfully for -->  F00000VJPH
2021-06-15 12:53:30,542 - INFO - Successfully Loaded URL -->  https://www.morningstar.co.uk/uk/funds/snapshot/snapshot.aspx?id=F00000SYCN&tab=3
2021-06-15 12:53:43,985 - WARNING - Active Share Percent not available for -->  F00000SYCN
2021-06-15 12:53:49,201 - INFO - Detailes Scrapped Successfully for -->  F00000SYCN
2021-06-15 12:53:55,980 - INFO - Successfully Loaded URL -->  https://www.morningstar.co.uk/uk/funds/snapshot/snapshot.aspx?id=F00000OY8C&tab=3
2021-06-15 12:54:09,531 - WARNING - Active Share Percent not available for -->  F00000OY8C
2021-06-15 12:54:14,713 - INFO - Detailes Scrapped Successfully for -->  F00000OY8C
2021-06-15 12:54:22,366 - INFO - Successfully Loaded URL -->  https://www.morningstar.co.uk/uk/funds/snapshot/snapshot.aspx?id=F00000OY8D&tab=3
2021-06-15 12:54:35,595 - WARNING - Active Share Percent not available for -->  F00000OY8D
2021-06-15 12:54:40,775 - INFO - Detailes Scrapped Successfully for -->  F00000OY8D
2021-06-15 12:54:48,926 - INFO - Successfully Loaded URL -->  https://www.morningstar.co.uk/uk/funds/snapshot/snapshot.aspx?id=F000010098&tab=3
2021-06-15 12:55:02,451 - WARNING - Active Share Percent not available for -->  F000010098
2021-06-15 12:55:07,555 - INFO - Detailes Scrapped Successfully for -->  F000010098
2021-06-15 12:55:15,551 - INFO - Successfully Loaded URL -->  https://www.morningstar.co.uk/uk/funds/snapshot/snapshot.aspx?id=F00000ZBNA&tab=3
2021-06-15 12:55:29,019 - WARNING - Active Share Percent not available for -->  F00000ZBNA
2021-06-15 12:55:30,401 - INFO - Seems to be a Fund of Fund -->  F00000ZBNA
2021-06-15 12:55:34,177 - INFO - Detailes Scrapped Successfully for -->  F00000ZBNA
2021-06-15 12:55:42,334 - INFO - Successfully Loaded URL -->  https://www.morningstar.co.uk/uk/funds/snapshot/snapshot.aspx?id=F0GBR04HX0&tab=3
2021-06-15 12:55:56,070 - WARNING - Active Share Percent not available for -->  F0GBR04HX0
2021-06-15 12:56:01,217 - INFO - Detailes Scrapped Successfully for -->  F0GBR04HX0
2021-06-15 12:56:07,773 - INFO - Successfully Loaded URL -->  https://www.morningstar.co.uk/uk/funds/snapshot/snapshot.aspx?id=F00000MJWQ&tab=3
2021-06-15 12:56:22,551 - WARNING - Active Share Percent not available for -->  F00000MJWQ
2021-06-15 12:56:27,836 - INFO - Detailes Scrapped Successfully for -->  F00000MJWQ
2021-06-15 12:56:34,422 - INFO - Successfully Loaded URL -->  https://www.morningstar.co.uk/uk/funds/snapshot/snapshot.aspx?id=F00000MJXW&tab=3
2021-06-15 12:56:47,923 - WARNING - Active Share Percent not available for -->  F00000MJXW
2021-06-15 12:56:53,073 - INFO - Detailes Scrapped Successfully for -->  F00000MJXW
2021-06-15 12:56:59,493 - INFO - Successfully Loaded URL -->  https://www.morningstar.co.uk/uk/funds/snapshot/snapshot.aspx?id=F00000MMM4&tab=3
2021-06-15 12:57:12,754 - WARNING - Active Share Percent not available for -->  F00000MMM4
2021-06-15 12:57:17,807 - INFO - Detailes Scrapped Successfully for -->  F00000MMM4
2021-06-15 12:57:25,067 - INFO - Successfully Loaded URL -->  https://www.morningstar.co.uk/uk/funds/snapshot/snapshot.aspx?id=F00000MJWS&tab=3
2021-06-15 12:57:38,903 - WARNING - Active Share Percent not available for -->  F00000MJWS
2021-06-15 12:57:43,921 - INFO - Detailes Scrapped Successfully for -->  F00000MJWS
2021-06-15 12:57:50,672 - INFO - Successfully Loaded URL -->  https://www.morningstar.co.uk/uk/funds/snapshot/snapshot.aspx?id=F00000MJXX&tab=3
2021-06-15 12:58:03,863 - WARNING - Active Share Percent not available for -->  F00000MJXX
2021-06-15 12:58:09,000 - INFO - Detailes Scrapped Successfully for -->  F00000MJXX
2021-06-15 12:58:15,830 - INFO - Successfully Loaded URL -->  https://www.morningstar.co.uk/uk/funds/snapshot/snapshot.aspx?id=F00000V61B&tab=3
2021-06-15 12:58:29,640 - WARNING - Active Share Percent not available for -->  F00000V61B
2021-06-15 12:58:34,685 - INFO - Detailes Scrapped Successfully for -->  F00000V61B
2021-06-15 12:58:41,888 - INFO - Successfully Loaded URL -->  https://www.morningstar.co.uk/uk/funds/snapshot/snapshot.aspx?id=F00000PFEI&tab=3
2021-06-15 12:58:57,146 - INFO - Detailes Scrapped Successfully for -->  F00000PFEI
2021-06-15 12:59:04,178 - INFO - Successfully Loaded URL -->  https://www.morningstar.co.uk/uk/funds/snapshot/snapshot.aspx?id=F00000PFEJ&tab=3
2021-06-15 12:59:18,387 - INFO - Detailes Scrapped Successfully for -->  F00000PFEJ
2021-06-15 12:59:27,481 - INFO - Successfully Loaded URL -->  https://www.morningstar.co.uk/uk/funds/snapshot/snapshot.aspx?id=F00000P992&tab=3
2021-06-15 12:59:42,171 - INFO - Detailes Scrapped Successfully for -->  F00000P992
2021-06-15 12:59:49,755 - INFO - Successfully Loaded URL -->  https://www.morningstar.co.uk/uk/funds/snapshot/snapshot.aspx?id=F00000O55W&tab=3
2021-06-15 13:00:07,476 - INFO - Detailes Scrapped Successfully for -->  F00000O55W
2021-06-15 13:00:15,457 - INFO - Successfully Loaded URL -->  https://www.morningstar.co.uk/uk/funds/snapshot/snapshot.aspx?id=F00000O577&tab=3
2021-06-15 13:00:30,061 - INFO - Detailes Scrapped Successfully for -->  F00000O577
2021-06-15 13:00:37,609 - INFO - Successfully Loaded URL -->  https://www.morningstar.co.uk/uk/funds/snapshot/snapshot.aspx?id=F00001154P&tab=3
2021-06-15 13:00:51,901 - INFO - Detailes Scrapped Successfully for -->  F00001154P
2021-06-15 13:00:58,486 - INFO - Successfully Loaded URL -->  https://www.morningstar.co.uk/uk/funds/snapshot/snapshot.aspx?id=F000002FCS&tab=3
2021-06-15 13:01:11,896 - WARNING - Active Share Percent not available for -->  F000002FCS
2021-06-15 13:01:17,396 - INFO - Detailes Scrapped Successfully for -->  F000002FCS
2021-06-15 13:01:25,403 - INFO - Successfully Loaded URL -->  https://www.morningstar.co.uk/uk/funds/snapshot/snapshot.aspx?id=F00000WRG9&tab=3
2021-06-15 13:01:38,647 - WARNING - Active Share Percent not available for -->  F00000WRG9
2021-06-15 13:01:43,967 - INFO - Detailes Scrapped Successfully for -->  F00000WRG9
2021-06-15 13:01:52,202 - INFO - Successfully Loaded URL -->  https://www.morningstar.co.uk/uk/funds/snapshot/snapshot.aspx?id=F00000286Y&tab=3
2021-06-15 13:02:05,477 - WARNING - Active Share Percent not available for -->  F00000286Y
2021-06-15 13:02:10,468 - INFO - Detailes Scrapped Successfully for -->  F00000286Y
2021-06-15 13:02:18,200 - INFO - Successfully Loaded URL -->  https://www.morningstar.co.uk/uk/funds/snapshot/snapshot.aspx?id=F00000286Z&tab=3
2021-06-15 13:02:31,217 - WARNING - Active Share Percent not available for -->  F00000286Z
2021-06-15 13:02:36,287 - INFO - Detailes Scrapped Successfully for -->  F00000286Z
2021-06-15 13:02:44,150 - INFO - Successfully Loaded URL -->  https://www.morningstar.co.uk/uk/funds/snapshot/snapshot.aspx?id=F000002HT1&tab=3
2021-06-15 13:02:57,628 - WARNING - Active Share Percent not available for -->  F000002HT1
2021-06-15 13:03:02,903 - INFO - Detailes Scrapped Successfully for -->  F000002HT1
2021-06-15 13:03:10,430 - INFO - Successfully Loaded URL -->  https://www.morningstar.co.uk/uk/funds/snapshot/snapshot.aspx?id=F00000T54P&tab=3
2021-06-15 13:03:23,595 - WARNING - Active Share Percent not available for -->  F00000T54P
2021-06-15 13:03:28,562 - INFO - Detailes Scrapped Successfully for -->  F00000T54P
2021-06-15 13:03:36,675 - INFO - Successfully Loaded URL -->  https://www.morningstar.co.uk/uk/funds/snapshot/snapshot.aspx?id=F00000Y9WD&tab=3
2021-06-15 13:03:49,729 - WARNING - Active Share Percent not available for -->  F00000Y9WD
2021-06-15 13:03:54,670 - INFO - Detailes Scrapped Successfully for -->  F00000Y9WD
2021-06-15 13:04:02,748 - INFO - Successfully Loaded URL -->  https://www.morningstar.co.uk/uk/funds/snapshot/snapshot.aspx?id=F00000Y60D&tab=3
2021-06-15 13:04:15,858 - WARNING - Active Share Percent not available for -->  F00000Y60D
2021-06-15 13:04:20,827 - INFO - Detailes Scrapped Successfully for -->  F00000Y60D
2021-06-15 13:04:27,786 - INFO - Successfully Loaded URL -->  https://www.morningstar.co.uk/uk/funds/snapshot/snapshot.aspx?id=F00000Y9WE&tab=3
2021-06-15 13:04:41,101 - WARNING - Active Share Percent not available for -->  F00000Y9WE
2021-06-15 13:04:46,059 - INFO - Detailes Scrapped Successfully for -->  F00000Y9WE
2021-06-15 13:04:52,741 - INFO - Successfully Loaded URL -->  https://www.morningstar.co.uk/uk/funds/snapshot/snapshot.aspx?id=F00000Y9WF&tab=3
2021-06-15 13:05:05,885 - WARNING - Active Share Percent not available for -->  F00000Y9WF
2021-06-15 13:05:10,840 - INFO - Detailes Scrapped Successfully for -->  F00000Y9WF
2021-06-15 13:05:17,920 - INFO - Successfully Loaded URL -->  https://www.morningstar.co.uk/uk/funds/snapshot/snapshot.aspx?id=F00000Y9WG&tab=3
2021-06-15 13:05:30,949 - WARNING - Active Share Percent not available for -->  F00000Y9WG
2021-06-15 13:05:35,940 - INFO - Detailes Scrapped Successfully for -->  F00000Y9WG
2021-06-15 13:05:43,493 - INFO - Successfully Loaded URL -->  https://www.morningstar.co.uk/uk/funds/snapshot/snapshot.aspx?id=F00000Y9WH&tab=3
2021-06-15 13:05:56,496 - WARNING - Active Share Percent not available for -->  F00000Y9WH
2021-06-15 13:06:01,483 - INFO - Detailes Scrapped Successfully for -->  F00000Y9WH
2021-06-15 13:06:09,190 - INFO - Successfully Loaded URL -->  https://www.morningstar.co.uk/uk/funds/snapshot/snapshot.aspx?id=F00000286V&tab=3
2021-06-15 13:06:22,230 - WARNING - Active Share Percent not available for -->  F00000286V
2021-06-15 13:06:27,224 - INFO - Detailes Scrapped Successfully for -->  F00000286V
2021-06-15 13:06:34,355 - INFO - Successfully Loaded URL -->  https://www.morningstar.co.uk/uk/funds/snapshot/snapshot.aspx?id=F00000286W&tab=3
2021-06-15 13:06:47,315 - WARNING - Active Share Percent not available for -->  F00000286W
2021-06-15 13:06:52,329 - INFO - Detailes Scrapped Successfully for -->  F00000286W
2021-06-15 13:06:59,814 - INFO - Successfully Loaded URL -->  https://www.morningstar.co.uk/uk/funds/snapshot/snapshot.aspx?id=F000003U94&tab=3
2021-06-15 13:07:12,910 - WARNING - Active Share Percent not available for -->  F000003U94
2021-06-15 13:07:17,880 - INFO - Detailes Scrapped Successfully for -->  F000003U94
2021-06-15 13:07:24,605 - INFO - Successfully Loaded URL -->  https://www.morningstar.co.uk/uk/funds/snapshot/snapshot.aspx?id=F00000T54K&tab=3
2021-06-15 13:07:37,626 - WARNING - Active Share Percent not available for -->  F00000T54K
2021-06-15 13:07:42,605 - INFO - Detailes Scrapped Successfully for -->  F00000T54K
2021-06-15 13:07:50,473 - INFO - Successfully Loaded URL -->  https://www.morningstar.co.uk/uk/funds/snapshot/snapshot.aspx?id=F000010SV4&tab=3
2021-06-15 13:08:03,680 - WARNING - Active Share Percent not available for -->  F000010SV4
2021-06-15 13:08:08,506 - INFO - Detailes Scrapped Successfully for -->  F000010SV4
2021-06-15 13:08:12,631 - INFO - Successfully Loaded URL -->  https://www.morningstar.co.uk/uk/funds/snapshot/snapshot.aspx?id=F00000OYDI&tab=3
2021-06-15 13:08:16,670 - INFO - No Dialog to Handle
2021-06-15 13:08:30,458 - INFO - Successfully Loaded URL -->  https://www.morningstar.co.uk/uk/funds/snapshot/snapshot.aspx?id=F00000OYDI&tab=3
2021-06-15 13:08:30,458 - INFO - No Dialog to handle for ---> F00000OYDI
2021-06-15 13:08:43,377 - WARNING - Active Share Percent not available for -->  F00000OYDI
2021-06-15 13:08:48,166 - INFO - Detailes Scrapped Successfully for -->  F00000OYDI
2021-06-15 13:08:54,383 - INFO - Successfully Loaded URL -->  https://www.morningstar.co.uk/uk/funds/snapshot/snapshot.aspx?id=F00000W0TN&tab=3
2021-06-15 13:09:07,276 - WARNING - Active Share Percent not available for -->  F00000W0TN
2021-06-15 13:09:12,105 - INFO - Detailes Scrapped Successfully for -->  F00000W0TN
2021-06-15 13:09:19,596 - INFO - Successfully Loaded URL -->  https://www.morningstar.co.uk/uk/funds/snapshot/snapshot.aspx?id=F00000Y4U5&tab=3
2021-06-15 13:09:32,595 - WARNING - Active Share Percent not available for -->  F00000Y4U5
2021-06-15 13:09:37,527 - INFO - Detailes Scrapped Successfully for -->  F00000Y4U5
2021-06-15 13:09:44,950 - INFO - Successfully Loaded URL -->  https://www.morningstar.co.uk/uk/funds/snapshot/snapshot.aspx?id=F00000OLO9&tab=3
2021-06-15 13:09:58,095 - WARNING - Active Share Percent not available for -->  F00000OLO9
2021-06-15 13:10:03,030 - INFO - Detailes Scrapped Successfully for -->  F00000OLO9
2021-06-15 13:10:10,227 - INFO - Successfully Loaded URL -->  https://www.morningstar.co.uk/uk/funds/snapshot/snapshot.aspx?id=F00000YM5P&tab=3
2021-06-15 13:10:23,179 - WARNING - Active Share Percent not available for -->  F00000YM5P
2021-06-15 13:10:28,053 - INFO - Detailes Scrapped Successfully for -->  F00000YM5P
2021-06-15 13:10:35,386 - INFO - Successfully Loaded URL -->  https://www.morningstar.co.uk/uk/funds/snapshot/snapshot.aspx?id=F00000VXPM&tab=3
2021-06-15 13:10:48,610 - WARNING - Active Share Percent not available for -->  F00000VXPM
2021-06-15 13:10:53,552 - INFO - Detailes Scrapped Successfully for -->  F00000VXPM
2021-06-15 13:11:00,718 - INFO - Successfully Loaded URL -->  https://www.morningstar.co.uk/uk/funds/snapshot/snapshot.aspx?id=F00000YM5R&tab=3
2021-06-15 13:11:13,831 - WARNING - Active Share Percent not available for -->  F00000YM5R
2021-06-15 13:11:19,183 - INFO - Detailes Scrapped Successfully for -->  F00000YM5R
2021-06-15 13:11:26,575 - INFO - Successfully Loaded URL -->  https://www.morningstar.co.uk/uk/funds/snapshot/snapshot.aspx?id=F00000LOWI&tab=3
2021-06-15 13:11:40,287 - WARNING - Active Share Percent not available for -->  F00000LOWI
2021-06-15 13:11:45,818 - INFO - Detailes Scrapped Successfully for -->  F00000LOWI
2021-06-15 13:11:53,537 - INFO - Successfully Loaded URL -->  https://www.morningstar.co.uk/uk/funds/snapshot/snapshot.aspx?id=F00000LKRF&tab=3
2021-06-15 13:12:07,160 - WARNING - Active Share Percent not available for -->  F00000LKRF
2021-06-15 13:12:12,373 - INFO - Detailes Scrapped Successfully for -->  F00000LKRF
2021-06-15 13:12:19,749 - INFO - Successfully Loaded URL -->  https://www.morningstar.co.uk/uk/funds/snapshot/snapshot.aspx?id=F00000PXNQ&tab=3
2021-06-15 13:12:32,851 - WARNING - Active Share Percent not available for -->  F00000PXNQ
2021-06-15 13:12:38,028 - INFO - Detailes Scrapped Successfully for -->  F00000PXNQ
2021-06-15 13:12:45,530 - INFO - Successfully Loaded URL -->  https://www.morningstar.co.uk/uk/funds/snapshot/snapshot.aspx?id=F00000WT8Z&tab=3
2021-06-15 13:12:58,839 - WARNING - Active Share Percent not available for -->  F00000WT8Z
2021-06-15 13:13:04,320 - INFO - Detailes Scrapped Successfully for -->  F00000WT8Z
2021-06-15 13:13:12,438 - INFO - Successfully Loaded URL -->  https://www.morningstar.co.uk/uk/funds/snapshot/snapshot.aspx?id=F00000LKIG&tab=3
2021-06-15 13:13:26,282 - WARNING - Active Share Percent not available for -->  F00000LKIG
2021-06-15 13:13:31,478 - INFO - Detailes Scrapped Successfully for -->  F00000LKIG
2021-06-15 13:13:37,682 - INFO - Successfully Loaded URL -->  https://www.morningstar.co.uk/uk/funds/snapshot/snapshot.aspx?id=F00000Y4U4&tab=3
2021-06-15 13:13:50,843 - WARNING - Active Share Percent not available for -->  F00000Y4U4
2021-06-15 13:13:55,862 - INFO - Detailes Scrapped Successfully for -->  F00000Y4U4
2021-06-15 13:14:03,200 - INFO - Successfully Loaded URL -->  https://www.morningstar.co.uk/uk/funds/snapshot/snapshot.aspx?id=F00000U5XR&tab=3
2021-06-15 13:14:16,395 - WARNING - Active Share Percent not available for -->  F00000U5XR
2021-06-15 13:14:21,444 - INFO - Detailes Scrapped Successfully for -->  F00000U5XR
2021-06-15 13:14:28,686 - INFO - Successfully Loaded URL -->  https://www.morningstar.co.uk/uk/funds/snapshot/snapshot.aspx?id=F00000V91N&tab=3
2021-06-15 13:14:42,171 - WARNING - Active Share Percent not available for -->  F00000V91N
2021-06-15 13:14:47,309 - INFO - Detailes Scrapped Successfully for -->  F00000V91N
2021-06-15 13:14:55,808 - INFO - Successfully Loaded URL -->  https://www.morningstar.co.uk/uk/funds/snapshot/snapshot.aspx?id=F00000Y8IA&tab=3
2021-06-15 13:15:09,096 - WARNING - Active Share Percent not available for -->  F00000Y8IA
2021-06-15 13:15:14,089 - INFO - Detailes Scrapped Successfully for -->  F00000Y8IA
2021-06-15 13:15:20,780 - INFO - Successfully Loaded URL -->  https://www.morningstar.co.uk/uk/funds/snapshot/snapshot.aspx?id=F00000N7ZW&tab=3
2021-06-15 13:15:34,894 - INFO - Detailes Scrapped Successfully for -->  F00000N7ZW
2021-06-15 13:15:41,446 - INFO - Successfully Loaded URL -->  https://www.morningstar.co.uk/uk/funds/snapshot/snapshot.aspx?id=F000014XX2&tab=3
2021-06-15 13:15:55,713 - INFO - Detailes Scrapped Successfully for -->  F000014XX2
2021-06-15 13:16:02,071 - INFO - Successfully Loaded URL -->  https://www.morningstar.co.uk/uk/funds/snapshot/snapshot.aspx?id=F000003U74&tab=3
2021-06-15 13:16:17,038 - INFO - Detailes Scrapped Successfully for -->  F000003U74
2021-06-15 13:16:23,784 - INFO - Successfully Loaded URL -->  https://www.morningstar.co.uk/uk/funds/snapshot/snapshot.aspx?id=F0GBR04INV&tab=3
2021-06-15 13:16:37,713 - INFO - Detailes Scrapped Successfully for -->  F0GBR04INV
2021-06-15 13:16:44,413 - INFO - Successfully Loaded URL -->  https://www.morningstar.co.uk/uk/funds/snapshot/snapshot.aspx?id=F0GBR04RUS&tab=3
2021-06-15 13:17:01,064 - INFO - Detailes Scrapped Successfully for -->  F0GBR04RUS
2021-06-15 13:17:08,234 - INFO - Successfully Loaded URL -->  https://www.morningstar.co.uk/uk/funds/snapshot/snapshot.aspx?id=F0000045EX&tab=3
2021-06-15 13:17:22,380 - INFO - Detailes Scrapped Successfully for -->  F0000045EX
2021-06-15 13:17:28,940 - INFO - Successfully Loaded URL -->  https://www.morningstar.co.uk/uk/funds/snapshot/snapshot.aspx?id=F000000216&tab=3
2021-06-15 13:17:42,842 - INFO - Detailes Scrapped Successfully for -->  F000000216
2021-06-15 13:17:49,419 - INFO - Successfully Loaded URL -->  https://www.morningstar.co.uk/uk/funds/snapshot/snapshot.aspx?id=F000000NTM&tab=3
2021-06-15 13:18:03,537 - INFO - Detailes Scrapped Successfully for -->  F000000NTM
2021-06-15 13:18:10,100 - INFO - Successfully Loaded URL -->  https://www.morningstar.co.uk/uk/funds/snapshot/snapshot.aspx?id=F00000OPVB&tab=3
2021-06-15 13:18:25,496 - INFO - Detailes Scrapped Successfully for -->  F00000OPVB
2021-06-15 13:18:33,068 - INFO - Successfully Loaded URL -->  https://www.morningstar.co.uk/uk/funds/snapshot/snapshot.aspx?id=F000000NTL&tab=3
2021-06-15 13:18:47,632 - INFO - Detailes Scrapped Successfully for -->  F000000NTL
2021-06-15 13:18:54,137 - INFO - Successfully Loaded URL -->  https://www.morningstar.co.uk/uk/funds/snapshot/snapshot.aspx?id=F0GBR04RYO&tab=3
2021-06-15 13:19:08,643 - INFO - Detailes Scrapped Successfully for -->  F0GBR04RYO
2021-06-15 13:19:16,243 - INFO - Successfully Loaded URL -->  https://www.morningstar.co.uk/uk/funds/snapshot/snapshot.aspx?id=F00000OPTJ&tab=3
2021-06-15 13:19:30,881 - INFO - Detailes Scrapped Successfully for -->  F00000OPTJ
2021-06-15 13:19:38,720 - INFO - Successfully Loaded URL -->  https://www.morningstar.co.uk/uk/funds/snapshot/snapshot.aspx?id=F0GBR04RYM&tab=3
2021-06-15 13:19:54,810 - INFO - Detailes Scrapped Successfully for -->  F0GBR04RYM
2021-06-15 13:20:02,115 - INFO - Successfully Loaded URL -->  https://www.morningstar.co.uk/uk/funds/snapshot/snapshot.aspx?id=F000002KQ5&tab=3
2021-06-15 13:20:16,930 - INFO - Detailes Scrapped Successfully for -->  F000002KQ5
2021-06-15 13:20:24,880 - INFO - Successfully Loaded URL -->  https://www.morningstar.co.uk/uk/funds/snapshot/snapshot.aspx?id=F00000Q8S8&tab=3
2021-06-15 13:20:40,653 - INFO - Detailes Scrapped Successfully for -->  F00000Q8S8
2021-06-15 13:20:47,177 - INFO - Successfully Loaded URL -->  https://www.morningstar.co.uk/uk/funds/snapshot/snapshot.aspx?id=F00000OPTK&tab=3
2021-06-15 13:21:02,203 - INFO - Detailes Scrapped Successfully for -->  F00000OPTK
2021-06-15 13:21:09,537 - INFO - Successfully Loaded URL -->  https://www.morningstar.co.uk/uk/funds/snapshot/snapshot.aspx?id=F000002KQ6&tab=3
2021-06-15 13:21:24,300 - INFO - Detailes Scrapped Successfully for -->  F000002KQ6
2021-06-15 13:21:31,154 - INFO - Successfully Loaded URL -->  https://www.morningstar.co.uk/uk/funds/snapshot/snapshot.aspx?id=F00000WCNE&tab=3
2021-06-15 13:21:44,381 - WARNING - Active Share Percent not available for -->  F00000WCNE
2021-06-15 13:21:49,390 - INFO - Detailes Scrapped Successfully for -->  F00000WCNE
2021-06-15 13:21:56,093 - INFO - Successfully Loaded URL -->  https://www.morningstar.co.uk/uk/funds/snapshot/snapshot.aspx?id=F00000WCNF&tab=3
2021-06-15 13:22:09,457 - WARNING - Active Share Percent not available for -->  F00000WCNF
2021-06-15 13:22:15,419 - INFO - Detailes Scrapped Successfully for -->  F00000WCNF
2021-06-15 13:22:22,333 - INFO - Successfully Loaded URL -->  https://www.morningstar.co.uk/uk/funds/snapshot/snapshot.aspx?id=F00000WCND&tab=3
2021-06-15 13:22:36,754 - WARNING - Active Share Percent not available for -->  F00000WCND
2021-06-15 13:22:41,908 - INFO - Detailes Scrapped Successfully for -->  F00000WCND
2021-06-15 13:22:50,049 - INFO - Successfully Loaded URL -->  https://www.morningstar.co.uk/uk/funds/snapshot/snapshot.aspx?id=F00000VF5A&tab=3
2021-06-15 13:23:04,185 - INFO - Detailes Scrapped Successfully for -->  F00000VF5A
2021-06-15 13:23:10,699 - INFO - Successfully Loaded URL -->  https://www.morningstar.co.uk/uk/funds/snapshot/snapshot.aspx?id=F00000XKW9&tab=3
2021-06-15 13:23:24,988 - INFO - Detailes Scrapped Successfully for -->  F00000XKW9
2021-06-15 13:23:32,283 - INFO - Successfully Loaded URL -->  https://www.morningstar.co.uk/uk/funds/snapshot/snapshot.aspx?id=F00000W9RL&tab=3
2021-06-15 13:23:46,589 - INFO - Detailes Scrapped Successfully for -->  F00000W9RL
2021-06-15 13:23:53,300 - INFO - Successfully Loaded URL -->  https://www.morningstar.co.uk/uk/funds/snapshot/snapshot.aspx?id=F00000W9RN&tab=3
2021-06-15 13:24:07,540 - INFO - Detailes Scrapped Successfully for -->  F00000W9RN
2021-06-15 13:24:15,241 - INFO - Successfully Loaded URL -->  https://www.morningstar.co.uk/uk/funds/snapshot/snapshot.aspx?id=F000014J0X&tab=3
2021-06-15 13:24:29,459 - INFO - Detailes Scrapped Successfully for -->  F000014J0X
2021-06-15 13:24:36,832 - INFO - Successfully Loaded URL -->  https://www.morningstar.co.uk/uk/funds/snapshot/snapshot.aspx?id=F0GBR04EAC&tab=3
2021-06-15 13:24:50,117 - WARNING - Active Share Percent not available for -->  F0GBR04EAC
2021-06-15 13:24:55,263 - INFO - Detailes Scrapped Successfully for -->  F0GBR04EAC
2021-06-15 13:25:02,804 - INFO - Successfully Loaded URL -->  https://www.morningstar.co.uk/uk/funds/snapshot/snapshot.aspx?id=F00000P8DK&tab=3
2021-06-15 13:25:15,898 - WARNING - Active Share Percent not available for -->  F00000P8DK
2021-06-15 13:25:21,119 - INFO - Detailes Scrapped Successfully for -->  F00000P8DK
2021-06-15 13:25:29,034 - INFO - Successfully Loaded URL -->  https://www.morningstar.co.uk/uk/funds/snapshot/snapshot.aspx?id=F00000Y4IV&tab=3
2021-06-15 13:25:47,856 - INFO - Successfully Loaded URL -->  https://www.morningstar.co.uk/uk/funds/snapshot/snapshot.aspx?id=F00000Y4IV&tab=3
2021-06-15 13:25:47,856 - INFO - No Dialog to handle for ---> F00000Y4IV
2021-06-15 13:25:54,977 - INFO - Successfully Loaded URL -->  https://www.morningstar.co.uk/uk/funds/snapshot/snapshot.aspx?id=F00000Y4IV&tab=3
2021-06-15 13:25:59,044 - INFO - No Dialog to handle for ---> F00000Y4IV
2021-06-15 13:26:07,120 - CRITICAL - Issue with URL, Cannot Switch to Iframe Portfolio --> F00000Y4IV
2021-06-15 13:26:14,737 - INFO - Successfully Loaded URL -->  https://www.morningstar.co.uk/uk/funds/snapshot/snapshot.aspx?id=F0000000QC&tab=3
2021-06-15 13:26:28,895 - INFO - Detailes Scrapped Successfully for -->  F0000000QC
2021-06-15 13:26:36,618 - INFO - Successfully Loaded URL -->  https://www.morningstar.co.uk/uk/funds/snapshot/snapshot.aspx?id=F0GBR04FJH&tab=3
2021-06-15 13:26:51,292 - INFO - Detailes Scrapped Successfully for -->  F0GBR04FJH
2021-06-15 13:26:58,904 - INFO - Successfully Loaded URL -->  https://www.morningstar.co.uk/uk/funds/snapshot/snapshot.aspx?id=F0000000QF&tab=3
2021-06-15 13:27:13,372 - INFO - Detailes Scrapped Successfully for -->  F0000000QF
2021-06-15 13:27:21,586 - INFO - Successfully Loaded URL -->  https://www.morningstar.co.uk/uk/funds/snapshot/snapshot.aspx?id=F0GBR04JU9&tab=3
2021-06-15 13:27:36,000 - INFO - Detailes Scrapped Successfully for -->  F0GBR04JU9
2021-06-15 13:27:43,207 - INFO - Successfully Loaded URL -->  https://www.morningstar.co.uk/uk/funds/snapshot/snapshot.aspx?id=F0GBR04S2B&tab=3
2021-06-15 13:27:57,334 - INFO - Detailes Scrapped Successfully for -->  F0GBR04S2B
2021-06-15 13:28:05,371 - INFO - Successfully Loaded URL -->  https://www.morningstar.co.uk/uk/funds/snapshot/snapshot.aspx?id=F0GBR04W1G&tab=3
2021-06-15 13:28:24,204 - INFO - Successfully Loaded URL -->  https://www.morningstar.co.uk/uk/funds/snapshot/snapshot.aspx?id=F0GBR04W1G&tab=3
2021-06-15 13:28:24,205 - INFO - No Dialog to handle for ---> F0GBR04W1G
2021-06-15 13:28:31,378 - INFO - Successfully Loaded URL -->  https://www.morningstar.co.uk/uk/funds/snapshot/snapshot.aspx?id=F0GBR04W1G&tab=3
2021-06-15 13:28:35,404 - INFO - No Dialog to handle for ---> F0GBR04W1G
2021-06-15 13:28:43,515 - CRITICAL - Issue with URL, Cannot Switch to Iframe Portfolio --> F0GBR04W1G
2021-06-15 13:28:46,616 - INFO - Successfully Loaded URL -->  https://www.morningstar.co.uk/uk/funds/snapshot/snapshot.aspx?id=F0GBR04DFV&tab=3
2021-06-15 13:28:50,636 - INFO - No Dialog to Handle
2021-06-15 13:29:01,753 - INFO - Successfully Loaded URL -->  https://www.morningstar.co.uk/uk/funds/snapshot/snapshot.aspx?id=F0GBR04DFV&tab=3
2021-06-15 13:29:01,754 - INFO - No Dialog to handle for ---> F0GBR04DFV
2021-06-15 13:29:08,869 - INFO - Successfully Loaded URL -->  https://www.morningstar.co.uk/uk/funds/snapshot/snapshot.aspx?id=F0GBR04DFV&tab=3
2021-06-15 13:29:12,893 - INFO - No Dialog to handle for ---> F0GBR04DFV
2021-06-15 13:29:20,920 - CRITICAL - Issue with URL, Cannot Switch to Iframe Portfolio --> F0GBR04DFV
2021-06-15 13:29:27,603 - INFO - Successfully Loaded URL -->  https://www.morningstar.co.uk/uk/funds/snapshot/snapshot.aspx?id=F00000P7E5&tab=3
2021-06-15 13:29:41,580 - INFO - Detailes Scrapped Successfully for -->  F00000P7E5
2021-06-15 13:29:49,420 - INFO - Successfully Loaded URL -->  https://www.morningstar.co.uk/uk/funds/snapshot/snapshot.aspx?id=F0GBR04SH0&tab=3
2021-06-15 13:30:02,569 - WARNING - Active Share Percent not available for -->  F0GBR04SH0
2021-06-15 13:30:09,068 - INFO - Detailes Scrapped Successfully for -->  F0GBR04SH0
2021-06-15 13:30:17,459 - INFO - Successfully Loaded URL -->  https://www.morningstar.co.uk/uk/funds/snapshot/snapshot.aspx?id=F0GBR04SKV&tab=3
2021-06-15 13:30:30,719 - WARNING - Active Share Percent not available for -->  F0GBR04SKV
2021-06-15 13:30:35,863 - INFO - Detailes Scrapped Successfully for -->  F0GBR04SKV
2021-06-15 13:30:43,126 - INFO - Successfully Loaded URL -->  https://www.morningstar.co.uk/uk/funds/snapshot/snapshot.aspx?id=F0GBR05WSI&tab=3
2021-06-15 13:30:57,351 - INFO - Detailes Scrapped Successfully for -->  F0GBR05WSI
2021-06-15 13:31:04,783 - INFO - Successfully Loaded URL -->  https://www.morningstar.co.uk/uk/funds/snapshot/snapshot.aspx?id=F000002JXQ&tab=3
2021-06-15 13:31:18,860 - INFO - Detailes Scrapped Successfully for -->  F000002JXQ
2021-06-15 13:31:27,152 - INFO - Successfully Loaded URL -->  https://www.morningstar.co.uk/uk/funds/snapshot/snapshot.aspx?id=F0GBR04SGT&tab=3
2021-06-15 13:31:41,174 - INFO - Detailes Scrapped Successfully for -->  F0GBR04SGT
2021-06-15 13:31:47,816 - INFO - Successfully Loaded URL -->  https://www.morningstar.co.uk/uk/funds/snapshot/snapshot.aspx?id=F0GBR06K35&tab=3
2021-06-15 13:32:01,700 - INFO - Detailes Scrapped Successfully for -->  F0GBR06K35
2021-06-15 13:32:09,914 - INFO - Successfully Loaded URL -->  https://www.morningstar.co.uk/uk/funds/snapshot/snapshot.aspx?id=F0GBR04BX9&tab=3
2021-06-15 13:32:24,293 - INFO - Detailes Scrapped Successfully for -->  F0GBR04BX9
2021-06-15 13:32:36,528 - INFO - Successfully Loaded URL -->  https://www.morningstar.co.uk/uk/funds/snapshot/snapshot.aspx?id=F0GBR04B7Z&tab=3
2021-06-15 13:32:53,956 - WARNING - Active Share Percent not available for -->  F0GBR04B7Z
2021-06-15 13:32:59,224 - INFO - Detailes Scrapped Successfully for -->  F0GBR04B7Z
2021-06-15 13:33:06,078 - INFO - Successfully Loaded URL -->  https://www.morningstar.co.uk/uk/funds/snapshot/snapshot.aspx?id=F0GBR04B82&tab=3
2021-06-15 13:33:19,686 - WARNING - Active Share Percent not available for -->  F0GBR04B82
2021-06-15 13:33:24,826 - INFO - Detailes Scrapped Successfully for -->  F0GBR04B82
2021-06-15 13:33:32,355 - INFO - Successfully Loaded URL -->  https://www.morningstar.co.uk/uk/funds/snapshot/snapshot.aspx?id=F0GBR04LG2&tab=3
2021-06-15 13:33:47,128 - INFO - Detailes Scrapped Successfully for -->  F0GBR04LG2
2021-06-15 13:33:55,330 - INFO - Successfully Loaded URL -->  https://www.morningstar.co.uk/uk/funds/snapshot/snapshot.aspx?id=F0GBR04NOG&tab=3
2021-06-15 13:34:10,109 - INFO - Detailes Scrapped Successfully for -->  F0GBR04NOG
