2021-06-12 14:15:41,545 - INFO - Successfully Loaded URL -->  https://www.morningstar.co.uk/uk/funds/snapshot/snapshot.aspx?id=F0GBR05XH8&tab=3
2021-06-12 14:15:57,403 - INFO - Detailes Scrapped Successfully for -->  F0GBR05XH8
2021-06-12 14:16:04,488 - INFO - Successfully Loaded URL -->  https://www.morningstar.co.uk/uk/funds/snapshot/snapshot.aspx?id=F00000XGRR&tab=3
2021-06-12 14:16:18,846 - INFO - Detailes Scrapped Successfully for -->  F00000XGRR
2021-06-12 14:16:26,056 - INFO - Successfully Loaded URL -->  https://www.morningstar.co.uk/uk/funds/snapshot/snapshot.aspx?id=F0GBR05XH5&tab=3
2021-06-12 14:16:40,612 - INFO - Detailes Scrapped Successfully for -->  F0GBR05XH5
2021-06-12 14:16:48,397 - INFO - Successfully Loaded URL -->  https://www.morningstar.co.uk/uk/funds/snapshot/snapshot.aspx?id=F00000LKZF&tab=3
2021-06-12 14:17:02,737 - INFO - Detailes Scrapped Successfully for -->  F00000LKZF
2021-06-12 14:17:09,939 - INFO - Successfully Loaded URL -->  https://www.morningstar.co.uk/uk/funds/snapshot/snapshot.aspx?id=F00000JWLJ&tab=3
2021-06-12 14:17:24,443 - INFO - Detailes Scrapped Successfully for -->  F00000JWLJ
2021-06-12 14:17:31,991 - INFO - Successfully Loaded URL -->  https://www.morningstar.co.uk/uk/funds/snapshot/snapshot.aspx?id=F00000TPCR&tab=3
2021-06-12 14:17:46,023 - INFO - Detailes Scrapped Successfully for -->  F00000TPCR
2021-06-12 14:17:53,567 - INFO - Successfully Loaded URL -->  https://www.morningstar.co.uk/uk/funds/snapshot/snapshot.aspx?id=F000000GR3&tab=3
2021-06-12 14:18:07,754 - INFO - Detailes Scrapped Successfully for -->  F000000GR3
2021-06-12 14:18:14,514 - INFO - Successfully Loaded URL -->  https://www.morningstar.co.uk/uk/funds/snapshot/snapshot.aspx?id=F00000LWQR&tab=3
2021-06-12 14:18:29,141 - INFO - Detailes Scrapped Successfully for -->  F00000LWQR
2021-06-12 14:18:35,538 - INFO - Successfully Loaded URL -->  https://www.morningstar.co.uk/uk/funds/snapshot/snapshot.aspx?id=F00000Q8Q2&tab=3
2021-06-12 14:18:49,797 - INFO - Detailes Scrapped Successfully for -->  F00000Q8Q2
2021-06-12 14:18:56,564 - INFO - Successfully Loaded URL -->  https://www.morningstar.co.uk/uk/funds/snapshot/snapshot.aspx?id=F00000W6D8&tab=3
2021-06-12 14:19:10,338 - INFO - Detailes Scrapped Successfully for -->  F00000W6D8
2021-06-12 14:19:16,731 - INFO - Successfully Loaded URL -->  https://www.morningstar.co.uk/uk/funds/snapshot/snapshot.aspx?id=F00000W6D7&tab=3
2021-06-12 14:19:30,972 - INFO - Detailes Scrapped Successfully for -->  F00000W6D7
2021-06-12 14:19:38,738 - INFO - Successfully Loaded URL -->  https://www.morningstar.co.uk/uk/funds/snapshot/snapshot.aspx?id=F0GBR06L2G&tab=3
2021-06-12 14:19:53,036 - INFO - Detailes Scrapped Successfully for -->  F0GBR06L2G
2021-06-12 14:20:00,803 - INFO - Successfully Loaded URL -->  https://www.morningstar.co.uk/uk/funds/snapshot/snapshot.aspx?id=F0GBR04E06&tab=3
2021-06-12 14:20:15,031 - INFO - Detailes Scrapped Successfully for -->  F0GBR04E06
2021-06-12 14:20:22,763 - INFO - Successfully Loaded URL -->  https://www.morningstar.co.uk/uk/funds/snapshot/snapshot.aspx?id=F000000FW2&tab=3
2021-06-12 14:20:36,009 - WARNING - Active Share Percent not available for -->  F000000FW2
2021-06-12 14:20:41,076 - INFO - Detailes Scrapped Successfully for -->  F000000FW2
2021-06-12 14:20:48,716 - INFO - Successfully Loaded URL -->  https://www.morningstar.co.uk/uk/funds/snapshot/snapshot.aspx?id=F00000QLNR&tab=3
2021-06-12 14:21:02,042 - WARNING - Active Share Percent not available for -->  F00000QLNR
2021-06-12 14:21:07,088 - INFO - Detailes Scrapped Successfully for -->  F00000QLNR
2021-06-12 14:21:14,584 - INFO - Successfully Loaded URL -->  https://www.morningstar.co.uk/uk/funds/snapshot/snapshot.aspx?id=F00000NBKA&tab=3
2021-06-12 14:21:28,258 - WARNING - Active Share Percent not available for -->  F00000NBKA
2021-06-12 14:21:33,320 - INFO - Detailes Scrapped Successfully for -->  F00000NBKA
2021-06-12 14:21:40,569 - INFO - Successfully Loaded URL -->  https://www.morningstar.co.uk/uk/funds/snapshot/snapshot.aspx?id=F0GBR04RWU&tab=3
2021-06-12 14:21:54,911 - INFO - Detailes Scrapped Successfully for -->  F0GBR04RWU
2021-06-12 14:22:01,691 - INFO - Successfully Loaded URL -->  https://www.morningstar.co.uk/uk/funds/snapshot/snapshot.aspx?id=F00000QLNL&tab=3
2021-06-12 14:22:15,575 - INFO - Detailes Scrapped Successfully for -->  F00000QLNL
2021-06-12 14:22:21,774 - INFO - Successfully Loaded URL -->  https://www.morningstar.co.uk/uk/funds/snapshot/snapshot.aspx?id=F00000MEXM&tab=3
2021-06-12 14:22:35,886 - INFO - Detailes Scrapped Successfully for -->  F00000MEXM
2021-06-12 14:22:43,257 - INFO - Successfully Loaded URL -->  https://www.morningstar.co.uk/uk/funds/snapshot/snapshot.aspx?id=F0000003ID&tab=3
2021-06-12 14:22:57,253 - INFO - Detailes Scrapped Successfully for -->  F0000003ID
2021-06-12 14:23:03,935 - INFO - Successfully Loaded URL -->  https://www.morningstar.co.uk/uk/funds/snapshot/snapshot.aspx?id=F00000QLNJ&tab=3
2021-06-12 14:23:17,929 - INFO - Detailes Scrapped Successfully for -->  F00000QLNJ
2021-06-12 14:23:22,024 - INFO - Successfully Loaded URL -->  https://www.morningstar.co.uk/uk/funds/snapshot/snapshot.aspx?id=F00000MEXO&tab=3
2021-06-12 14:23:26,085 - INFO - No Dialog to Handle
2021-06-12 14:23:37,269 - INFO - Successfully Loaded URL -->  https://www.morningstar.co.uk/uk/funds/snapshot/snapshot.aspx?id=F00000MEXO&tab=3
2021-06-12 14:23:37,269 - INFO - No Dialog to handle for ---> F00000MEXO
2021-06-12 14:23:44,380 - INFO - Successfully Loaded URL -->  https://www.morningstar.co.uk/uk/funds/snapshot/snapshot.aspx?id=F00000MEXO&tab=3
2021-06-12 14:23:48,416 - INFO - No Dialog to handle for ---> F00000MEXO
2021-06-12 14:23:56,525 - CRITICAL - Issue with URL, Cannot Switch to Iframe Portfolio --> F00000MEXO
2021-06-12 14:24:03,417 - INFO - Successfully Loaded URL -->  https://www.morningstar.co.uk/uk/funds/snapshot/snapshot.aspx?id=F000000L24&tab=3
2021-06-12 14:24:16,857 - WARNING - Active Share Percent not available for -->  F000000L24
2021-06-12 14:24:21,626 - INFO - Detailes Scrapped Successfully for -->  F000000L24
2021-06-12 14:24:29,008 - INFO - Successfully Loaded URL -->  https://www.morningstar.co.uk/uk/funds/snapshot/snapshot.aspx?id=F000000GXH&tab=3
2021-06-12 14:24:42,189 - WARNING - Active Share Percent not available for -->  F000000GXH
2021-06-12 14:24:46,983 - INFO - Detailes Scrapped Successfully for -->  F000000GXH
2021-06-12 14:24:53,581 - INFO - Successfully Loaded URL -->  https://www.morningstar.co.uk/uk/funds/snapshot/snapshot.aspx?id=F000000GXS&tab=3
2021-06-12 14:25:06,850 - WARNING - Active Share Percent not available for -->  F000000GXS
2021-06-12 14:25:11,611 - INFO - Detailes Scrapped Successfully for -->  F000000GXS
2021-06-12 14:25:18,946 - INFO - Successfully Loaded URL -->  https://www.morningstar.co.uk/uk/funds/snapshot/snapshot.aspx?id=F000000GXQ&tab=3
2021-06-12 14:25:32,519 - WARNING - Active Share Percent not available for -->  F000000GXQ
2021-06-12 14:25:37,275 - INFO - Detailes Scrapped Successfully for -->  F000000GXQ
2021-06-12 14:25:44,366 - INFO - Successfully Loaded URL -->  https://www.morningstar.co.uk/uk/funds/snapshot/snapshot.aspx?id=F000000GXR&tab=3
2021-06-12 14:25:57,475 - WARNING - Active Share Percent not available for -->  F000000GXR
2021-06-12 14:26:02,249 - INFO - Detailes Scrapped Successfully for -->  F000000GXR
2021-06-12 14:26:09,326 - INFO - Successfully Loaded URL -->  https://www.morningstar.co.uk/uk/funds/snapshot/snapshot.aspx?id=F0GBR06KPV&tab=3
2021-06-12 14:26:22,579 - WARNING - Active Share Percent not available for -->  F0GBR06KPV
2021-06-12 14:26:27,609 - INFO - Detailes Scrapped Successfully for -->  F0GBR06KPV
2021-06-12 14:26:34,077 - INFO - Successfully Loaded URL -->  https://www.morningstar.co.uk/uk/funds/snapshot/snapshot.aspx?id=F0GBR061M6&tab=3
2021-06-12 14:26:47,167 - WARNING - Active Share Percent not available for -->  F0GBR061M6
2021-06-12 14:26:52,196 - INFO - Detailes Scrapped Successfully for -->  F0GBR061M6
2021-06-12 14:26:59,264 - INFO - Successfully Loaded URL -->  https://www.morningstar.co.uk/uk/funds/snapshot/snapshot.aspx?id=F0GBR06KPT&tab=3
2021-06-12 14:27:12,509 - WARNING - Active Share Percent not available for -->  F0GBR06KPT
2021-06-12 14:27:17,567 - INFO - Detailes Scrapped Successfully for -->  F0GBR06KPT
2021-06-12 14:27:24,809 - INFO - Successfully Loaded URL -->  https://www.morningstar.co.uk/uk/funds/snapshot/snapshot.aspx?id=F0GBR061OA&tab=3
2021-06-12 14:27:38,088 - WARNING - Active Share Percent not available for -->  F0GBR061OA
2021-06-12 14:27:43,121 - INFO - Detailes Scrapped Successfully for -->  F0GBR061OA
2021-06-12 14:27:50,213 - INFO - Successfully Loaded URL -->  https://www.morningstar.co.uk/uk/funds/snapshot/snapshot.aspx?id=F0GBR06IIV&tab=3
2021-06-12 14:28:03,516 - WARNING - Active Share Percent not available for -->  F0GBR06IIV
2021-06-12 14:28:08,556 - INFO - Detailes Scrapped Successfully for -->  F0GBR06IIV
2021-06-12 14:28:15,524 - INFO - Successfully Loaded URL -->  https://www.morningstar.co.uk/uk/funds/snapshot/snapshot.aspx?id=F0GBR061LT&tab=3
2021-06-12 14:28:28,691 - WARNING - Active Share Percent not available for -->  F0GBR061LT
2021-06-12 14:28:33,737 - INFO - Detailes Scrapped Successfully for -->  F0GBR061LT
2021-06-12 14:28:40,789 - INFO - Successfully Loaded URL -->  https://www.morningstar.co.uk/uk/funds/snapshot/snapshot.aspx?id=F0GBR06KPU&tab=3
2021-06-12 14:28:53,851 - WARNING - Active Share Percent not available for -->  F0GBR06KPU
2021-06-12 14:28:58,887 - INFO - Detailes Scrapped Successfully for -->  F0GBR06KPU
2021-06-12 14:29:05,138 - INFO - Successfully Loaded URL -->  https://www.morningstar.co.uk/uk/funds/snapshot/snapshot.aspx?id=F0GBR061O7&tab=3
2021-06-12 14:29:18,359 - WARNING - Active Share Percent not available for -->  F0GBR061O7
2021-06-12 14:29:23,402 - INFO - Detailes Scrapped Successfully for -->  F0GBR061O7
2021-06-12 14:29:30,589 - INFO - Successfully Loaded URL -->  https://www.morningstar.co.uk/uk/funds/snapshot/snapshot.aspx?id=F0GBR06KK8&tab=3
2021-06-12 14:29:43,850 - WARNING - Active Share Percent not available for -->  F0GBR06KK8
2021-06-12 14:29:48,887 - INFO - Detailes Scrapped Successfully for -->  F0GBR06KK8
2021-06-12 14:29:56,058 - INFO - Successfully Loaded URL -->  https://www.morningstar.co.uk/uk/funds/snapshot/snapshot.aspx?id=F0GBR061O9&tab=3
2021-06-12 14:30:09,245 - WARNING - Active Share Percent not available for -->  F0GBR061O9
2021-06-12 14:30:14,314 - INFO - Detailes Scrapped Successfully for -->  F0GBR061O9
2021-06-12 14:30:21,151 - INFO - Successfully Loaded URL -->  https://www.morningstar.co.uk/uk/funds/snapshot/snapshot.aspx?id=F00000QKY3&tab=3
2021-06-12 14:30:34,505 - WARNING - Active Share Percent not available for -->  F00000QKY3
2021-06-12 14:30:39,730 - INFO - Detailes Scrapped Successfully for -->  F00000QKY3
2021-06-12 14:30:54,850 - INFO - Successfully Loaded URL -->  https://www.morningstar.co.uk/uk/funds/snapshot/snapshot.aspx?id=F0GBR04AFJ&tab=3
2021-06-12 14:31:09,127 - INFO - Detailes Scrapped Successfully for -->  F0GBR04AFJ
2021-06-12 14:31:15,675 - INFO - Successfully Loaded URL -->  https://www.morningstar.co.uk/uk/funds/snapshot/snapshot.aspx?id=F0GBR04F0R&tab=3
2021-06-12 14:31:29,706 - INFO - Detailes Scrapped Successfully for -->  F0GBR04F0R
2021-06-12 14:31:36,833 - INFO - Successfully Loaded URL -->  https://www.morningstar.co.uk/uk/funds/snapshot/snapshot.aspx?id=F0GBR04AFK&tab=3
2021-06-12 14:31:51,148 - INFO - Detailes Scrapped Successfully for -->  F0GBR04AFK
2021-06-12 14:31:57,527 - INFO - Successfully Loaded URL -->  https://www.morningstar.co.uk/uk/funds/snapshot/snapshot.aspx?id=F0GBR04AFL&tab=3
2021-06-12 14:32:11,786 - INFO - Detailes Scrapped Successfully for -->  F0GBR04AFL
2021-06-12 14:32:18,150 - INFO - Successfully Loaded URL -->  https://www.morningstar.co.uk/uk/funds/snapshot/snapshot.aspx?id=F00000Y0PH&tab=3
2021-06-12 14:32:37,393 - INFO - Successfully Loaded URL -->  https://www.morningstar.co.uk/uk/funds/snapshot/snapshot.aspx?id=F00000Y0PH&tab=3
2021-06-12 14:32:37,393 - INFO - No Dialog to handle for ---> F00000Y0PH
2021-06-12 14:32:44,555 - INFO - Successfully Loaded URL -->  https://www.morningstar.co.uk/uk/funds/snapshot/snapshot.aspx?id=F00000Y0PH&tab=3
2021-06-12 14:32:48,616 - INFO - No Dialog to handle for ---> F00000Y0PH
2021-06-12 14:32:56,673 - CRITICAL - Issue with URL, Cannot Switch to Iframe Portfolio --> F00000Y0PH
2021-06-12 14:33:03,641 - INFO - Successfully Loaded URL -->  https://www.morningstar.co.uk/uk/funds/snapshot/snapshot.aspx?id=F00000QNUP&tab=3
2021-06-12 14:33:17,723 - INFO - Detailes Scrapped Successfully for -->  F00000QNUP
2021-06-12 14:33:24,785 - INFO - Successfully Loaded URL -->  https://www.morningstar.co.uk/uk/funds/snapshot/snapshot.aspx?id=F0GBR0574L&tab=3
2021-06-12 14:33:38,316 - WARNING - Active Share Percent not available for -->  F0GBR0574L
2021-06-12 14:33:39,628 - INFO - Seems to be a Fund of Fund -->  F0GBR0574L
2021-06-12 14:33:43,230 - INFO - Detailes Scrapped Successfully for -->  F0GBR0574L
2021-06-12 14:33:49,786 - INFO - Successfully Loaded URL -->  https://www.morningstar.co.uk/uk/funds/snapshot/snapshot.aspx?id=F00000O1U8&tab=3
2021-06-12 14:34:02,796 - WARNING - Active Share Percent not available for -->  F00000O1U8
2021-06-12 14:34:04,119 - INFO - Seems to be a Fund of Fund -->  F00000O1U8
2021-06-12 14:34:07,729 - INFO - Detailes Scrapped Successfully for -->  F00000O1U8
2021-06-12 14:34:15,557 - INFO - Successfully Loaded URL -->  https://www.morningstar.co.uk/uk/funds/snapshot/snapshot.aspx?id=F00000ZYG5&tab=3
2021-06-12 14:34:28,478 - WARNING - Active Share Percent not available for -->  F00000ZYG5
2021-06-12 14:34:29,789 - INFO - Seems to be a Fund of Fund -->  F00000ZYG5
2021-06-12 14:34:33,407 - INFO - Detailes Scrapped Successfully for -->  F00000ZYG5
2021-06-12 14:34:40,001 - INFO - Successfully Loaded URL -->  https://www.morningstar.co.uk/uk/funds/snapshot/snapshot.aspx?id=F00000SVX3&tab=3
2021-06-12 14:34:52,951 - WARNING - Active Share Percent not available for -->  F00000SVX3
2021-06-12 14:34:57,891 - INFO - Detailes Scrapped Successfully for -->  F00000SVX3
2021-06-12 14:35:04,428 - INFO - Successfully Loaded URL -->  https://www.morningstar.co.uk/uk/funds/snapshot/snapshot.aspx?id=F0GBR050GL&tab=3
2021-06-12 14:35:18,625 - INFO - Detailes Scrapped Successfully for -->  F0GBR050GL
2021-06-12 14:35:24,831 - INFO - Successfully Loaded URL -->  https://www.morningstar.co.uk/uk/funds/snapshot/snapshot.aspx?id=F0GBR05PYU&tab=3
2021-06-12 14:35:38,830 - INFO - Detailes Scrapped Successfully for -->  F0GBR05PYU
2021-06-12 14:35:45,382 - INFO - Successfully Loaded URL -->  https://www.morningstar.co.uk/uk/funds/snapshot/snapshot.aspx?id=F00000QLNH&tab=3
2021-06-12 14:35:59,702 - INFO - Detailes Scrapped Successfully for -->  F00000QLNH
2021-06-12 14:36:06,145 - INFO - Successfully Loaded URL -->  https://www.morningstar.co.uk/uk/funds/snapshot/snapshot.aspx?id=F00000MQQS&tab=3
2021-06-12 14:36:20,093 - INFO - Detailes Scrapped Successfully for -->  F00000MQQS
2021-06-12 14:36:27,573 - INFO - Successfully Loaded URL -->  https://www.morningstar.co.uk/uk/funds/snapshot/snapshot.aspx?id=F0GBR06KYB&tab=3
2021-06-12 14:36:41,807 - INFO - Detailes Scrapped Successfully for -->  F0GBR06KYB
2021-06-12 14:36:45,927 - INFO - Successfully Loaded URL -->  https://www.morningstar.co.uk/uk/funds/snapshot/snapshot.aspx?id=F0GBR06KYC&tab=3
2021-06-12 14:36:49,975 - INFO - No Dialog to Handle
2021-06-12 14:37:03,522 - INFO - Successfully Loaded URL -->  https://www.morningstar.co.uk/uk/funds/snapshot/snapshot.aspx?id=F0GBR06KYC&tab=3
2021-06-12 14:37:03,522 - INFO - No Dialog to handle for ---> F0GBR06KYC
2021-06-12 14:37:16,891 - CRITICAL - Issue with URL, Cannot Switch to Iframe Portfolio --> F0GBR06KYC
2021-06-12 14:37:21,909 - INFO - Successfully Loaded URL -->  https://www.morningstar.co.uk/uk/funds/snapshot/snapshot.aspx?id=F000010CMK&tab=3
2021-06-12 14:37:25,955 - INFO - No Dialog to Handle
2021-06-12 14:37:32,346 - INFO - Detailes Scrapped Successfully for -->  F000010CMK
2021-06-12 14:37:38,669 - INFO - Successfully Loaded URL -->  https://www.morningstar.co.uk/uk/funds/snapshot/snapshot.aspx?id=F000010CML&tab=3
2021-06-12 14:37:52,711 - INFO - Detailes Scrapped Successfully for -->  F000010CML
2021-06-12 14:38:00,063 - INFO - Successfully Loaded URL -->  https://www.morningstar.co.uk/uk/funds/snapshot/snapshot.aspx?id=F0GBR04LHK&tab=3
2021-06-12 14:38:13,971 - INFO - Detailes Scrapped Successfully for -->  F0GBR04LHK
2021-06-12 14:38:20,466 - INFO - Successfully Loaded URL -->  https://www.morningstar.co.uk/uk/funds/snapshot/snapshot.aspx?id=F0GBR04LHG&tab=3
2021-06-12 14:38:34,624 - INFO - Detailes Scrapped Successfully for -->  F0GBR04LHG
2021-06-12 14:38:38,765 - INFO - Successfully Loaded URL -->  https://www.morningstar.co.uk/uk/funds/snapshot/snapshot.aspx?id=F0GBR059Y0&tab=3
2021-06-12 14:38:42,823 - INFO - No Dialog to Handle
2021-06-12 14:38:56,455 - INFO - Successfully Loaded URL -->  https://www.morningstar.co.uk/uk/funds/snapshot/snapshot.aspx?id=F0GBR059Y0&tab=3
2021-06-12 14:38:56,455 - INFO - No Dialog to handle for ---> F0GBR059Y0
2021-06-12 14:39:09,797 - CRITICAL - Issue with URL, Cannot Switch to Iframe Portfolio --> F0GBR059Y0
2021-06-12 14:39:16,430 - INFO - Successfully Loaded URL -->  https://www.morningstar.co.uk/uk/funds/snapshot/snapshot.aspx?id=F00000PTAQ&tab=3
2021-06-12 14:39:20,464 - INFO - No Dialog to Handle
2021-06-12 14:39:26,871 - INFO - Detailes Scrapped Successfully for -->  F00000PTAQ
2021-06-12 14:39:33,961 - INFO - Successfully Loaded URL -->  https://www.morningstar.co.uk/uk/funds/snapshot/snapshot.aspx?id=F00000QH4R&tab=3
2021-06-12 14:39:48,121 - INFO - Detailes Scrapped Successfully for -->  F00000QH4R
2021-06-12 14:39:54,876 - INFO - Successfully Loaded URL -->  https://www.morningstar.co.uk/uk/funds/snapshot/snapshot.aspx?id=F00000TIYN&tab=3
2021-06-12 14:40:08,851 - INFO - Detailes Scrapped Successfully for -->  F00000TIYN
2021-06-12 14:40:16,208 - INFO - Successfully Loaded URL -->  https://www.morningstar.co.uk/uk/funds/snapshot/snapshot.aspx?id=F00000O629&tab=3
2021-06-12 14:40:30,319 - INFO - Detailes Scrapped Successfully for -->  F00000O629
2021-06-12 14:40:37,613 - INFO - Successfully Loaded URL -->  https://www.morningstar.co.uk/uk/funds/snapshot/snapshot.aspx?id=F00000ZYFX&tab=3
2021-06-12 14:40:51,785 - INFO - Detailes Scrapped Successfully for -->  F00000ZYFX
2021-06-12 14:40:58,164 - INFO - Successfully Loaded URL -->  https://www.morningstar.co.uk/uk/funds/snapshot/snapshot.aspx?id=F0GBR04MNH&tab=3
2021-06-12 14:41:12,372 - INFO - Detailes Scrapped Successfully for -->  F0GBR04MNH
2021-06-12 14:41:18,949 - INFO - Successfully Loaded URL -->  https://www.morningstar.co.uk/uk/funds/snapshot/snapshot.aspx?id=F00000QLNB&tab=3
2021-06-12 14:41:32,985 - INFO - Detailes Scrapped Successfully for -->  F00000QLNB
2021-06-12 14:41:39,657 - INFO - Successfully Loaded URL -->  https://www.morningstar.co.uk/uk/funds/snapshot/snapshot.aspx?id=F00000MEXQ&tab=3
2021-06-12 14:41:58,483 - INFO - Successfully Loaded URL -->  https://www.morningstar.co.uk/uk/funds/snapshot/snapshot.aspx?id=F00000MEXQ&tab=3
2021-06-12 14:41:58,483 - INFO - No Dialog to handle for ---> F00000MEXQ
2021-06-12 14:42:08,120 - INFO - Successfully Loaded URL -->  https://www.morningstar.co.uk/uk/funds/snapshot/snapshot.aspx?id=F00000MEXQ&tab=3
2021-06-12 14:42:21,568 - CRITICAL - Issue with URL, Cannot Switch to Iframe Portfolio --> F00000MEXQ
2021-06-12 14:42:26,416 - INFO - Successfully Loaded URL -->  https://www.morningstar.co.uk/uk/funds/snapshot/snapshot.aspx?id=F0GBR04RXW&tab=3
2021-06-12 14:42:30,434 - INFO - No Dialog to Handle
2021-06-12 14:42:36,813 - INFO - Detailes Scrapped Successfully for -->  F0GBR04RXW
2021-06-12 14:42:44,070 - INFO - Successfully Loaded URL -->  https://www.morningstar.co.uk/uk/funds/snapshot/snapshot.aspx?id=F00000OK2B&tab=3
2021-06-12 14:42:58,182 - INFO - Detailes Scrapped Successfully for -->  F00000OK2B
2021-06-12 14:43:04,649 - INFO - Successfully Loaded URL -->  https://www.morningstar.co.uk/uk/funds/snapshot/snapshot.aspx?id=F00000MQQW&tab=3
2021-06-12 14:43:21,126 - INFO - Successfully Loaded URL -->  https://www.morningstar.co.uk/uk/funds/snapshot/snapshot.aspx?id=F00000MQQW&tab=3
2021-06-12 14:43:21,126 - INFO - No Dialog to handle for ---> F00000MQQW
2021-06-12 14:43:28,250 - INFO - Successfully Loaded URL -->  https://www.morningstar.co.uk/uk/funds/snapshot/snapshot.aspx?id=F00000MQQW&tab=3
2021-06-12 14:43:32,305 - INFO - No Dialog to handle for ---> F00000MQQW
2021-06-12 14:43:40,392 - CRITICAL - Issue with URL, Cannot Switch to Iframe Portfolio --> F00000MQQW
2021-06-12 14:43:45,938 - INFO - Successfully Loaded URL -->  https://www.morningstar.co.uk/uk/funds/snapshot/snapshot.aspx?id=F0GBR04S19&tab=3
2021-06-12 14:43:49,984 - INFO - No Dialog to Handle
2021-06-12 14:43:55,435 - WARNING - Active Share Percent not available for -->  F0GBR04S19
2021-06-12 14:44:00,393 - INFO - Detailes Scrapped Successfully for -->  F0GBR04S19
2021-06-12 14:44:07,939 - INFO - Successfully Loaded URL -->  https://www.morningstar.co.uk/uk/funds/snapshot/snapshot.aspx?id=F00000QLN9&tab=3
2021-06-12 14:44:21,308 - WARNING - Active Share Percent not available for -->  F00000QLN9
2021-06-12 14:44:26,346 - INFO - Detailes Scrapped Successfully for -->  F00000QLN9
2021-06-12 14:44:32,846 - INFO - Successfully Loaded URL -->  https://www.morningstar.co.uk/uk/funds/snapshot/snapshot.aspx?id=F00000NBKE&tab=3
2021-06-12 14:44:51,528 - INFO - Successfully Loaded URL -->  https://www.morningstar.co.uk/uk/funds/snapshot/snapshot.aspx?id=F00000NBKE&tab=3
2021-06-12 14:44:51,528 - INFO - No Dialog to handle for ---> F00000NBKE
2021-06-12 14:45:01,107 - INFO - Successfully Loaded URL -->  https://www.morningstar.co.uk/uk/funds/snapshot/snapshot.aspx?id=F00000NBKE&tab=3
2021-06-12 14:45:14,516 - CRITICAL - Issue with URL, Cannot Switch to Iframe Portfolio --> F00000NBKE
2021-06-12 14:45:20,855 - INFO - Successfully Loaded URL -->  https://www.morningstar.co.uk/uk/funds/snapshot/snapshot.aspx?id=F0GBR04E5D&tab=3
2021-06-12 14:45:24,875 - INFO - No Dialog to Handle
2021-06-12 14:45:31,221 - INFO - Detailes Scrapped Successfully for -->  F0GBR04E5D
2021-06-12 14:45:38,424 - INFO - Successfully Loaded URL -->  https://www.morningstar.co.uk/uk/funds/snapshot/snapshot.aspx?id=F0GBR04M3Y&tab=3
2021-06-12 14:45:52,460 - INFO - Detailes Scrapped Successfully for -->  F0GBR04M3Y
2021-06-12 14:45:59,751 - INFO - Successfully Loaded URL -->  https://www.morningstar.co.uk/uk/funds/snapshot/snapshot.aspx?id=F0GBR05A4S&tab=3
2021-06-12 14:46:13,971 - INFO - Detailes Scrapped Successfully for -->  F0GBR05A4S
2021-06-12 14:46:21,247 - INFO - Successfully Loaded URL -->  https://www.morningstar.co.uk/uk/funds/snapshot/snapshot.aspx?id=F0GBR06LYY&tab=3
2021-06-12 14:46:35,135 - INFO - Detailes Scrapped Successfully for -->  F0GBR06LYY
2021-06-12 14:46:39,268 - INFO - Successfully Loaded URL -->  https://www.morningstar.co.uk/uk/funds/snapshot/snapshot.aspx?id=F0GBR06XR2&tab=3
2021-06-12 14:46:43,316 - INFO - No Dialog to Handle
2021-06-12 14:46:54,461 - INFO - Successfully Loaded URL -->  https://www.morningstar.co.uk/uk/funds/snapshot/snapshot.aspx?id=F0GBR06XR2&tab=3
2021-06-12 14:46:54,461 - INFO - No Dialog to handle for ---> F0GBR06XR2
2021-06-12 14:47:05,057 - INFO - Successfully Loaded URL -->  https://www.morningstar.co.uk/uk/funds/snapshot/snapshot.aspx?id=F0GBR06XR2&tab=3
2021-06-12 14:47:18,364 - CRITICAL - Issue with URL, Cannot Switch to Iframe Portfolio --> F0GBR06XR2
2021-06-12 14:47:24,409 - INFO - Successfully Loaded URL -->  https://www.morningstar.co.uk/uk/funds/snapshot/snapshot.aspx?id=F0GBR06N2I&tab=3
2021-06-12 14:47:28,433 - INFO - No Dialog to Handle
2021-06-12 14:47:34,727 - INFO - Detailes Scrapped Successfully for -->  F0GBR06N2I
2021-06-12 14:47:41,197 - INFO - Successfully Loaded URL -->  https://www.morningstar.co.uk/uk/funds/snapshot/snapshot.aspx?id=F0GBR06MOS&tab=3
2021-06-12 14:47:55,103 - INFO - Detailes Scrapped Successfully for -->  F0GBR06MOS
2021-06-12 14:48:02,385 - INFO - Successfully Loaded URL -->  https://www.morningstar.co.uk/uk/funds/snapshot/snapshot.aspx?id=F0GBR06XRM&tab=3
2021-06-12 14:48:16,165 - INFO - Detailes Scrapped Successfully for -->  F0GBR06XRM
2021-06-12 14:48:23,405 - INFO - Successfully Loaded URL -->  https://www.morningstar.co.uk/uk/funds/snapshot/snapshot.aspx?id=F0GBR06XRN&tab=3
2021-06-12 14:48:37,292 - INFO - Detailes Scrapped Successfully for -->  F0GBR06XRN
2021-06-12 14:48:43,730 - INFO - Successfully Loaded URL -->  https://www.morningstar.co.uk/uk/funds/snapshot/snapshot.aspx?id=F0GBR04MY3&tab=3
2021-06-12 14:48:57,857 - INFO - Detailes Scrapped Successfully for -->  F0GBR04MY3
2021-06-12 14:49:05,561 - INFO - Successfully Loaded URL -->  https://www.morningstar.co.uk/uk/funds/snapshot/snapshot.aspx?id=F00000PZHP&tab=3
2021-06-12 14:49:19,733 - INFO - Detailes Scrapped Successfully for -->  F00000PZHP
2021-06-12 14:49:26,585 - INFO - Successfully Loaded URL -->  https://www.morningstar.co.uk/uk/funds/snapshot/snapshot.aspx?id=F00000YQMD&tab=3
2021-06-12 14:49:41,000 - INFO - Detailes Scrapped Successfully for -->  F00000YQMD
2021-06-12 14:49:48,535 - INFO - Successfully Loaded URL -->  https://www.morningstar.co.uk/uk/funds/snapshot/snapshot.aspx?id=F0GBR04S4I&tab=3
2021-06-12 14:50:02,566 - INFO - Detailes Scrapped Successfully for -->  F0GBR04S4I
2021-06-12 14:50:10,113 - INFO - Successfully Loaded URL -->  https://www.morningstar.co.uk/uk/funds/snapshot/snapshot.aspx?id=F0GBR06OMD&tab=3
2021-06-12 14:50:24,065 - INFO - Detailes Scrapped Successfully for -->  F0GBR06OMD
2021-06-12 14:50:31,534 - INFO - Successfully Loaded URL -->  https://www.morningstar.co.uk/uk/funds/snapshot/snapshot.aspx?id=F00000PZHQ&tab=3
2021-06-12 14:50:45,748 - INFO - Detailes Scrapped Successfully for -->  F00000PZHQ
2021-06-12 14:50:52,589 - INFO - Successfully Loaded URL -->  https://www.morningstar.co.uk/uk/funds/snapshot/snapshot.aspx?id=F00000YQME&tab=3
2021-06-12 14:51:06,747 - INFO - Detailes Scrapped Successfully for -->  F00000YQME
2021-06-12 14:51:14,517 - INFO - Successfully Loaded URL -->  https://www.morningstar.co.uk/uk/funds/snapshot/snapshot.aspx?id=F0GBR04IBK&tab=3
2021-06-12 14:51:27,651 - WARNING - Active Share Percent not available for -->  F0GBR04IBK
2021-06-12 14:51:32,728 - INFO - Detailes Scrapped Successfully for -->  F0GBR04IBK
2021-06-12 14:51:40,005 - INFO - Successfully Loaded URL -->  https://www.morningstar.co.uk/uk/funds/snapshot/snapshot.aspx?id=F00000YQNH&tab=3
2021-06-12 14:51:53,060 - WARNING - Active Share Percent not available for -->  F00000YQNH
2021-06-12 14:51:58,103 - INFO - Detailes Scrapped Successfully for -->  F00000YQNH
2021-06-12 14:52:04,729 - INFO - Successfully Loaded URL -->  https://www.morningstar.co.uk/uk/funds/snapshot/snapshot.aspx?id=F0GBR04MY7&tab=3
2021-06-12 14:52:18,129 - WARNING - Active Share Percent not available for -->  F0GBR04MY7
2021-06-12 14:52:23,194 - INFO - Detailes Scrapped Successfully for -->  F0GBR04MY7
2021-06-12 14:52:29,699 - INFO - Successfully Loaded URL -->  https://www.morningstar.co.uk/uk/funds/snapshot/snapshot.aspx?id=F0GBR05AAU&tab=3
2021-06-12 14:52:42,947 - WARNING - Active Share Percent not available for -->  F0GBR05AAU
2021-06-12 14:52:47,969 - INFO - Detailes Scrapped Successfully for -->  F0GBR05AAU
2021-06-12 14:52:55,309 - INFO - Successfully Loaded URL -->  https://www.morningstar.co.uk/uk/funds/snapshot/snapshot.aspx?id=F00000YQNJ&tab=3
2021-06-12 14:53:08,652 - WARNING - Active Share Percent not available for -->  F00000YQNJ
2021-06-12 14:53:13,751 - INFO - Detailes Scrapped Successfully for -->  F00000YQNJ
2021-06-12 14:53:20,284 - INFO - Successfully Loaded URL -->  https://www.morningstar.co.uk/uk/funds/snapshot/snapshot.aspx?id=F0GBR06M63&tab=3
2021-06-12 14:53:34,631 - INFO - Detailes Scrapped Successfully for -->  F0GBR06M63
2021-06-12 14:53:42,049 - INFO - Successfully Loaded URL -->  https://www.morningstar.co.uk/uk/funds/snapshot/snapshot.aspx?id=F0GBR06M62&tab=3
2021-06-12 14:53:56,039 - INFO - Detailes Scrapped Successfully for -->  F0GBR06M62
2021-06-12 14:54:02,904 - INFO - Successfully Loaded URL -->  https://www.morningstar.co.uk/uk/funds/snapshot/snapshot.aspx?id=F0GBR04S2M&tab=3
2021-06-12 14:54:16,927 - INFO - Detailes Scrapped Successfully for -->  F0GBR04S2M
2021-06-12 14:54:23,514 - INFO - Successfully Loaded URL -->  https://www.morningstar.co.uk/uk/funds/snapshot/snapshot.aspx?id=F00000YQNK&tab=3
2021-06-12 14:54:37,570 - INFO - Detailes Scrapped Successfully for -->  F00000YQNK
2021-06-12 14:54:45,384 - INFO - Successfully Loaded URL -->  https://www.morningstar.co.uk/uk/funds/snapshot/snapshot.aspx?id=F0GBR04S2V&tab=3
2021-06-12 14:54:58,588 - WARNING - Active Share Percent not available for -->  F0GBR04S2V
2021-06-12 14:55:03,579 - INFO - Detailes Scrapped Successfully for -->  F0GBR04S2V
2021-06-12 14:55:10,898 - INFO - Successfully Loaded URL -->  https://www.morningstar.co.uk/uk/funds/snapshot/snapshot.aspx?id=F0GBR051NU&tab=3
2021-06-12 14:55:24,056 - WARNING - Active Share Percent not available for -->  F0GBR051NU
2021-06-12 14:55:29,033 - INFO - Detailes Scrapped Successfully for -->  F0GBR051NU
