root - INFO - Successfully Loaded URL -->  https://www.morningstar.co.uk/uk/funds/snapshot/snapshot.aspx?id=F0GBR04RYX&tab=3
root - INFO - Detailes Scrapped Successfully for -->  F0GBR04RYX
root - INFO - Successfully Loaded URL -->  https://www.morningstar.co.uk/uk/funds/snapshot/snapshot.aspx?id=F0GBR04RW2&tab=3
root - INFO - Detailes Scrapped Successfully for -->  F0GBR04RW2
root - INFO - Successfully Loaded URL -->  https://www.morningstar.co.uk/uk/funds/snapshot/snapshot.aspx?id=F00000Q8RZ&tab=3
root - INFO - Detailes Scrapped Successfully for -->  F00000Q8RZ
root - INFO - Successfully Loaded URL -->  https://www.morningstar.co.uk/uk/funds/snapshot/snapshot.aspx?id=F00000OPTU&tab=3
root - INFO - Detailes Scrapped Successfully for -->  F00000OPTU
root - INFO - Successfully Loaded URL -->  https://www.morningstar.co.uk/uk/funds/snapshot/snapshot.aspx?id=F0GBR04RVY&tab=3
root - INFO - Detailes Scrapped Successfully for -->  F0GBR04RVY
root - INFO - Successfully Loaded URL -->  https://www.morningstar.co.uk/uk/funds/snapshot/snapshot.aspx?id=F00000YV7N&tab=3
root - INFO - Detailes Scrapped Successfully for -->  F00000YV7N
root - INFO - Successfully Loaded URL -->  https://www.morningstar.co.uk/uk/funds/snapshot/snapshot.aspx?id=F00000YV7P&tab=3
root - INFO - Detailes Scrapped Successfully for -->  F00000YV7P
root - INFO - Successfully Loaded URL -->  https://www.morningstar.co.uk/uk/funds/snapshot/snapshot.aspx?id=F00000YV7Q&tab=3
root - INFO - Detailes Scrapped Successfully for -->  F00000YV7Q
root - INFO - Successfully Loaded URL -->  https://www.morningstar.co.uk/uk/funds/snapshot/snapshot.aspx?id=F00000YV7M&tab=3
root - INFO - No Dialog to Handle
root - INFO - Successfully Loaded URL -->  https://www.morningstar.co.uk/uk/funds/snapshot/snapshot.aspx?id=F00000YV7M&tab=3
root - INFO - No Dialog to handle for ---> F00000YV7M
root - INFO - Detailes Scrapped Successfully for -->  F00000YV7M
root - INFO - Successfully Loaded URL -->  https://www.morningstar.co.uk/uk/funds/snapshot/snapshot.aspx?id=F0GBR04EAM&tab=3
root - INFO - Detailes Scrapped Successfully for -->  F0GBR04EAM
root - INFO - Successfully Loaded URL -->  https://www.morningstar.co.uk/uk/funds/snapshot/snapshot.aspx?id=F0GBR06IAU&tab=3
root - INFO - Detailes Scrapped Successfully for -->  F0GBR06IAU
root - INFO - Successfully Loaded URL -->  https://www.morningstar.co.uk/uk/funds/snapshot/snapshot.aspx?id=F000000FRV&tab=3
root - INFO - Detailes Scrapped Successfully for -->  F000000FRV
root - INFO - Successfully Loaded URL -->  https://www.morningstar.co.uk/uk/funds/snapshot/snapshot.aspx?id=F00000OPVC&tab=3
root - INFO - Detailes Scrapped Successfully for -->  F00000OPVC
root - INFO - Successfully Loaded URL -->  https://www.morningstar.co.uk/uk/funds/snapshot/snapshot.aspx?id=F000000FRT&tab=3
root - INFO - Detailes Scrapped Successfully for -->  F000000FRT
root - INFO - Successfully Loaded URL -->  https://www.morningstar.co.uk/uk/funds/snapshot/snapshot.aspx?id=F0GBR04RUO&tab=3
root - WARNING - Active Share Percent not available for -->  F0GBR04RUO
root - INFO - Detailes Scrapped Successfully for -->  F0GBR04RUO
root - INFO - Successfully Loaded URL -->  https://www.morningstar.co.uk/uk/funds/snapshot/snapshot.aspx?id=F00000P8DU&tab=3
root - WARNING - Active Share Percent not available for -->  F00000P8DU
root - INFO - Detailes Scrapped Successfully for -->  F00000P8DU
root - INFO - Successfully Loaded URL -->  https://www.morningstar.co.uk/uk/funds/snapshot/snapshot.aspx?id=F00000Y4IZ&tab=3
root - WARNING - Active Share Percent not available for -->  F00000Y4IZ
root - INFO - Detailes Scrapped Successfully for -->  F00000Y4IZ
root - INFO - Successfully Loaded URL -->  https://www.morningstar.co.uk/uk/funds/snapshot/snapshot.aspx?id=F000000213&tab=3
root - WARNING - Active Share Percent not available for -->  F000000213
root - INFO - Detailes Scrapped Successfully for -->  F000000213
root - INFO - Successfully Loaded URL -->  https://www.morningstar.co.uk/uk/funds/snapshot/snapshot.aspx?id=F0GBR0549B&tab=3
root - WARNING - Active Share Percent not available for -->  F0GBR0549B
root - INFO - Detailes Scrapped Successfully for -->  F0GBR0549B
root - INFO - Successfully Loaded URL -->  https://www.morningstar.co.uk/uk/funds/snapshot/snapshot.aspx?id=F00000OPUU&tab=3
root - WARNING - Active Share Percent not available for -->  F00000OPUU
root - INFO - Detailes Scrapped Successfully for -->  F00000OPUU
root - INFO - Successfully Loaded URL -->  https://www.morningstar.co.uk/uk/funds/snapshot/snapshot.aspx?id=F0GBR04O7W&tab=3
root - WARNING - Active Share Percent not available for -->  F0GBR04O7W
root - INFO - Detailes Scrapped Successfully for -->  F0GBR04O7W
root - INFO - Successfully Loaded URL -->  https://www.morningstar.co.uk/uk/funds/snapshot/snapshot.aspx?id=F0GBR06XPG&tab=3
root - INFO - Detailes Scrapped Successfully for -->  F0GBR06XPG
root - INFO - Successfully Loaded URL -->  https://www.morningstar.co.uk/uk/funds/snapshot/snapshot.aspx?id=F00000P8DS&tab=3
root - INFO - Detailes Scrapped Successfully for -->  F00000P8DS
root - INFO - Successfully Loaded URL -->  https://www.morningstar.co.uk/uk/funds/snapshot/snapshot.aspx?id=F00000WRZP&tab=3
root - INFO - No Dialog to Handle
root - INFO - Successfully Loaded URL -->  https://www.morningstar.co.uk/uk/funds/snapshot/snapshot.aspx?id=F00000WRZP&tab=3
root - INFO - No Dialog to handle for ---> F00000WRZP
root - CRITICAL - Issue with URL, Cannot Switch to Iframe Portfolio --> F00000WRZP
root - INFO - Successfully Loaded URL -->  https://www.morningstar.co.uk/uk/funds/snapshot/snapshot.aspx?id=F0GBR04RVV&tab=3
root - INFO - No Dialog to Handle
root - WARNING - Active Share Percent not available for -->  F0GBR04RVV
root - INFO - Detailes Scrapped Successfully for -->  F0GBR04RVV
root - INFO - Successfully Loaded URL -->  https://www.morningstar.co.uk/uk/funds/snapshot/snapshot.aspx?id=F00000Q8RS&tab=3
root - WARNING - Active Share Percent not available for -->  F00000Q8RS
root - INFO - Detailes Scrapped Successfully for -->  F00000Q8RS
root - INFO - Successfully Loaded URL -->  https://www.morningstar.co.uk/uk/funds/snapshot/snapshot.aspx?id=F00000OPTZ&tab=3
root - WARNING - Active Share Percent not available for -->  F00000OPTZ
root - INFO - Detailes Scrapped Successfully for -->  F00000OPTZ
root - INFO - Successfully Loaded URL -->  https://www.morningstar.co.uk/uk/funds/snapshot/snapshot.aspx?id=F0GBR04RV5&tab=3
root - WARNING - Active Share Percent not available for -->  F0GBR04RV5
root - INFO - Detailes Scrapped Successfully for -->  F0GBR04RV5
root - INFO - Successfully Loaded URL -->  https://www.morningstar.co.uk/uk/funds/snapshot/snapshot.aspx?id=F00000WRZM&tab=3
root - INFO - Detailes Scrapped Successfully for -->  F00000WRZM
root - INFO - Successfully Loaded URL -->  https://www.morningstar.co.uk/uk/funds/snapshot/snapshot.aspx?id=F0GBR06XQ6&tab=3
root - INFO - Detailes Scrapped Successfully for -->  F0GBR06XQ6
root - INFO - Successfully Loaded URL -->  https://www.morningstar.co.uk/uk/funds/snapshot/snapshot.aspx?id=F00000Q8S3&tab=3
root - INFO - Detailes Scrapped Successfully for -->  F00000Q8S3
root - INFO - Successfully Loaded URL -->  https://www.morningstar.co.uk/uk/funds/snapshot/snapshot.aspx?id=F00000OPVE&tab=3
root - INFO - Detailes Scrapped Successfully for -->  F00000OPVE
root - INFO - Successfully Loaded URL -->  https://www.morningstar.co.uk/uk/funds/snapshot/snapshot.aspx?id=F0GBR06MNV&tab=3
root - INFO - Detailes Scrapped Successfully for -->  F0GBR06MNV
root - INFO - Successfully Loaded URL -->  https://www.morningstar.co.uk/uk/funds/snapshot/snapshot.aspx?id=F0GBR06IAX&tab=3
root - WARNING - Active Share Percent not available for -->  F0GBR06IAX
root - INFO - Detailes Scrapped Successfully for -->  F0GBR06IAX
root - INFO - Successfully Loaded URL -->  https://www.morningstar.co.uk/uk/funds/snapshot/snapshot.aspx?id=F0GBR06IAY&tab=3
root - WARNING - Active Share Percent not available for -->  F0GBR06IAY
root - INFO - Detailes Scrapped Successfully for -->  F0GBR06IAY
root - INFO - Successfully Loaded URL -->  https://www.morningstar.co.uk/uk/funds/snapshot/snapshot.aspx?id=F0GBR04NOX&tab=3
root - INFO - Detailes Scrapped Successfully for -->  F0GBR04NOX
root - INFO - Successfully Loaded URL -->  https://www.morningstar.co.uk/uk/funds/snapshot/snapshot.aspx?id=F0GBR04Z15&tab=3
root - INFO - Detailes Scrapped Successfully for -->  F0GBR04Z15
root - INFO - Successfully Loaded URL -->  https://www.morningstar.co.uk/uk/funds/snapshot/snapshot.aspx?id=F0GBR06HTG&tab=3
root - INFO - Detailes Scrapped Successfully for -->  F0GBR06HTG
root - INFO - Successfully Loaded URL -->  https://www.morningstar.co.uk/uk/funds/snapshot/snapshot.aspx?id=F00000PI8Z&tab=3
root - INFO - Detailes Scrapped Successfully for -->  F00000PI8Z
root - INFO - Successfully Loaded URL -->  https://www.morningstar.co.uk/uk/funds/snapshot/snapshot.aspx?id=F00000P9SW&tab=3
root - INFO - Detailes Scrapped Successfully for -->  F00000P9SW
