2021-06-11 19:24:06,951 - INFO - Successfully Loaded URL -->  https://www.morningstar.co.uk/uk/funds/snapshot/snapshot.aspx?id=F00000PJ00&tab=3
2021-06-11 19:24:21,399 - WARNING - Active Share Percent not available for -->  F00000PJ00
2021-06-11 19:24:26,409 - INFO - Detailes Scrapped Successfully for -->  F00000PJ00
2021-06-11 19:24:33,859 - INFO - Successfully Loaded URL -->  https://www.morningstar.co.uk/uk/funds/snapshot/snapshot.aspx?id=F00000PIZV&tab=3
2021-06-11 19:24:46,965 - WARNING - Active Share Percent not available for -->  F00000PIZV
2021-06-11 19:24:52,016 - INFO - Detailes Scrapped Successfully for -->  F00000PIZV
2021-06-11 19:24:58,513 - INFO - Successfully Loaded URL -->  https://www.morningstar.co.uk/uk/funds/snapshot/snapshot.aspx?id=F00000OYVK&tab=3
2021-06-11 19:25:12,647 - INFO - Detailes Scrapped Successfully for -->  F00000OYVK
2021-06-11 19:25:20,041 - INFO - Successfully Loaded URL -->  https://www.morningstar.co.uk/uk/funds/snapshot/snapshot.aspx?id=F00000O51U&tab=3
2021-06-11 19:25:34,177 - INFO - Detailes Scrapped Successfully for -->  F00000O51U
2021-06-11 19:25:41,218 - INFO - Successfully Loaded URL -->  https://www.morningstar.co.uk/uk/funds/snapshot/snapshot.aspx?id=F0GBR068AW&tab=3
2021-06-11 19:25:55,296 - INFO - Detailes Scrapped Successfully for -->  F0GBR068AW
2021-06-11 19:26:02,686 - INFO - Successfully Loaded URL -->  https://www.morningstar.co.uk/uk/funds/snapshot/snapshot.aspx?id=F00000OTTN&tab=3
2021-06-11 19:26:16,659 - INFO - Detailes Scrapped Successfully for -->  F00000OTTN
2021-06-11 19:26:22,997 - INFO - Successfully Loaded URL -->  https://www.morningstar.co.uk/uk/funds/snapshot/snapshot.aspx?id=F000001U4X&tab=3
2021-06-11 19:26:37,298 - INFO - Detailes Scrapped Successfully for -->  F000001U4X
2021-06-11 19:26:44,663 - INFO - Successfully Loaded URL -->  https://www.morningstar.co.uk/uk/funds/snapshot/snapshot.aspx?id=F00000OYV1&tab=3
2021-06-11 19:26:58,897 - INFO - Detailes Scrapped Successfully for -->  F00000OYV1
2021-06-11 19:27:06,543 - INFO - Successfully Loaded URL -->  https://www.morningstar.co.uk/uk/funds/snapshot/snapshot.aspx?id=F0GBR06JTX&tab=3
2021-06-11 19:27:20,583 - INFO - Detailes Scrapped Successfully for -->  F0GBR06JTX
2021-06-11 19:27:27,933 - INFO - Successfully Loaded URL -->  https://www.morningstar.co.uk/uk/funds/snapshot/snapshot.aspx?id=F0GBR068AV&tab=3
2021-06-11 19:27:41,949 - INFO - Detailes Scrapped Successfully for -->  F0GBR068AV
2021-06-11 19:27:48,399 - INFO - Successfully Loaded URL -->  https://www.morningstar.co.uk/uk/funds/snapshot/snapshot.aspx?id=F00000OTTJ&tab=3
2021-06-11 19:28:02,384 - INFO - Detailes Scrapped Successfully for -->  F00000OTTJ
2021-06-11 19:28:08,862 - INFO - Successfully Loaded URL -->  https://www.morningstar.co.uk/uk/funds/snapshot/snapshot.aspx?id=F000002YI4&tab=3
2021-06-11 19:28:22,910 - INFO - Detailes Scrapped Successfully for -->  F000002YI4
2021-06-11 19:28:29,270 - INFO - Successfully Loaded URL -->  https://www.morningstar.co.uk/uk/funds/snapshot/snapshot.aspx?id=F00000OYVM&tab=3
2021-06-11 19:28:42,264 - WARNING - Active Share Percent not available for -->  F00000OYVM
2021-06-11 19:28:47,249 - INFO - Detailes Scrapped Successfully for -->  F00000OYVM
2021-06-11 19:28:54,732 - INFO - Successfully Loaded URL -->  https://www.morningstar.co.uk/uk/funds/snapshot/snapshot.aspx?id=F0GBR06I18&tab=3
2021-06-11 19:29:07,821 - WARNING - Active Share Percent not available for -->  F0GBR06I18
2021-06-11 19:29:12,768 - INFO - Detailes Scrapped Successfully for -->  F0GBR06I18
2021-06-11 19:29:21,171 - INFO - Successfully Loaded URL -->  https://www.morningstar.co.uk/uk/funds/snapshot/snapshot.aspx?id=F0GBR068AX&tab=3
2021-06-11 19:29:34,238 - WARNING - Active Share Percent not available for -->  F0GBR068AX
2021-06-11 19:29:39,231 - INFO - Detailes Scrapped Successfully for -->  F0GBR068AX
2021-06-11 19:29:46,454 - INFO - Successfully Loaded URL -->  https://www.morningstar.co.uk/uk/funds/snapshot/snapshot.aspx?id=F00000OTTW&tab=3
2021-06-11 19:29:59,394 - WARNING - Active Share Percent not available for -->  F00000OTTW
2021-06-11 19:30:08,066 - INFO - Detailes Scrapped Successfully for -->  F00000OTTW
2021-06-11 19:30:16,005 - INFO - Successfully Loaded URL -->  https://www.morningstar.co.uk/uk/funds/snapshot/snapshot.aspx?id=F00000Q5MF&tab=3
2021-06-11 19:30:30,355 - INFO - Detailes Scrapped Successfully for -->  F00000Q5MF
2021-06-11 19:30:36,952 - INFO - Successfully Loaded URL -->  https://www.morningstar.co.uk/uk/funds/snapshot/snapshot.aspx?id=F00000Q2JI&tab=3
2021-06-11 19:30:50,953 - INFO - Detailes Scrapped Successfully for -->  F00000Q2JI
2021-06-11 19:30:58,444 - INFO - Successfully Loaded URL -->  https://www.morningstar.co.uk/uk/funds/snapshot/snapshot.aspx?id=F00000Q2JH&tab=3
2021-06-11 19:31:12,275 - INFO - Detailes Scrapped Successfully for -->  F00000Q2JH
2021-06-11 19:31:19,360 - INFO - Successfully Loaded URL -->  https://www.morningstar.co.uk/uk/funds/snapshot/snapshot.aspx?id=F00000QLHW&tab=3
2021-06-11 19:31:33,462 - INFO - Detailes Scrapped Successfully for -->  F00000QLHW
2021-06-11 19:31:40,109 - INFO - Successfully Loaded URL -->  https://www.morningstar.co.uk/uk/funds/snapshot/snapshot.aspx?id=F00000QCPX&tab=3
2021-06-11 19:31:53,930 - INFO - Detailes Scrapped Successfully for -->  F00000QCPX
2021-06-11 19:32:01,255 - INFO - Successfully Loaded URL -->  https://www.morningstar.co.uk/uk/funds/snapshot/snapshot.aspx?id=F00000XIZ6&tab=3
2021-06-11 19:32:14,333 - WARNING - Active Share Percent not available for -->  F00000XIZ6
2021-06-11 19:32:19,404 - INFO - Detailes Scrapped Successfully for -->  F00000XIZ6
2021-06-11 19:32:26,605 - INFO - Successfully Loaded URL -->  https://www.morningstar.co.uk/uk/funds/snapshot/snapshot.aspx?id=F0000008TC&tab=3
2021-06-11 19:32:39,714 - WARNING - Active Share Percent not available for -->  F0000008TC
2021-06-11 19:32:44,694 - INFO - Detailes Scrapped Successfully for -->  F0000008TC
2021-06-11 19:32:51,120 - INFO - Successfully Loaded URL -->  https://www.morningstar.co.uk/uk/funds/snapshot/snapshot.aspx?id=F000002IQX&tab=3
2021-06-11 19:33:05,007 - INFO - Detailes Scrapped Successfully for -->  F000002IQX
2021-06-11 19:33:11,394 - INFO - Successfully Loaded URL -->  https://www.morningstar.co.uk/uk/funds/snapshot/snapshot.aspx?id=F00000ZLKE&tab=3
2021-06-11 19:33:24,476 - WARNING - Active Share Percent not available for -->  F00000ZLKE
2021-06-11 19:33:29,412 - INFO - Detailes Scrapped Successfully for -->  F00000ZLKE
2021-06-11 19:33:35,958 - INFO - Successfully Loaded URL -->  https://www.morningstar.co.uk/uk/funds/snapshot/snapshot.aspx?id=F00000PZ8X&tab=3
2021-06-11 19:33:48,922 - WARNING - Active Share Percent not available for -->  F00000PZ8X
2021-06-11 19:33:53,873 - INFO - Detailes Scrapped Successfully for -->  F00000PZ8X
2021-06-11 19:34:01,482 - INFO - Successfully Loaded URL -->  https://www.morningstar.co.uk/uk/funds/snapshot/snapshot.aspx?id=F00000WN52&tab=3
2021-06-11 19:34:15,412 - INFO - Detailes Scrapped Successfully for -->  F00000WN52
2021-06-11 19:34:22,912 - INFO - Successfully Loaded URL -->  https://www.morningstar.co.uk/uk/funds/snapshot/snapshot.aspx?id=F00000WN53&tab=3
2021-06-11 19:34:36,824 - INFO - Detailes Scrapped Successfully for -->  F00000WN53
2021-06-11 19:34:43,372 - INFO - Successfully Loaded URL -->  https://www.morningstar.co.uk/uk/funds/snapshot/snapshot.aspx?id=FOGBR05K77&tab=3
2021-06-11 19:34:57,511 - INFO - Detailes Scrapped Successfully for -->  FOGBR05K77
2021-06-11 19:35:05,319 - INFO - Successfully Loaded URL -->  https://www.morningstar.co.uk/uk/funds/snapshot/snapshot.aspx?id=F0GBR04V97&tab=3
2021-06-11 19:35:18,337 - WARNING - Active Share Percent not available for -->  F0GBR04V97
2021-06-11 19:35:23,253 - INFO - Detailes Scrapped Successfully for -->  F0GBR04V97
2021-06-11 19:35:33,878 - INFO - Successfully Loaded URL -->  https://www.morningstar.co.uk/uk/funds/snapshot/snapshot.aspx?id=F0GBR04V7X&tab=3
2021-06-11 19:35:51,709 - INFO - Detailes Scrapped Successfully for -->  F0GBR04V7X
2021-06-11 19:35:58,400 - INFO - Successfully Loaded URL -->  https://www.morningstar.co.uk/uk/funds/snapshot/snapshot.aspx?id=F00000P7PQ&tab=3
2021-06-11 19:36:12,578 - INFO - Detailes Scrapped Successfully for -->  F00000P7PQ
2021-06-11 19:36:19,430 - INFO - Successfully Loaded URL -->  https://www.morningstar.co.uk/uk/funds/snapshot/snapshot.aspx?id=F000000ET6&tab=3
2021-06-11 19:36:33,547 - INFO - Detailes Scrapped Successfully for -->  F000000ET6
2021-06-11 19:36:40,460 - INFO - Successfully Loaded URL -->  https://www.morningstar.co.uk/uk/funds/snapshot/snapshot.aspx?id=F000003U7T&tab=3
2021-06-11 19:36:54,549 - INFO - Detailes Scrapped Successfully for -->  F000003U7T
2021-06-11 19:37:01,686 - INFO - Successfully Loaded URL -->  https://www.morningstar.co.uk/uk/funds/snapshot/snapshot.aspx?id=F0000002T2&tab=3
2021-06-11 19:37:16,636 - INFO - Detailes Scrapped Successfully for -->  F0000002T2
2021-06-11 19:37:23,528 - INFO - Successfully Loaded URL -->  https://www.morningstar.co.uk/uk/funds/snapshot/snapshot.aspx?id=F000003VCR&tab=3
2021-06-11 19:37:37,550 - INFO - Detailes Scrapped Successfully for -->  F000003VCR
2021-06-11 19:37:44,014 - INFO - Successfully Loaded URL -->  https://www.morningstar.co.uk/uk/funds/snapshot/snapshot.aspx?id=F00000M88P&tab=3
2021-06-11 19:37:57,947 - INFO - Detailes Scrapped Successfully for -->  F00000M88P
2021-06-11 19:38:04,634 - INFO - Successfully Loaded URL -->  https://www.morningstar.co.uk/uk/funds/snapshot/snapshot.aspx?id=F00000M88R&tab=3
2021-06-11 19:38:18,599 - INFO - Detailes Scrapped Successfully for -->  F00000M88R
2021-06-11 19:38:34,107 - INFO - Successfully Loaded URL -->  https://www.morningstar.co.uk/uk/funds/snapshot/snapshot.aspx?id=F00000OKC5&tab=3
2021-06-11 19:38:48,175 - INFO - Detailes Scrapped Successfully for -->  F00000OKC5
2021-06-11 19:38:54,607 - INFO - Successfully Loaded URL -->  https://www.morningstar.co.uk/uk/funds/snapshot/snapshot.aspx?id=F00000T39K&tab=3
2021-06-11 19:39:08,686 - INFO - Detailes Scrapped Successfully for -->  F00000T39K
2021-06-11 19:39:15,697 - INFO - Successfully Loaded URL -->  https://www.morningstar.co.uk/uk/funds/snapshot/snapshot.aspx?id=F000001AU3&tab=3
2021-06-11 19:39:30,074 - INFO - Detailes Scrapped Successfully for -->  F000001AU3
2021-06-11 19:39:36,687 - INFO - Successfully Loaded URL -->  https://www.morningstar.co.uk/uk/funds/snapshot/snapshot.aspx?id=F0GBR04S1J&tab=3
2021-06-11 19:39:49,656 - WARNING - Active Share Percent not available for -->  F0GBR04S1J
2021-06-11 19:39:54,637 - INFO - Detailes Scrapped Successfully for -->  F0GBR04S1J
2021-06-11 19:40:02,189 - INFO - Successfully Loaded URL -->  https://www.morningstar.co.uk/uk/funds/snapshot/snapshot.aspx?id=F00000SRPL&tab=3
2021-06-11 19:40:15,366 - WARNING - Active Share Percent not available for -->  F00000SRPL
2021-06-11 19:40:20,323 - INFO - Detailes Scrapped Successfully for -->  F00000SRPL
2021-06-11 19:40:27,060 - INFO - Successfully Loaded URL -->  https://www.morningstar.co.uk/uk/funds/snapshot/snapshot.aspx?id=F0GBR04G9X&tab=3
2021-06-11 19:40:41,243 - INFO - Detailes Scrapped Successfully for -->  F0GBR04G9X
2021-06-11 19:40:48,930 - INFO - Successfully Loaded URL -->  https://www.morningstar.co.uk/uk/funds/snapshot/snapshot.aspx?id=F00000QS9T&tab=3
2021-06-11 19:41:02,950 - INFO - Detailes Scrapped Successfully for -->  F00000QS9T
2021-06-11 19:41:09,294 - INFO - Successfully Loaded URL -->  https://www.morningstar.co.uk/uk/funds/snapshot/snapshot.aspx?id=F0GBR04S23&tab=3
2021-06-11 19:41:23,936 - INFO - Detailes Scrapped Successfully for -->  F0GBR04S23
2021-06-11 19:41:30,552 - INFO - Successfully Loaded URL -->  https://www.morningstar.co.uk/uk/funds/snapshot/snapshot.aspx?id=F00000OPY7&tab=3
2021-06-11 19:41:44,495 - INFO - Detailes Scrapped Successfully for -->  F00000OPY7
2021-06-11 19:41:50,885 - INFO - Successfully Loaded URL -->  https://www.morningstar.co.uk/uk/funds/snapshot/snapshot.aspx?id=F00000SGH5&tab=3
2021-06-11 19:42:04,832 - INFO - Detailes Scrapped Successfully for -->  F00000SGH5
2021-06-11 19:42:11,630 - INFO - Successfully Loaded URL -->  https://www.morningstar.co.uk/uk/funds/snapshot/snapshot.aspx?id=F0GBR04CUU&tab=3
2021-06-11 19:42:25,763 - INFO - Detailes Scrapped Successfully for -->  F0GBR04CUU
2021-06-11 19:42:32,375 - INFO - Successfully Loaded URL -->  https://www.morningstar.co.uk/uk/funds/snapshot/snapshot.aspx?id=F00000QS9S&tab=3
2021-06-11 19:42:46,368 - INFO - Detailes Scrapped Successfully for -->  F00000QS9S
2021-06-11 19:42:53,064 - INFO - Successfully Loaded URL -->  https://www.morningstar.co.uk/uk/funds/snapshot/snapshot.aspx?id=F0000043NQ&tab=3
2021-06-11 19:43:05,952 - WARNING - Active Share Percent not available for -->  F0000043NQ
2021-06-11 19:43:10,437 - INFO - Detailes Scrapped Successfully for -->  F0000043NQ
2021-06-11 19:43:17,999 - INFO - Successfully Loaded URL -->  https://www.morningstar.co.uk/uk/funds/snapshot/snapshot.aspx?id=F0000043NR&tab=3
2021-06-11 19:43:30,860 - WARNING - Active Share Percent not available for -->  F0000043NR
2021-06-11 19:43:35,340 - INFO - Detailes Scrapped Successfully for -->  F0000043NR
2021-06-11 19:43:42,846 - INFO - Successfully Loaded URL -->  https://www.morningstar.co.uk/uk/funds/snapshot/snapshot.aspx?id=F00000VKYD&tab=3
2021-06-11 19:43:56,851 - WARNING - Active Share Percent not available for -->  F00000VKYD
2021-06-11 19:44:01,334 - INFO - Detailes Scrapped Successfully for -->  F00000VKYD
2021-06-11 19:44:07,541 - INFO - Successfully Loaded URL -->  https://www.morningstar.co.uk/uk/funds/snapshot/snapshot.aspx?id=F00000N703&tab=3
2021-06-11 19:44:21,458 - INFO - Detailes Scrapped Successfully for -->  F00000N703
2021-06-11 19:44:27,935 - INFO - Successfully Loaded URL -->  https://www.morningstar.co.uk/uk/funds/snapshot/snapshot.aspx?id=F00000OBQT&tab=3
2021-06-11 19:44:41,965 - INFO - Detailes Scrapped Successfully for -->  F00000OBQT
2021-06-11 19:44:49,181 - INFO - Successfully Loaded URL -->  https://www.morningstar.co.uk/uk/funds/snapshot/snapshot.aspx?id=F00000OBQR&tab=3
2021-06-11 19:45:03,057 - INFO - Detailes Scrapped Successfully for -->  F00000OBQR
2021-06-11 19:45:09,381 - INFO - Successfully Loaded URL -->  https://www.morningstar.co.uk/uk/funds/snapshot/snapshot.aspx?id=F00000N705&tab=3
2021-06-11 19:45:23,380 - INFO - Detailes Scrapped Successfully for -->  F00000N705
2021-06-11 19:45:29,744 - INFO - Successfully Loaded URL -->  https://www.morningstar.co.uk/uk/funds/snapshot/snapshot.aspx?id=F00000WZIY&tab=3
2021-06-11 19:45:43,695 - INFO - Detailes Scrapped Successfully for -->  F00000WZIY
2021-06-11 19:45:51,770 - INFO - Successfully Loaded URL -->  https://www.morningstar.co.uk/uk/funds/snapshot/snapshot.aspx?id=F00000OBQV&tab=3
2021-06-11 19:46:06,284 - INFO - Detailes Scrapped Successfully for -->  F00000OBQV
2021-06-11 19:46:13,471 - INFO - Successfully Loaded URL -->  https://www.morningstar.co.uk/uk/funds/snapshot/snapshot.aspx?id=F00000OBQU&tab=3
2021-06-11 19:46:27,509 - INFO - Detailes Scrapped Successfully for -->  F00000OBQU
2021-06-11 19:46:34,071 - INFO - Successfully Loaded URL -->  https://www.morningstar.co.uk/uk/funds/snapshot/snapshot.aspx?id=F00000WZIZ&tab=3
2021-06-11 19:46:47,159 - WARNING - Active Share Percent not available for -->  F00000WZIZ
2021-06-11 19:46:52,125 - INFO - Detailes Scrapped Successfully for -->  F00000WZIZ
2021-06-11 19:46:58,618 - INFO - Successfully Loaded URL -->  https://www.morningstar.co.uk/uk/funds/snapshot/snapshot.aspx?id=F00000OBQX&tab=3
2021-06-11 19:47:11,939 - WARNING - Active Share Percent not available for -->  F00000OBQX
2021-06-11 19:47:16,894 - INFO - Detailes Scrapped Successfully for -->  F00000OBQX
2021-06-11 19:47:23,260 - INFO - Successfully Loaded URL -->  https://www.morningstar.co.uk/uk/funds/snapshot/snapshot.aspx?id=F00000OBQW&tab=3
2021-06-11 19:47:36,251 - WARNING - Active Share Percent not available for -->  F00000OBQW
2021-06-11 19:47:41,245 - INFO - Detailes Scrapped Successfully for -->  F00000OBQW
2021-06-11 19:47:48,009 - INFO - Successfully Loaded URL -->  https://www.morningstar.co.uk/uk/funds/snapshot/snapshot.aspx?id=F00000OBQZ&tab=3
2021-06-11 19:48:02,039 - INFO - Detailes Scrapped Successfully for -->  F00000OBQZ
2021-06-11 19:48:08,736 - INFO - Successfully Loaded URL -->  https://www.morningstar.co.uk/uk/funds/snapshot/snapshot.aspx?id=F00000OBQY&tab=3
2021-06-11 19:48:22,767 - INFO - Detailes Scrapped Successfully for -->  F00000OBQY
2021-06-11 19:48:29,715 - INFO - Successfully Loaded URL -->  https://www.morningstar.co.uk/uk/funds/snapshot/snapshot.aspx?id=F00000OBQP&tab=3
2021-06-11 19:48:43,942 - INFO - Detailes Scrapped Successfully for -->  F00000OBQP
2021-06-11 19:48:51,321 - INFO - Successfully Loaded URL -->  https://www.morningstar.co.uk/uk/funds/snapshot/snapshot.aspx?id=F00000OBQO&tab=3
2021-06-11 19:49:05,471 - INFO - Detailes Scrapped Successfully for -->  F00000OBQO
2021-06-11 19:49:11,876 - INFO - Successfully Loaded URL -->  https://www.morningstar.co.uk/uk/funds/snapshot/snapshot.aspx?id=F00000ZWX7&tab=3
2021-06-11 19:49:25,907 - INFO - Detailes Scrapped Successfully for -->  F00000ZWX7
2021-06-11 19:49:32,483 - INFO - Successfully Loaded URL -->  https://www.morningstar.co.uk/uk/funds/snapshot/snapshot.aspx?id=F000010DEF&tab=3
2021-06-11 19:49:46,480 - INFO - Detailes Scrapped Successfully for -->  F000010DEF
2021-06-11 19:49:54,461 - INFO - Successfully Loaded URL -->  https://www.morningstar.co.uk/uk/funds/snapshot/snapshot.aspx?id=F00000O8FZ&tab=3
2021-06-11 19:50:08,682 - INFO - Detailes Scrapped Successfully for -->  F00000O8FZ
2021-06-11 19:50:16,411 - INFO - Successfully Loaded URL -->  https://www.morningstar.co.uk/uk/funds/snapshot/snapshot.aspx?id=F0GBR06KJM&tab=3
2021-06-11 19:50:30,417 - INFO - Detailes Scrapped Successfully for -->  F0GBR06KJM
2021-06-11 19:50:38,031 - INFO - Successfully Loaded URL -->  https://www.morningstar.co.uk/uk/funds/snapshot/snapshot.aspx?id=F0GBR06THP&tab=3
2021-06-11 19:50:51,942 - INFO - Detailes Scrapped Successfully for -->  F0GBR06THP
2021-06-11 19:50:58,883 - INFO - Successfully Loaded URL -->  https://www.morningstar.co.uk/uk/funds/snapshot/snapshot.aspx?id=F00000JVU0&tab=3
2021-06-11 19:51:14,208 - INFO - Detailes Scrapped Successfully for -->  F00000JVU0
2021-06-11 19:51:21,699 - INFO - Successfully Loaded URL -->  https://www.morningstar.co.uk/uk/funds/snapshot/snapshot.aspx?id=F00000JVTV&tab=3
2021-06-11 19:51:36,320 - INFO - Detailes Scrapped Successfully for -->  F00000JVTV
2021-06-11 19:51:43,849 - INFO - Successfully Loaded URL -->  https://www.morningstar.co.uk/uk/funds/snapshot/snapshot.aspx?id=F0GBR04OC1&tab=3
2021-06-11 19:51:57,008 - WARNING - Active Share Percent not available for -->  F0GBR04OC1
2021-06-11 19:52:01,946 - INFO - Detailes Scrapped Successfully for -->  F0GBR04OC1
2021-06-11 19:52:09,498 - INFO - Successfully Loaded URL -->  https://www.morningstar.co.uk/uk/funds/snapshot/snapshot.aspx?id=F000003VYC&tab=3
