2021-06-15 17:29:39,730 - INFO - Successfully Loaded URL -->  https://www.morningstar.co.uk/uk/funds/snapshot/snapshot.aspx?id=F00000PQUA&tab=3
2021-06-15 17:29:54,698 - WARNING - Active Share Percent not available for -->  F00000PQUA
2021-06-15 17:30:00,256 - INFO - Detailes Scrapped Successfully for -->  F00000PQUA
2021-06-15 17:30:15,338 - INFO - Successfully Loaded URL -->  https://www.morningstar.co.uk/uk/funds/snapshot/snapshot.aspx?id=F00000PNTP&tab=3
2021-06-15 17:30:29,193 - WARNING - Active Share Percent not available for -->  F00000PNTP
2021-06-15 17:30:34,817 - INFO - Detailes Scrapped Successfully for -->  F00000PNTP
2021-06-15 17:30:43,789 - INFO - Successfully Loaded URL -->  https://www.morningstar.co.uk/uk/funds/snapshot/snapshot.aspx?id=F00000T50I&tab=3
2021-06-15 17:30:57,182 - WARNING - Active Share Percent not available for -->  F00000T50I
2021-06-15 17:31:02,713 - INFO - Detailes Scrapped Successfully for -->  F00000T50I
2021-06-15 17:31:09,909 - INFO - Successfully Loaded URL -->  https://www.morningstar.co.uk/uk/funds/snapshot/snapshot.aspx?id=F00000MJJH&tab=3
2021-06-15 17:31:23,856 - WARNING - Active Share Percent not available for -->  F00000MJJH
2021-06-15 17:31:29,644 - INFO - Detailes Scrapped Successfully for -->  F00000MJJH
2021-06-15 17:31:37,275 - INFO - Successfully Loaded URL -->  https://www.morningstar.co.uk/uk/funds/snapshot/snapshot.aspx?id=F00000U49J&tab=3
2021-06-15 17:31:50,936 - WARNING - Active Share Percent not available for -->  F00000U49J
2021-06-15 17:31:56,674 - INFO - Detailes Scrapped Successfully for -->  F00000U49J
2021-06-15 17:32:04,385 - INFO - Successfully Loaded URL -->  https://www.morningstar.co.uk/uk/funds/snapshot/snapshot.aspx?id=F00000O6RX&tab=3
2021-06-15 17:32:17,759 - WARNING - Active Share Percent not available for -->  F00000O6RX
2021-06-15 17:32:22,895 - INFO - Detailes Scrapped Successfully for -->  F00000O6RX
2021-06-15 17:32:29,485 - INFO - Successfully Loaded URL -->  https://www.morningstar.co.uk/uk/funds/snapshot/snapshot.aspx?id=F00000UQN7&tab=3
2021-06-15 17:32:42,656 - WARNING - Active Share Percent not available for -->  F00000UQN7
2021-06-15 17:32:47,816 - INFO - Detailes Scrapped Successfully for -->  F00000UQN7
2021-06-15 17:32:55,710 - INFO - Successfully Loaded URL -->  https://www.morningstar.co.uk/uk/funds/snapshot/snapshot.aspx?id=F00000TF54&tab=3
2021-06-15 17:33:09,110 - WARNING - Active Share Percent not available for -->  F00000TF54
2021-06-15 17:33:14,274 - INFO - Detailes Scrapped Successfully for -->  F00000TF54
2021-06-15 17:33:20,685 - INFO - Successfully Loaded URL -->  https://www.morningstar.co.uk/uk/funds/snapshot/snapshot.aspx?id=F00000UQN9&tab=3
2021-06-15 17:33:33,856 - WARNING - Active Share Percent not available for -->  F00000UQN9
2021-06-15 17:33:39,237 - INFO - Detailes Scrapped Successfully for -->  F00000UQN9
2021-06-15 17:33:45,933 - INFO - Successfully Loaded URL -->  https://www.morningstar.co.uk/uk/funds/snapshot/snapshot.aspx?id=FOGBR05JLL&tab=3
2021-06-15 17:33:59,035 - WARNING - Active Share Percent not available for -->  FOGBR05JLL
2021-06-15 17:34:04,194 - INFO - Detailes Scrapped Successfully for -->  FOGBR05JLL
2021-06-15 17:34:11,335 - INFO - Successfully Loaded URL -->  https://www.morningstar.co.uk/uk/funds/snapshot/snapshot.aspx?id=F000001AE6&tab=3
2021-06-15 17:34:25,238 - WARNING - Active Share Percent not available for -->  F000001AE6
2021-06-15 17:34:30,620 - INFO - Detailes Scrapped Successfully for -->  F000001AE6
2021-06-15 17:34:38,144 - INFO - Successfully Loaded URL -->  https://www.morningstar.co.uk/uk/funds/snapshot/snapshot.aspx?id=F00000SX1X&tab=3
2021-06-15 17:34:51,274 - WARNING - Active Share Percent not available for -->  F00000SX1X
2021-06-15 17:34:56,400 - INFO - Detailes Scrapped Successfully for -->  F00000SX1X
2021-06-15 17:35:03,346 - INFO - Successfully Loaded URL -->  https://www.morningstar.co.uk/uk/funds/snapshot/snapshot.aspx?id=F000001AE4&tab=3
2021-06-15 17:35:16,423 - WARNING - Active Share Percent not available for -->  F000001AE4
2021-06-15 17:35:21,630 - INFO - Detailes Scrapped Successfully for -->  F000001AE4
2021-06-15 17:35:29,702 - INFO - Successfully Loaded URL -->  https://www.morningstar.co.uk/uk/funds/snapshot/snapshot.aspx?id=F0GBR04RZG&tab=3
2021-06-15 17:35:44,005 - INFO - Detailes Scrapped Successfully for -->  F0GBR04RZG
2021-06-15 17:35:48,108 - INFO - Successfully Loaded URL -->  https://www.morningstar.co.uk/uk/funds/snapshot/snapshot.aspx?id=F00000QS9O&tab=3
2021-06-15 17:35:52,160 - INFO - No Dialog to Handle
2021-06-15 17:36:06,130 - INFO - Successfully Loaded URL -->  https://www.morningstar.co.uk/uk/funds/snapshot/snapshot.aspx?id=F00000QS9O&tab=3
2021-06-15 17:36:06,130 - INFO - No Dialog to handle for ---> F00000QS9O
2021-06-15 17:36:20,667 - INFO - Detailes Scrapped Successfully for -->  F00000QS9O
2021-06-15 17:36:27,314 - INFO - Successfully Loaded URL -->  https://www.morningstar.co.uk/uk/funds/snapshot/snapshot.aspx?id=F0GBR06WS6&tab=3
2021-06-15 17:36:40,662 - WARNING - Active Share Percent not available for -->  F0GBR06WS6
2021-06-15 17:36:45,840 - INFO - Detailes Scrapped Successfully for -->  F0GBR06WS6
2021-06-15 17:36:54,091 - INFO - Successfully Loaded URL -->  https://www.morningstar.co.uk/uk/funds/snapshot/snapshot.aspx?id=F000001ATJ&tab=3
2021-06-15 17:37:07,456 - WARNING - Active Share Percent not available for -->  F000001ATJ
2021-06-15 17:37:12,691 - INFO - Detailes Scrapped Successfully for -->  F000001ATJ
2021-06-15 17:37:19,667 - INFO - Successfully Loaded URL -->  https://www.morningstar.co.uk/uk/funds/snapshot/snapshot.aspx?id=FOGBR05KLQ&tab=3
2021-06-15 17:37:33,031 - WARNING - Active Share Percent not available for -->  FOGBR05KLQ
2021-06-15 17:37:38,042 - INFO - Detailes Scrapped Successfully for -->  FOGBR05KLQ
2021-06-15 17:37:44,520 - INFO - Successfully Loaded URL -->  https://www.morningstar.co.uk/uk/funds/snapshot/snapshot.aspx?id=F00000210Z&tab=3
2021-06-15 17:37:58,795 - WARNING - Active Share Percent not available for -->  F00000210Z
2021-06-15 17:38:03,770 - INFO - Detailes Scrapped Successfully for -->  F00000210Z
2021-06-15 17:38:11,153 - INFO - Successfully Loaded URL -->  https://www.morningstar.co.uk/uk/funds/snapshot/snapshot.aspx?id=F00000JZ78&tab=3
2021-06-15 17:38:24,490 - WARNING - Active Share Percent not available for -->  F00000JZ78
2021-06-15 17:38:29,351 - INFO - Detailes Scrapped Successfully for -->  F00000JZ78
2021-06-15 17:38:39,186 - INFO - Successfully Loaded URL -->  https://www.morningstar.co.uk/uk/funds/snapshot/snapshot.aspx?id=F00000Z9NH&tab=3
2021-06-15 17:38:52,143 - WARNING - Active Share Percent not available for -->  F00000Z9NH
2021-06-15 17:38:56,987 - INFO - Detailes Scrapped Successfully for -->  F00000Z9NH
2021-06-15 17:39:04,245 - INFO - Successfully Loaded URL -->  https://www.morningstar.co.uk/uk/funds/snapshot/snapshot.aspx?id=F00000JZ77&tab=3
2021-06-15 17:39:17,245 - WARNING - Active Share Percent not available for -->  F00000JZ77
2021-06-15 17:39:22,052 - INFO - Detailes Scrapped Successfully for -->  F00000JZ77
2021-06-15 17:39:29,845 - INFO - Successfully Loaded URL -->  https://www.morningstar.co.uk/uk/funds/snapshot/snapshot.aspx?id=FOGBR05KLR&tab=3
2021-06-15 17:39:43,068 - WARNING - Active Share Percent not available for -->  FOGBR05KLR
2021-06-15 17:39:48,039 - INFO - Detailes Scrapped Successfully for -->  FOGBR05KLR
2021-06-15 17:39:54,823 - INFO - Successfully Loaded URL -->  https://www.morningstar.co.uk/uk/funds/snapshot/snapshot.aspx?id=F00000WVHN&tab=3
2021-06-15 17:40:07,874 - WARNING - Active Share Percent not available for -->  F00000WVHN
2021-06-15 17:40:12,751 - INFO - Detailes Scrapped Successfully for -->  F00000WVHN
2021-06-15 17:40:19,112 - INFO - Successfully Loaded URL -->  https://www.morningstar.co.uk/uk/funds/snapshot/snapshot.aspx?id=F00000WTHK&tab=3
2021-06-15 17:40:32,406 - WARNING - Active Share Percent not available for -->  F00000WTHK
2021-06-15 17:40:37,392 - INFO - Detailes Scrapped Successfully for -->  F00000WTHK
2021-06-15 17:40:44,183 - INFO - Successfully Loaded URL -->  https://www.morningstar.co.uk/uk/funds/snapshot/snapshot.aspx?id=F00000SX1T&tab=3
2021-06-15 17:40:57,318 - WARNING - Active Share Percent not available for -->  F00000SX1T
2021-06-15 17:41:02,251 - INFO - Detailes Scrapped Successfully for -->  F00000SX1T
2021-06-15 17:41:09,194 - INFO - Successfully Loaded URL -->  https://www.morningstar.co.uk/uk/funds/snapshot/snapshot.aspx?id=F000000KD4&tab=3
2021-06-15 17:41:22,400 - WARNING - Active Share Percent not available for -->  F000000KD4
2021-06-15 17:41:27,315 - INFO - Detailes Scrapped Successfully for -->  F000000KD4
2021-06-15 17:41:34,113 - INFO - Successfully Loaded URL -->  https://www.morningstar.co.uk/uk/funds/snapshot/snapshot.aspx?id=F000000EVD&tab=3
2021-06-15 17:41:48,238 - INFO - Detailes Scrapped Successfully for -->  F000000EVD
2021-06-15 17:41:55,713 - INFO - Successfully Loaded URL -->  https://www.morningstar.co.uk/uk/funds/snapshot/snapshot.aspx?id=F00000Z9NI&tab=3
2021-06-15 17:42:10,211 - INFO - Detailes Scrapped Successfully for -->  F00000Z9NI
2021-06-15 17:42:16,976 - INFO - Successfully Loaded URL -->  https://www.morningstar.co.uk/uk/funds/snapshot/snapshot.aspx?id=F00000VZO8&tab=3
2021-06-15 17:42:31,692 - INFO - Detailes Scrapped Successfully for -->  F00000VZO8
2021-06-15 17:42:39,510 - INFO - Successfully Loaded URL -->  https://www.morningstar.co.uk/uk/funds/snapshot/snapshot.aspx?id=F000001ATN&tab=3
2021-06-15 17:42:53,804 - INFO - Detailes Scrapped Successfully for -->  F000001ATN
2021-06-15 17:43:00,449 - INFO - Successfully Loaded URL -->  https://www.morningstar.co.uk/uk/funds/snapshot/snapshot.aspx?id=F000010F2P&tab=3
2021-06-15 17:43:14,746 - INFO - Detailes Scrapped Successfully for -->  F000010F2P
2021-06-15 17:43:22,253 - INFO - Successfully Loaded URL -->  https://www.morningstar.co.uk/uk/funds/snapshot/snapshot.aspx?id=FOGBR05U13&tab=3
2021-06-15 17:43:36,808 - INFO - Detailes Scrapped Successfully for -->  FOGBR05U13
2021-06-15 17:43:44,467 - INFO - Successfully Loaded URL -->  https://www.morningstar.co.uk/uk/funds/snapshot/snapshot.aspx?id=F00000PY8F&tab=3
2021-06-15 17:43:59,366 - INFO - Detailes Scrapped Successfully for -->  F00000PY8F
2021-06-15 17:44:08,533 - INFO - Successfully Loaded URL -->  https://www.morningstar.co.uk/uk/funds/snapshot/snapshot.aspx?id=F00000WTHL&tab=3
2021-06-15 17:44:23,624 - INFO - Detailes Scrapped Successfully for -->  F00000WTHL
2021-06-15 17:44:31,705 - INFO - Successfully Loaded URL -->  https://www.morningstar.co.uk/uk/funds/snapshot/snapshot.aspx?id=F000000KDC&tab=3
2021-06-15 17:44:46,097 - INFO - Detailes Scrapped Successfully for -->  F000000KDC
2021-06-15 17:44:54,049 - INFO - Successfully Loaded URL -->  https://www.morningstar.co.uk/uk/funds/snapshot/snapshot.aspx?id=F000010F5D&tab=3
2021-06-15 17:45:08,071 - INFO - Detailes Scrapped Successfully for -->  F000010F5D
2021-06-15 17:45:16,295 - INFO - Successfully Loaded URL -->  https://www.morningstar.co.uk/uk/funds/snapshot/snapshot.aspx?id=FOGBR05KLS&tab=3
2021-06-15 17:45:29,327 - WARNING - Active Share Percent not available for -->  FOGBR05KLS
2021-06-15 17:45:34,023 - INFO - Detailes Scrapped Successfully for -->  FOGBR05KLS
2021-06-15 17:45:42,008 - INFO - Successfully Loaded URL -->  https://www.morningstar.co.uk/uk/funds/snapshot/snapshot.aspx?id=F000001ATM&tab=3
2021-06-15 17:45:55,220 - WARNING - Active Share Percent not available for -->  F000001ATM
2021-06-15 17:45:59,927 - INFO - Detailes Scrapped Successfully for -->  F000001ATM
2021-06-15 17:46:07,287 - INFO - Successfully Loaded URL -->  https://www.morningstar.co.uk/uk/funds/snapshot/snapshot.aspx?id=F00000MTVL&tab=3
2021-06-15 17:46:20,352 - WARNING - Active Share Percent not available for -->  F00000MTVL
2021-06-15 17:46:25,330 - INFO - Detailes Scrapped Successfully for -->  F00000MTVL
2021-06-15 17:46:31,992 - INFO - Successfully Loaded URL -->  https://www.morningstar.co.uk/uk/funds/snapshot/snapshot.aspx?id=F00000MTVM&tab=3
2021-06-15 17:46:45,226 - WARNING - Active Share Percent not available for -->  F00000MTVM
2021-06-15 17:46:50,263 - INFO - Detailes Scrapped Successfully for -->  F00000MTVM
2021-06-15 17:46:56,813 - INFO - Successfully Loaded URL -->  https://www.morningstar.co.uk/uk/funds/snapshot/snapshot.aspx?id=FOGBR05KLT&tab=3
2021-06-15 17:47:10,304 - WARNING - Active Share Percent not available for -->  FOGBR05KLT
2021-06-15 17:47:15,200 - INFO - Detailes Scrapped Successfully for -->  FOGBR05KLT
2021-06-15 17:47:22,559 - INFO - Successfully Loaded URL -->  https://www.morningstar.co.uk/uk/funds/snapshot/snapshot.aspx?id=F00000XAXE&tab=3
2021-06-15 17:47:35,612 - WARNING - Active Share Percent not available for -->  F00000XAXE
2021-06-15 17:47:40,509 - INFO - Detailes Scrapped Successfully for -->  F00000XAXE
2021-06-15 17:47:48,032 - INFO - Successfully Loaded URL -->  https://www.morningstar.co.uk/uk/funds/snapshot/snapshot.aspx?id=F000000KDA&tab=3
2021-06-15 17:48:01,164 - WARNING - Active Share Percent not available for -->  F000000KDA
2021-06-15 17:48:06,096 - INFO - Detailes Scrapped Successfully for -->  F000000KDA
2021-06-15 17:48:12,794 - INFO - Successfully Loaded URL -->  https://www.morningstar.co.uk/uk/funds/snapshot/snapshot.aspx?id=FOGBR05KLU&tab=3
2021-06-15 17:48:25,868 - WARNING - Active Share Percent not available for -->  FOGBR05KLU
2021-06-15 17:48:30,855 - INFO - Detailes Scrapped Successfully for -->  FOGBR05KLU
2021-06-15 17:48:37,745 - INFO - Successfully Loaded URL -->  https://www.morningstar.co.uk/uk/funds/snapshot/snapshot.aspx?id=F000001AU7&tab=3
2021-06-15 17:48:50,869 - WARNING - Active Share Percent not available for -->  F000001AU7
2021-06-15 17:48:55,855 - INFO - Detailes Scrapped Successfully for -->  F000001AU7
2021-06-15 17:49:03,409 - INFO - Successfully Loaded URL -->  https://www.morningstar.co.uk/uk/funds/snapshot/snapshot.aspx?id=F00000W42B&tab=3
2021-06-15 17:49:16,525 - WARNING - Active Share Percent not available for -->  F00000W42B
2021-06-15 17:49:21,456 - INFO - Detailes Scrapped Successfully for -->  F00000W42B
2021-06-15 17:49:28,989 - INFO - Successfully Loaded URL -->  https://www.morningstar.co.uk/uk/funds/snapshot/snapshot.aspx?id=F00000O74P&tab=3
2021-06-15 17:49:42,241 - WARNING - Active Share Percent not available for -->  F00000O74P
2021-06-15 17:49:47,197 - INFO - Detailes Scrapped Successfully for -->  F00000O74P
2021-06-15 17:49:54,464 - INFO - Successfully Loaded URL -->  https://www.morningstar.co.uk/uk/funds/snapshot/snapshot.aspx?id=F00000NO6I&tab=3
2021-06-15 17:50:07,768 - WARNING - Active Share Percent not available for -->  F00000NO6I
2021-06-15 17:50:13,345 - INFO - Detailes Scrapped Successfully for -->  F00000NO6I
2021-06-15 17:50:20,228 - INFO - Successfully Loaded URL -->  https://www.morningstar.co.uk/uk/funds/snapshot/snapshot.aspx?id=F00000SX1Z&tab=3
2021-06-15 17:50:33,991 - WARNING - Active Share Percent not available for -->  F00000SX1Z
2021-06-15 17:50:39,011 - INFO - Detailes Scrapped Successfully for -->  F00000SX1Z
