2021-06-15 16:45:24,972 - INFO - Successfully Loaded URL -->  https://www.morningstar.co.uk/uk/funds/snapshot/snapshot.aspx?id=F00000Z4XP&tab=3
2021-06-15 16:45:38,858 - WARNING - Active Share Percent not available for -->  F00000Z4XP
2021-06-15 16:45:43,889 - INFO - Detailes Scrapped Successfully for -->  F00000Z4XP
2021-06-15 16:45:51,528 - INFO - Successfully Loaded URL -->  https://www.morningstar.co.uk/uk/funds/snapshot/snapshot.aspx?id=F00000Z4XQ&tab=3
2021-06-15 16:46:04,719 - WARNING - Active Share Percent not available for -->  F00000Z4XQ
2021-06-15 16:46:09,871 - INFO - Detailes Scrapped Successfully for -->  F00000Z4XQ
2021-06-15 16:46:16,719 - INFO - Successfully Loaded URL -->  https://www.morningstar.co.uk/uk/funds/snapshot/snapshot.aspx?id=F00000Z4XN&tab=3
2021-06-15 16:46:30,004 - WARNING - Active Share Percent not available for -->  F00000Z4XN
2021-06-15 16:46:35,117 - INFO - Detailes Scrapped Successfully for -->  F00000Z4XN
2021-06-15 16:46:42,382 - INFO - Successfully Loaded URL -->  https://www.morningstar.co.uk/uk/funds/snapshot/snapshot.aspx?id=F00000Z4XO&tab=3
2021-06-15 16:46:55,781 - WARNING - Active Share Percent not available for -->  F00000Z4XO
2021-06-15 16:47:00,817 - INFO - Detailes Scrapped Successfully for -->  F00000Z4XO
2021-06-15 16:47:07,735 - INFO - Successfully Loaded URL -->  https://www.morningstar.co.uk/uk/funds/snapshot/snapshot.aspx?id=F00000NMLP&tab=3
2021-06-15 16:47:20,944 - WARNING - Active Share Percent not available for -->  F00000NMLP
2021-06-15 16:47:26,051 - INFO - Detailes Scrapped Successfully for -->  F00000NMLP
2021-06-15 16:47:32,344 - INFO - Successfully Loaded URL -->  https://www.morningstar.co.uk/uk/funds/snapshot/snapshot.aspx?id=F00000NMLQ&tab=3
2021-06-15 16:47:45,534 - WARNING - Active Share Percent not available for -->  F00000NMLQ
2021-06-15 16:47:50,546 - INFO - Detailes Scrapped Successfully for -->  F00000NMLQ
2021-06-15 16:47:58,383 - INFO - Successfully Loaded URL -->  https://www.morningstar.co.uk/uk/funds/snapshot/snapshot.aspx?id=F00000OQRR&tab=3
2021-06-15 16:48:11,479 - WARNING - Active Share Percent not available for -->  F00000OQRR
2021-06-15 16:48:16,576 - INFO - Detailes Scrapped Successfully for -->  F00000OQRR
2021-06-15 16:48:23,085 - INFO - Successfully Loaded URL -->  https://www.morningstar.co.uk/uk/funds/snapshot/snapshot.aspx?id=F00000NMLO&tab=3
2021-06-15 16:48:39,514 - WARNING - Active Share Percent not available for -->  F00000NMLO
2021-06-15 16:48:44,673 - INFO - Detailes Scrapped Successfully for -->  F00000NMLO
2021-06-15 16:48:52,066 - INFO - Successfully Loaded URL -->  https://www.morningstar.co.uk/uk/funds/snapshot/snapshot.aspx?id=F00000QDUF&tab=3
2021-06-15 16:49:05,342 - WARNING - Active Share Percent not available for -->  F00000QDUF
2021-06-15 16:49:10,402 - INFO - Detailes Scrapped Successfully for -->  F00000QDUF
2021-06-15 16:49:18,868 - INFO - Successfully Loaded URL -->  https://www.morningstar.co.uk/uk/funds/snapshot/snapshot.aspx?id=F0000101BR&tab=3
2021-06-15 16:49:33,975 - INFO - Detailes Scrapped Successfully for -->  F0000101BR
2021-06-15 16:49:40,696 - INFO - Successfully Loaded URL -->  https://www.morningstar.co.uk/uk/funds/snapshot/snapshot.aspx?id=F00000QDUX&tab=3
2021-06-15 16:49:57,308 - INFO - Detailes Scrapped Successfully for -->  F00000QDUX
2021-06-15 16:50:04,873 - INFO - Successfully Loaded URL -->  https://www.morningstar.co.uk/uk/funds/snapshot/snapshot.aspx?id=F000010ZZS&tab=3
2021-06-15 16:50:18,954 - WARNING - Active Share Percent not available for -->  F000010ZZS
2021-06-15 16:50:24,275 - INFO - Detailes Scrapped Successfully for -->  F000010ZZS
2021-06-15 16:50:33,834 - INFO - Successfully Loaded URL -->  https://www.morningstar.co.uk/uk/funds/snapshot/snapshot.aspx?id=F000010ZZZ&tab=3
2021-06-15 16:50:47,154 - WARNING - Active Share Percent not available for -->  F000010ZZZ
2021-06-15 16:50:52,310 - INFO - Detailes Scrapped Successfully for -->  F000010ZZZ
2021-06-15 16:51:00,401 - INFO - Successfully Loaded URL -->  https://www.morningstar.co.uk/uk/funds/snapshot/snapshot.aspx?id=F000011007&tab=3
2021-06-15 16:51:13,551 - WARNING - Active Share Percent not available for -->  F000011007
2021-06-15 16:51:18,662 - INFO - Detailes Scrapped Successfully for -->  F000011007
2021-06-15 16:51:26,624 - INFO - Successfully Loaded URL -->  https://www.morningstar.co.uk/uk/funds/snapshot/snapshot.aspx?id=F00001100A&tab=3
2021-06-15 16:51:39,868 - WARNING - Active Share Percent not available for -->  F00001100A
2021-06-15 16:51:45,004 - INFO - Detailes Scrapped Successfully for -->  F00001100A
2021-06-15 16:51:54,025 - INFO - Successfully Loaded URL -->  https://www.morningstar.co.uk/uk/funds/snapshot/snapshot.aspx?id=F0GBR069TA&tab=3
2021-06-15 16:52:07,700 - WARNING - Active Share Percent not available for -->  F0GBR069TA
2021-06-15 16:52:12,761 - INFO - Detailes Scrapped Successfully for -->  F0GBR069TA
2021-06-15 16:52:19,727 - INFO - Successfully Loaded URL -->  https://www.morningstar.co.uk/uk/funds/snapshot/snapshot.aspx?id=F00000ZW57&tab=3
2021-06-15 16:52:33,076 - WARNING - Active Share Percent not available for -->  F00000ZW57
2021-06-15 16:52:38,107 - INFO - Detailes Scrapped Successfully for -->  F00000ZW57
2021-06-15 16:52:45,441 - INFO - Successfully Loaded URL -->  https://www.morningstar.co.uk/uk/funds/snapshot/snapshot.aspx?id=F0GBR04OI3&tab=3
2021-06-15 16:52:58,607 - WARNING - Active Share Percent not available for -->  F0GBR04OI3
2021-06-15 16:53:03,780 - INFO - Detailes Scrapped Successfully for -->  F0GBR04OI3
2021-06-15 16:53:11,560 - INFO - Successfully Loaded URL -->  https://www.morningstar.co.uk/uk/funds/snapshot/snapshot.aspx?id=F0GBR04OYK&tab=3
2021-06-15 16:53:25,068 - WARNING - Active Share Percent not available for -->  F0GBR04OYK
2021-06-15 16:53:30,315 - INFO - Detailes Scrapped Successfully for -->  F0GBR04OYK
2021-06-15 16:53:37,288 - INFO - Successfully Loaded URL -->  https://www.morningstar.co.uk/uk/funds/snapshot/snapshot.aspx?id=F0GBR04OI1&tab=3
2021-06-15 16:53:50,813 - WARNING - Active Share Percent not available for -->  F0GBR04OI1
2021-06-15 16:53:56,003 - INFO - Detailes Scrapped Successfully for -->  F0GBR04OI1
2021-06-15 16:54:03,739 - INFO - Successfully Loaded URL -->  https://www.morningstar.co.uk/uk/funds/snapshot/snapshot.aspx?id=F00000THZB&tab=3
2021-06-15 16:54:17,301 - WARNING - Active Share Percent not available for -->  F00000THZB
2021-06-15 16:54:22,326 - INFO - Detailes Scrapped Successfully for -->  F00000THZB
2021-06-15 16:54:29,592 - INFO - Successfully Loaded URL -->  https://www.morningstar.co.uk/uk/funds/snapshot/snapshot.aspx?id=F00000ZX4O&tab=3
2021-06-15 16:54:42,687 - WARNING - Active Share Percent not available for -->  F00000ZX4O
2021-06-15 16:54:47,726 - INFO - Detailes Scrapped Successfully for -->  F00000ZX4O
2021-06-15 16:54:55,297 - INFO - Successfully Loaded URL -->  https://www.morningstar.co.uk/uk/funds/snapshot/snapshot.aspx?id=F00000LO66&tab=3
2021-06-15 16:55:08,365 - WARNING - Active Share Percent not available for -->  F00000LO66
2021-06-15 16:55:13,076 - INFO - Detailes Scrapped Successfully for -->  F00000LO66
2021-06-15 16:55:20,252 - INFO - Successfully Loaded URL -->  https://www.morningstar.co.uk/uk/funds/snapshot/snapshot.aspx?id=F00000PSNM&tab=3
2021-06-15 16:55:33,354 - WARNING - Active Share Percent not available for -->  F00000PSNM
2021-06-15 16:55:38,064 - INFO - Detailes Scrapped Successfully for -->  F00000PSNM
2021-06-15 16:55:48,176 - INFO - Successfully Loaded URL -->  https://www.morningstar.co.uk/uk/funds/snapshot/snapshot.aspx?id=F00000WP9R&tab=3
2021-06-15 16:56:01,199 - WARNING - Active Share Percent not available for -->  F00000WP9R
2021-06-15 16:56:05,933 - INFO - Detailes Scrapped Successfully for -->  F00000WP9R
2021-06-15 16:56:12,645 - INFO - Successfully Loaded URL -->  https://www.morningstar.co.uk/uk/funds/snapshot/snapshot.aspx?id=F000010808&tab=3
2021-06-15 16:56:25,513 - WARNING - Active Share Percent not available for -->  F000010808
2021-06-15 16:56:30,241 - INFO - Detailes Scrapped Successfully for -->  F000010808
2021-06-15 16:56:37,530 - INFO - Successfully Loaded URL -->  https://www.morningstar.co.uk/uk/funds/snapshot/snapshot.aspx?id=F00000XN2Z&tab=3
2021-06-15 16:56:50,461 - WARNING - Active Share Percent not available for -->  F00000XN2Z
2021-06-15 16:56:55,218 - INFO - Detailes Scrapped Successfully for -->  F00000XN2Z
2021-06-15 16:57:02,706 - INFO - Successfully Loaded URL -->  https://www.morningstar.co.uk/uk/funds/snapshot/snapshot.aspx?id=F00000W222&tab=3
2021-06-15 16:57:15,843 - WARNING - Active Share Percent not available for -->  F00000W222
2021-06-15 16:57:20,593 - INFO - Detailes Scrapped Successfully for -->  F00000W222
2021-06-15 16:57:27,879 - INFO - Successfully Loaded URL -->  https://www.morningstar.co.uk/uk/funds/snapshot/snapshot.aspx?id=F00000YN8W&tab=3
2021-06-15 16:57:40,875 - WARNING - Active Share Percent not available for -->  F00000YN8W
2021-06-15 16:57:45,585 - INFO - Detailes Scrapped Successfully for -->  F00000YN8W
2021-06-15 16:57:52,048 - INFO - Successfully Loaded URL -->  https://www.morningstar.co.uk/uk/funds/snapshot/snapshot.aspx?id=F00000YN2U&tab=3
2021-06-15 16:58:04,853 - WARNING - Active Share Percent not available for -->  F00000YN2U
2021-06-15 16:58:09,629 - INFO - Detailes Scrapped Successfully for -->  F00000YN2U
2021-06-15 16:58:16,195 - INFO - Successfully Loaded URL -->  https://www.morningstar.co.uk/uk/funds/snapshot/snapshot.aspx?id=F000010A4Q&tab=3
2021-06-15 16:58:29,243 - WARNING - Active Share Percent not available for -->  F000010A4Q
2021-06-15 16:58:34,419 - INFO - Detailes Scrapped Successfully for -->  F000010A4Q
2021-06-15 16:58:42,196 - INFO - Successfully Loaded URL -->  https://www.morningstar.co.uk/uk/funds/snapshot/snapshot.aspx?id=F000010A4P&tab=3
2021-06-15 16:58:55,438 - WARNING - Active Share Percent not available for -->  F000010A4P
2021-06-15 16:59:00,437 - INFO - Detailes Scrapped Successfully for -->  F000010A4P
2021-06-15 16:59:08,299 - INFO - Successfully Loaded URL -->  https://www.morningstar.co.uk/uk/funds/snapshot/snapshot.aspx?id=F000010A4S&tab=3
2021-06-15 16:59:21,317 - WARNING - Active Share Percent not available for -->  F000010A4S
2021-06-15 16:59:26,355 - INFO - Detailes Scrapped Successfully for -->  F000010A4S
2021-06-15 16:59:34,937 - INFO - Successfully Loaded URL -->  https://www.morningstar.co.uk/uk/funds/snapshot/snapshot.aspx?id=F00000WL6H&tab=3
2021-06-15 16:59:51,359 - INFO - Detailes Scrapped Successfully for -->  F00000WL6H
2021-06-15 16:59:58,753 - INFO - Successfully Loaded URL -->  https://www.morningstar.co.uk/uk/funds/snapshot/snapshot.aspx?id=F00000WL6I&tab=3
2021-06-15 17:00:19,369 - INFO - Detailes Scrapped Successfully for -->  F00000WL6I
2021-06-15 17:00:28,195 - INFO - Successfully Loaded URL -->  https://www.morningstar.co.uk/uk/funds/snapshot/snapshot.aspx?id=F000010BFA&tab=3
2021-06-15 17:00:44,311 - INFO - Detailes Scrapped Successfully for -->  F000010BFA
2021-06-15 17:00:52,792 - INFO - Successfully Loaded URL -->  https://www.morningstar.co.uk/uk/funds/snapshot/snapshot.aspx?id=F00000WL6R&tab=3
2021-06-15 17:01:08,319 - INFO - Detailes Scrapped Successfully for -->  F00000WL6R
2021-06-15 17:01:17,097 - INFO - Successfully Loaded URL -->  https://www.morningstar.co.uk/uk/funds/snapshot/snapshot.aspx?id=F00000WL6S&tab=3
2021-06-15 17:01:32,838 - INFO - Detailes Scrapped Successfully for -->  F00000WL6S
2021-06-15 17:01:40,642 - INFO - Successfully Loaded URL -->  https://www.morningstar.co.uk/uk/funds/snapshot/snapshot.aspx?id=F0GBR04R6M&tab=3
2021-06-15 17:01:54,385 - WARNING - Active Share Percent not available for -->  F0GBR04R6M
2021-06-15 17:01:59,695 - INFO - Detailes Scrapped Successfully for -->  F0GBR04R6M
2021-06-15 17:02:07,717 - INFO - Successfully Loaded URL -->  https://www.morningstar.co.uk/uk/funds/snapshot/snapshot.aspx?id=F0000100MY&tab=3
2021-06-15 17:02:20,960 - WARNING - Active Share Percent not available for -->  F0000100MY
2021-06-15 17:02:26,267 - INFO - Detailes Scrapped Successfully for -->  F0000100MY
2021-06-15 17:02:33,702 - INFO - Successfully Loaded URL -->  https://www.morningstar.co.uk/uk/funds/snapshot/snapshot.aspx?id=F00000ZC4G&tab=3
2021-06-15 17:02:46,747 - WARNING - Active Share Percent not available for -->  F00000ZC4G
2021-06-15 17:02:52,127 - INFO - Detailes Scrapped Successfully for -->  F00000ZC4G
2021-06-15 17:02:59,615 - INFO - Successfully Loaded URL -->  https://www.morningstar.co.uk/uk/funds/snapshot/snapshot.aspx?id=F00000ZC4H&tab=3
2021-06-15 17:03:13,039 - WARNING - Active Share Percent not available for -->  F00000ZC4H
2021-06-15 17:03:18,276 - INFO - Detailes Scrapped Successfully for -->  F00000ZC4H
2021-06-15 17:03:24,915 - INFO - Successfully Loaded URL -->  https://www.morningstar.co.uk/uk/funds/snapshot/snapshot.aspx?id=F00000VCT5&tab=3
2021-06-15 17:03:39,389 - INFO - Detailes Scrapped Successfully for -->  F00000VCT5
2021-06-15 17:03:45,779 - INFO - Successfully Loaded URL -->  https://www.morningstar.co.uk/uk/funds/snapshot/snapshot.aspx?id=F00000VC0N&tab=3
2021-06-15 17:04:00,174 - INFO - Detailes Scrapped Successfully for -->  F00000VC0N
2021-06-15 17:04:07,659 - INFO - Successfully Loaded URL -->  https://www.morningstar.co.uk/uk/funds/snapshot/snapshot.aspx?id=F00000VC0O&tab=3
2021-06-15 17:04:22,296 - INFO - Detailes Scrapped Successfully for -->  F00000VC0O
2021-06-15 17:04:29,675 - INFO - Successfully Loaded URL -->  https://www.morningstar.co.uk/uk/funds/snapshot/snapshot.aspx?id=F00000NPGA&tab=3
2021-06-15 17:04:44,194 - INFO - Detailes Scrapped Successfully for -->  F00000NPGA
2021-06-15 17:04:50,675 - INFO - Successfully Loaded URL -->  https://www.morningstar.co.uk/uk/funds/snapshot/snapshot.aspx?id=F00000NPG8&tab=3
2021-06-15 17:05:05,000 - INFO - Detailes Scrapped Successfully for -->  F00000NPG8
2021-06-15 17:05:12,814 - INFO - Successfully Loaded URL -->  https://www.morningstar.co.uk/uk/funds/snapshot/snapshot.aspx?id=F0000102PG&tab=3
2021-06-15 17:05:27,179 - INFO - Detailes Scrapped Successfully for -->  F0000102PG
2021-06-15 17:05:33,532 - INFO - Successfully Loaded URL -->  https://www.morningstar.co.uk/uk/funds/snapshot/snapshot.aspx?id=F00000NPL6&tab=3
2021-06-15 17:05:47,784 - INFO - Detailes Scrapped Successfully for -->  F00000NPL6
2021-06-15 17:05:55,266 - INFO - Successfully Loaded URL -->  https://www.morningstar.co.uk/uk/funds/snapshot/snapshot.aspx?id=F00000NPL7&tab=3
2021-06-15 17:19:36,477 - INFO - Detailes Scrapped Successfully for -->  F00000NPL7
2021-06-15 17:19:46,766 - WARNING - Unable to Load URL for -->  https://www.morningstar.co.uk/uk/funds/snapshot/snapshot.aspx?id=F00000PQUA&tab=3
2021-06-15 17:19:50,806 - INFO - No Dialog to Handle
2021-06-15 17:19:58,922 - WARNING - Unable to Load URL for -->  https://www.morningstar.co.uk/uk/funds/snapshot/snapshot.aspx?id=F00000PQUA&tab=3
2021-06-15 17:19:58,922 - INFO - No Dialog to handle for ---> F00000PQUA
2021-06-15 17:20:08,998 - WARNING - Unable to Load URL for -->  https://www.morningstar.co.uk/uk/funds/snapshot/snapshot.aspx?id=F00000PQUA&tab=3
2021-06-15 17:20:13,024 - INFO - No Dialog to handle for ---> F00000PQUA
2021-06-15 17:20:21,088 - CRITICAL - Issue with URL, Cannot Switch to Iframe Portfolio --> F00000PQUA
2021-06-15 17:20:21,109 - WARNING - Unable to Load URL for -->  https://www.morningstar.co.uk/uk/funds/snapshot/snapshot.aspx?id=F00000PNTP&tab=3
2021-06-15 17:20:25,114 - INFO - No Dialog to Handle
2021-06-15 17:20:39,213 - WARNING - Unable to Load URL for -->  https://www.morningstar.co.uk/uk/funds/snapshot/snapshot.aspx?id=F00000PNTP&tab=3
2021-06-15 17:20:39,213 - INFO - No Dialog to handle for ---> F00000PNTP
2021-06-15 17:20:43,257 - WARNING - Unable to Load URL for -->  https://www.morningstar.co.uk/uk/funds/snapshot/snapshot.aspx?id=F00000PNTP&tab=3
2021-06-15 17:20:47,274 - INFO - No Dialog to handle for ---> F00000PNTP
2021-06-15 17:20:55,384 - CRITICAL - Issue with URL, Cannot Switch to Iframe Portfolio --> F00000PNTP
2021-06-15 17:21:01,407 - WARNING - Unable to Load URL for -->  https://www.morningstar.co.uk/uk/funds/snapshot/snapshot.aspx?id=F00000T50I&tab=3
2021-06-15 17:21:05,472 - INFO - No Dialog to Handle
2021-06-15 17:21:15,637 - WARNING - Unable to Load URL for -->  https://www.morningstar.co.uk/uk/funds/snapshot/snapshot.aspx?id=F00000T50I&tab=3
2021-06-15 17:21:15,637 - INFO - No Dialog to handle for ---> F00000T50I
2021-06-15 17:21:25,686 - WARNING - Unable to Load URL for -->  https://www.morningstar.co.uk/uk/funds/snapshot/snapshot.aspx?id=F00000T50I&tab=3
2021-06-15 17:21:29,716 - INFO - No Dialog to handle for ---> F00000T50I
2021-06-15 17:21:37,769 - CRITICAL - Issue with URL, Cannot Switch to Iframe Portfolio --> F00000T50I
2021-06-15 17:21:37,784 - WARNING - Unable to Load URL for -->  https://www.morningstar.co.uk/uk/funds/snapshot/snapshot.aspx?id=F00000MJJH&tab=3
2021-06-15 17:21:41,806 - INFO - No Dialog to Handle
2021-06-15 17:21:55,919 - WARNING - Unable to Load URL for -->  https://www.morningstar.co.uk/uk/funds/snapshot/snapshot.aspx?id=F00000MJJH&tab=3
2021-06-15 17:21:55,919 - INFO - No Dialog to handle for ---> F00000MJJH
2021-06-15 17:22:00,988 - WARNING - Unable to Load URL for -->  https://www.morningstar.co.uk/uk/funds/snapshot/snapshot.aspx?id=F00000MJJH&tab=3
2021-06-15 17:22:05,008 - INFO - No Dialog to handle for ---> F00000MJJH
2021-06-15 17:22:13,086 - CRITICAL - Issue with URL, Cannot Switch to Iframe Portfolio --> F00000MJJH
2021-06-15 17:22:19,123 - WARNING - Unable to Load URL for -->  https://www.morningstar.co.uk/uk/funds/snapshot/snapshot.aspx?id=F00000U49J&tab=3
2021-06-15 17:22:23,197 - INFO - No Dialog to Handle
2021-06-15 17:22:37,259 - WARNING - Unable to Load URL for -->  https://www.morningstar.co.uk/uk/funds/snapshot/snapshot.aspx?id=F00000U49J&tab=3
2021-06-15 17:22:37,259 - INFO - No Dialog to handle for ---> F00000U49J
2021-06-15 17:22:41,334 - WARNING - Unable to Load URL for -->  https://www.morningstar.co.uk/uk/funds/snapshot/snapshot.aspx?id=F00000U49J&tab=3
2021-06-15 17:22:45,413 - INFO - No Dialog to handle for ---> F00000U49J
2021-06-15 17:22:53,529 - CRITICAL - Issue with URL, Cannot Switch to Iframe Portfolio --> F00000U49J
2021-06-15 17:22:59,555 - WARNING - Unable to Load URL for -->  https://www.morningstar.co.uk/uk/funds/snapshot/snapshot.aspx?id=F00000O6RX&tab=3
2021-06-15 17:23:03,563 - INFO - No Dialog to Handle
2021-06-15 17:23:22,692 - WARNING - Unable to Load URL for -->  https://www.morningstar.co.uk/uk/funds/snapshot/snapshot.aspx?id=F00000O6RX&tab=3
2021-06-15 17:23:22,693 - INFO - No Dialog to handle for ---> F00000O6RX
2021-06-15 17:23:26,739 - WARNING - Unable to Load URL for -->  https://www.morningstar.co.uk/uk/funds/snapshot/snapshot.aspx?id=F00000O6RX&tab=3
2021-06-15 17:23:30,746 - INFO - No Dialog to handle for ---> F00000O6RX
2021-06-15 17:23:38,834 - CRITICAL - Issue with URL, Cannot Switch to Iframe Portfolio --> F00000O6RX
2021-06-15 17:23:38,855 - WARNING - Unable to Load URL for -->  https://www.morningstar.co.uk/uk/funds/snapshot/snapshot.aspx?id=F00000UQN7&tab=3
2021-06-15 17:23:42,910 - INFO - No Dialog to Handle
2021-06-15 17:23:50,992 - WARNING - Unable to Load URL for -->  https://www.morningstar.co.uk/uk/funds/snapshot/snapshot.aspx?id=F00000UQN7&tab=3
2021-06-15 17:23:50,992 - INFO - No Dialog to handle for ---> F00000UQN7
2021-06-15 17:24:02,084 - WARNING - Unable to Load URL for -->  https://www.morningstar.co.uk/uk/funds/snapshot/snapshot.aspx?id=F00000UQN7&tab=3
2021-06-15 17:24:06,101 - INFO - No Dialog to handle for ---> F00000UQN7
2021-06-15 17:24:14,170 - CRITICAL - Issue with URL, Cannot Switch to Iframe Portfolio --> F00000UQN7
2021-06-15 17:24:14,188 - WARNING - Unable to Load URL for -->  https://www.morningstar.co.uk/uk/funds/snapshot/snapshot.aspx?id=F00000TF54&tab=3
2021-06-15 17:24:18,204 - INFO - No Dialog to Handle
2021-06-15 17:24:26,842 - WARNING - Unable to Load URL for -->  https://www.morningstar.co.uk/uk/funds/snapshot/snapshot.aspx?id=F00000TF54&tab=3
2021-06-15 17:24:26,842 - INFO - No Dialog to handle for ---> F00000TF54
2021-06-15 17:24:36,961 - WARNING - Unable to Load URL for -->  https://www.morningstar.co.uk/uk/funds/snapshot/snapshot.aspx?id=F00000TF54&tab=3
2021-06-15 17:24:40,972 - INFO - No Dialog to handle for ---> F00000TF54
2021-06-15 17:24:49,047 - CRITICAL - Issue with URL, Cannot Switch to Iframe Portfolio --> F00000TF54
2021-06-15 17:24:55,067 - WARNING - Unable to Load URL for -->  https://www.morningstar.co.uk/uk/funds/snapshot/snapshot.aspx?id=F00000UQN9&tab=3
2021-06-15 17:24:59,092 - INFO - No Dialog to Handle
2021-06-15 17:25:07,149 - WARNING - Unable to Load URL for -->  https://www.morningstar.co.uk/uk/funds/snapshot/snapshot.aspx?id=F00000UQN9&tab=3
2021-06-15 17:25:07,149 - INFO - No Dialog to handle for ---> F00000UQN9
2021-06-15 17:25:11,218 - WARNING - Unable to Load URL for -->  https://www.morningstar.co.uk/uk/funds/snapshot/snapshot.aspx?id=F00000UQN9&tab=3
2021-06-15 17:25:15,274 - INFO - No Dialog to handle for ---> F00000UQN9
2021-06-15 17:25:23,371 - CRITICAL - Issue with URL, Cannot Switch to Iframe Portfolio --> F00000UQN9
2021-06-15 17:25:23,393 - WARNING - Unable to Load URL for -->  https://www.morningstar.co.uk/uk/funds/snapshot/snapshot.aspx?id=FOGBR05JLL&tab=3
2021-06-15 17:25:27,437 - INFO - No Dialog to Handle
2021-06-15 17:25:35,552 - WARNING - Unable to Load URL for -->  https://www.morningstar.co.uk/uk/funds/snapshot/snapshot.aspx?id=FOGBR05JLL&tab=3
2021-06-15 17:25:35,552 - INFO - No Dialog to handle for ---> FOGBR05JLL
2021-06-15 17:25:46,702 - INFO - Successfully Loaded URL -->  https://www.morningstar.co.uk/uk/funds/snapshot/snapshot.aspx?id=FOGBR05JLL&tab=3
2021-06-15 17:25:50,723 - INFO - No Dialog to handle for ---> FOGBR05JLL
2021-06-15 17:25:58,835 - CRITICAL - Issue with URL, Cannot Switch to Iframe Portfolio --> FOGBR05JLL
2021-06-15 17:26:03,178 - INFO - Successfully Loaded URL -->  https://www.morningstar.co.uk/uk/funds/snapshot/snapshot.aspx?id=F000001AE6&tab=3
2021-06-15 17:26:07,237 - INFO - No Dialog to Handle
2021-06-15 17:26:15,453 - WARNING - Unable to Load URL for -->  https://www.morningstar.co.uk/uk/funds/snapshot/snapshot.aspx?id=F000001AE6&tab=3
2021-06-15 17:26:15,453 - INFO - No Dialog to handle for ---> F000001AE6
2021-06-15 17:26:34,066 - INFO - Successfully Loaded URL -->  https://www.morningstar.co.uk/uk/funds/snapshot/snapshot.aspx?id=F000001AE6&tab=3
2021-06-15 17:26:38,128 - INFO - No Dialog to handle for ---> F000001AE6
