root - INFO - Successfully Loaded URL -->  https://www.morningstar.co.uk/uk/funds/snapshot/snapshot.aspx?id=F0GBR06U39&tab=3
root - WARNING - Active Share Percent not available for -->  F0GBR06U39
root - INFO - Detailes Scrapped Successfully for -->  F0GBR06U39
root - INFO - Successfully Loaded URL -->  https://www.morningstar.co.uk/uk/funds/snapshot/snapshot.aspx?id=F00000271D&tab=3
root - WARNING - Active Share Percent not available for -->  F00000271D
root - INFO - Detailes Scrapped Successfully for -->  F00000271D
root - INFO - Successfully Loaded URL -->  https://www.morningstar.co.uk/uk/funds/snapshot/snapshot.aspx?id=F00000MBOY&tab=3
root - INFO - Detailes Scrapped Successfully for -->  F00000MBOY
root - INFO - Successfully Loaded URL -->  https://www.morningstar.co.uk/uk/funds/snapshot/snapshot.aspx?id=F00000MJU1&tab=3
root - INFO - Detailes Scrapped Successfully for -->  F00000MJU1
root - INFO - Successfully Loaded URL -->  https://www.morningstar.co.uk/uk/funds/snapshot/snapshot.aspx?id=F00000MJTZ&tab=3
root - INFO - Detailes Scrapped Successfully for -->  F00000MJTZ
root - INFO - Successfully Loaded URL -->  https://www.morningstar.co.uk/uk/funds/snapshot/snapshot.aspx?id=F000014XX1&tab=3
root - INFO - Detailes Scrapped Successfully for -->  F000014XX1
root - INFO - Successfully Loaded URL -->  https://www.morningstar.co.uk/uk/funds/snapshot/snapshot.aspx?id=F000003U77&tab=3
root - INFO - Detailes Scrapped Successfully for -->  F000003U77
root - INFO - Successfully Loaded URL -->  https://www.morningstar.co.uk/uk/funds/snapshot/snapshot.aspx?id=F0GBR04FG6&tab=3
root - INFO - Detailes Scrapped Successfully for -->  F0GBR04FG6
root - INFO - Successfully Loaded URL -->  https://www.morningstar.co.uk/uk/funds/snapshot/snapshot.aspx?id=F0GBR06KDH&tab=3
root - INFO - Detailes Scrapped Successfully for -->  F0GBR06KDH
root - INFO - Successfully Loaded URL -->  https://www.morningstar.co.uk/uk/funds/snapshot/snapshot.aspx?id=F0GBR06KDN&tab=3
root - INFO - Detailes Scrapped Successfully for -->  F0GBR06KDN
root - INFO - Successfully Loaded URL -->  https://www.morningstar.co.uk/uk/funds/snapshot/snapshot.aspx?id=F000014XWZ&tab=3
root - INFO - Detailes Scrapped Successfully for -->  F000014XWZ
root - INFO - Successfully Loaded URL -->  https://www.morningstar.co.uk/uk/funds/snapshot/snapshot.aspx?id=F00000O7HQ&tab=3
root - INFO - Detailes Scrapped Successfully for -->  F00000O7HQ
root - INFO - Successfully Loaded URL -->  https://www.morningstar.co.uk/uk/funds/snapshot/snapshot.aspx?id=F0GBR04C7X&tab=3
root - INFO - Detailes Scrapped Successfully for -->  F0GBR04C7X
root - INFO - Successfully Loaded URL -->  https://www.morningstar.co.uk/uk/funds/snapshot/snapshot.aspx?id=F000014XXB&tab=3
root - INFO - Detailes Scrapped Successfully for -->  F000014XXB
root - INFO - Successfully Loaded URL -->  https://www.morningstar.co.uk/uk/funds/snapshot/snapshot.aspx?id=F00000NKOC&tab=3
root - INFO - Detailes Scrapped Successfully for -->  F00000NKOC
root - INFO - Successfully Loaded URL -->  https://www.morningstar.co.uk/uk/funds/snapshot/snapshot.aspx?id=F0GBR04SCW&tab=3
root - INFO - Detailes Scrapped Successfully for -->  F0GBR04SCW
root - INFO - Successfully Loaded URL -->  https://www.morningstar.co.uk/uk/funds/snapshot/snapshot.aspx?id=F000014XXD&tab=3
root - INFO - Detailes Scrapped Successfully for -->  F000014XXD
root - INFO - Successfully Loaded URL -->  https://www.morningstar.co.uk/uk/funds/snapshot/snapshot.aspx?id=F000003U7B&tab=3
root - INFO - Detailes Scrapped Successfully for -->  F000003U7B
root - INFO - Successfully Loaded URL -->  https://www.morningstar.co.uk/uk/funds/snapshot/snapshot.aspx?id=F0GBR04E9A&tab=3
root - INFO - Detailes Scrapped Successfully for -->  F0GBR04E9A
root - INFO - Successfully Loaded URL -->  https://www.morningstar.co.uk/uk/funds/snapshot/snapshot.aspx?id=F00000UMAF&tab=3
root - WARNING - Active Share Percent not available for -->  F00000UMAF
root - INFO - Detailes Scrapped Successfully for -->  F00000UMAF
root - INFO - Successfully Loaded URL -->  https://www.morningstar.co.uk/uk/funds/snapshot/snapshot.aspx?id=F00000UMAI&tab=3
root - WARNING - Active Share Percent not available for -->  F00000UMAI
root - INFO - Detailes Scrapped Successfully for -->  F00000UMAI
root - INFO - Successfully Loaded URL -->  https://www.morningstar.co.uk/uk/funds/snapshot/snapshot.aspx?id=F00000Y8YN&tab=3
root - WARNING - Active Share Percent not available for -->  F00000Y8YN
root - INFO - Detailes Scrapped Successfully for -->  F00000Y8YN
root - INFO - Successfully Loaded URL -->  https://www.morningstar.co.uk/uk/funds/snapshot/snapshot.aspx?id=F00000UMAO&tab=3
root - WARNING - Active Share Percent not available for -->  F00000UMAO
root - INFO - Detailes Scrapped Successfully for -->  F00000UMAO
root - INFO - Successfully Loaded URL -->  https://www.morningstar.co.uk/uk/funds/snapshot/snapshot.aspx?id=F0GBR06HVF&tab=3
root - WARNING - Active Share Percent not available for -->  F0GBR06HVF
root - INFO - Detailes Scrapped Successfully for -->  F0GBR06HVF
root - INFO - Successfully Loaded URL -->  https://www.morningstar.co.uk/uk/funds/snapshot/snapshot.aspx?id=F00000P8DV&tab=3
root - WARNING - Active Share Percent not available for -->  F00000P8DV
root - INFO - Detailes Scrapped Successfully for -->  F00000P8DV
root - INFO - Successfully Loaded URL -->  https://www.morningstar.co.uk/uk/funds/snapshot/snapshot.aspx?id=F00000Y4J0&tab=3
root - WARNING - Active Share Percent not available for -->  F00000Y4J0
root - INFO - Detailes Scrapped Successfully for -->  F00000Y4J0
root - INFO - Successfully Loaded URL -->  https://www.morningstar.co.uk/uk/funds/snapshot/snapshot.aspx?id=F0GBR04RV2&tab=3
root - WARNING - Active Share Percent not available for -->  F0GBR04RV2
root - INFO - Detailes Scrapped Successfully for -->  F0GBR04RV2
root - INFO - Successfully Loaded URL -->  https://www.morningstar.co.uk/uk/funds/snapshot/snapshot.aspx?id=F00000J5DM&tab=3
root - WARNING - Active Share Percent not available for -->  F00000J5DM
root - INFO - Detailes Scrapped Successfully for -->  F00000J5DM
root - INFO - Successfully Loaded URL -->  https://www.morningstar.co.uk/uk/funds/snapshot/snapshot.aspx?id=F00000NRQ7&tab=3
root - WARNING - Active Share Percent not available for -->  F00000NRQ7
root - INFO - Detailes Scrapped Successfully for -->  F00000NRQ7
root - INFO - Successfully Loaded URL -->  https://www.morningstar.co.uk/uk/funds/snapshot/snapshot.aspx?id=F00000OOVI&tab=3
root - WARNING - Active Share Percent not available for -->  F00000OOVI
root - INFO - Detailes Scrapped Successfully for -->  F00000OOVI
root - INFO - Successfully Loaded URL -->  https://www.morningstar.co.uk/uk/funds/snapshot/snapshot.aspx?id=F00000J5DN&tab=3
root - WARNING - Active Share Percent not available for -->  F00000J5DN
root - INFO - Detailes Scrapped Successfully for -->  F00000J5DN
root - INFO - Successfully Loaded URL -->  https://www.morningstar.co.uk/uk/funds/snapshot/snapshot.aspx?id=F00000P6YC&tab=3
root - WARNING - Active Share Percent not available for -->  F00000P6YC
root - INFO - Detailes Scrapped Successfully for -->  F00000P6YC
root - INFO - Successfully Loaded URL -->  https://www.morningstar.co.uk/uk/funds/snapshot/snapshot.aspx?id=F00000XMNY&tab=3
root - WARNING - Active Share Percent not available for -->  F00000XMNY
root - INFO - Detailes Scrapped Successfully for -->  F00000XMNY
root - INFO - Successfully Loaded URL -->  https://www.morningstar.co.uk/uk/funds/snapshot/snapshot.aspx?id=F00000X3SE&tab=3
root - INFO - Detailes Scrapped Successfully for -->  F00000X3SE
root - INFO - Successfully Loaded URL -->  https://www.morningstar.co.uk/uk/funds/snapshot/snapshot.aspx?id=F0GBR04EAP&tab=3
root - INFO - Detailes Scrapped Successfully for -->  F0GBR04EAP
root - INFO - Successfully Loaded URL -->  https://www.morningstar.co.uk/uk/funds/snapshot/snapshot.aspx?id=F0GBR06N02&tab=3
root - INFO - Detailes Scrapped Successfully for -->  F0GBR06N02
root - INFO - Successfully Loaded URL -->  https://www.morningstar.co.uk/uk/funds/snapshot/snapshot.aspx?id=F00000Y4IY&tab=3
root - INFO - Detailes Scrapped Successfully for -->  F00000Y4IY
root - WARNING - Unable to Load URL for -->  https://www.morningstar.co.uk/uk/funds/snapshot/snapshot.aspx?id=F00000XURC&tab=3
root - INFO - Successfully Loaded URL -->  https://www.morningstar.co.uk/uk/funds/snapshot/snapshot.aspx?id=F00000XURC&tab=3
root - INFO - No Dialog to handle for ---> F00000XURC
root - INFO - Detailes Scrapped Successfully for -->  F00000XURC
root - INFO - Successfully Loaded URL -->  https://www.morningstar.co.uk/uk/funds/snapshot/snapshot.aspx?id=F0000040PB&tab=3
root - INFO - Detailes Scrapped Successfully for -->  F0000040PB
root - INFO - Successfully Loaded URL -->  https://www.morningstar.co.uk/uk/funds/snapshot/snapshot.aspx?id=F00000S7PM&tab=3
root - INFO - Detailes Scrapped Successfully for -->  F00000S7PM
root - INFO - Successfully Loaded URL -->  https://www.morningstar.co.uk/uk/funds/snapshot/snapshot.aspx?id=F00000XMNZ&tab=3
root - INFO - Detailes Scrapped Successfully for -->  F00000XMNZ
root - INFO - Successfully Loaded URL -->  https://www.morningstar.co.uk/uk/funds/snapshot/snapshot.aspx?id=F00000WRZN&tab=3
root - INFO - Detailes Scrapped Successfully for -->  F00000WRZN
root - INFO - Successfully Loaded URL -->  https://www.morningstar.co.uk/uk/funds/snapshot/snapshot.aspx?id=F0GBR04RW7&tab=3
root - INFO - Detailes Scrapped Successfully for -->  F0GBR04RW7
root - INFO - Successfully Loaded URL -->  https://www.morningstar.co.uk/uk/funds/snapshot/snapshot.aspx?id=F00000OPTX&tab=3
root - INFO - Detailes Scrapped Successfully for -->  F00000OPTX
root - INFO - Successfully Loaded URL -->  https://www.morningstar.co.uk/uk/funds/snapshot/snapshot.aspx?id=F0GBR04RW5&tab=3
root - INFO - Detailes Scrapped Successfully for -->  F0GBR04RW5
root - INFO - Successfully Loaded URL -->  https://www.morningstar.co.uk/uk/funds/snapshot/snapshot.aspx?id=F0GBR04RVX&tab=3
root - INFO - Detailes Scrapped Successfully for -->  F0GBR04RVX
root - INFO - Successfully Loaded URL -->  https://www.morningstar.co.uk/uk/funds/snapshot/snapshot.aspx?id=F00000OPTM&tab=3
root - INFO - Detailes Scrapped Successfully for -->  F00000OPTM
root - INFO - Successfully Loaded URL -->  https://www.morningstar.co.uk/uk/funds/snapshot/snapshot.aspx?id=F0GBR04RV1&tab=3
root - INFO - Detailes Scrapped Successfully for -->  F0GBR04RV1
root - INFO - Successfully Loaded URL -->  https://www.morningstar.co.uk/uk/funds/snapshot/snapshot.aspx?id=F0GBR04RYY&tab=3
root - INFO - Detailes Scrapped Successfully for -->  F0GBR04RYY
root - INFO - Successfully Loaded URL -->  https://www.morningstar.co.uk/uk/funds/snapshot/snapshot.aspx?id=F00000OPTN&tab=3
root - INFO - Detailes Scrapped Successfully for -->  F00000OPTN
root - INFO - Successfully Loaded URL -->  https://www.morningstar.co.uk/uk/funds/snapshot/snapshot.aspx?id=F0GBR04RYX&tab=3
root - INFO - Detailes Scrapped Successfully for -->  F0GBR04RYX
root - INFO - Successfully Loaded URL -->  https://www.morningstar.co.uk/uk/funds/snapshot/snapshot.aspx?id=F0GBR04RW2&tab=3
root - INFO - Detailes Scrapped Successfully for -->  F0GBR04RW2
root - INFO - Successfully Loaded URL -->  https://www.morningstar.co.uk/uk/funds/snapshot/snapshot.aspx?id=F00000Q8RZ&tab=3
root - INFO - Detailes Scrapped Successfully for -->  F00000Q8RZ
root - INFO - Successfully Loaded URL -->  https://www.morningstar.co.uk/uk/funds/snapshot/snapshot.aspx?id=F00000OPTU&tab=3
root - INFO - Detailes Scrapped Successfully for -->  F00000OPTU
root - INFO - Successfully Loaded URL -->  https://www.morningstar.co.uk/uk/funds/snapshot/snapshot.aspx?id=F0GBR04RVY&tab=3
